#
# A fatal error has been detected by the Java Runtime Environment:
#
#  EXCEPTION_ACCESS_VIOLATION (0xc0000005) at pc=0x0000000000000001, pid=10264, tid=6160
#
# JRE version: OpenJDK Runtime Environment (19.0.1+10) (build 19.0.1+10-21)
# Java VM: OpenJDK 64-Bit Server VM (19.0.1+10-21, mixed mode, sharing, tiered, compressed oops, compressed class ptrs, g1 gc, windows-amd64)
# Problematic frame:
# C  0x0000000000000001
#
# No core dump will be written. Minidumps are not enabled by default on client versions of Windows
#
# If you would like to submit a bug report, please visit:
#   https://bugreport.java.com/bugreport/crash.jsp
#

---------------  S U M M A R Y ------------

Command Line: -ea -XX:+ShowCodeDetailsInExceptionMessages -Dspring.jmx.enabled=true -Dmanagement.endpoints.jmx.exposure.include=* -Dspring.application.admin.enabled=true -Dspring.boot.project.name=camundaTest -Djava.rmi.server.hostname=localhost -Dfile.encoding=UTF-8 org.eclipse.jdt.internal.junit.runner.RemoteTestRunner -version 3 -port 59954 -testLoaderClass org.eclipse.jdt.internal.junit4.runner.JUnit4TestLoader -loaderpluginname org.eclipse.jdt.junit4.runtime -test com.example.workflow.WorkflowTest:shouldParseXmlFromRest

Host: AMD Ryzen 9 7950X 16-Core Processor            , 32 cores, 31G,  Windows 11 , 64 bit Build 22621 (10.0.22621.1105)
Time: Wed Jan 11 17:13:43 2023 Stredoeurópsky 4 bit Build 22621 (10.0.22621.1105) elapsed time: 4.576221 seconds (0d 0h 0m 4s)

---------------  T H R E A D  ---------------

Current thread (0x0000027cd10b1950):  WorkerThread "GC Thread#16" [stack: 0x000000bfaa000000,0x000000bfaa100000] [id=6160]

Stack: [0x000000bfaa000000,0x000000bfaa100000],  sp=0x000000bfaa0ff388,  free space=1020k
Native frames: (J=compiled Java code, j=interpreted, Vv=VM code, C=native code)
C  0x0000000000000001


siginfo: EXCEPTION_ACCESS_VIOLATION (0xc0000005), data execution prevention violation at address 0x0000000000000001


Registers:
RAX=0x000000000000027c, RBX=0x0000000000000011, RCX=0x0000027cd09df550, RDX=0x000000060ac77b80
RSP=0x000000bfaa0ff388, RBP=0x0000027cd09df3d0, RSI=0x000000060ac77b80, RDI=0x0000000000000011
R8 =0x00000008000c5908, R9 =0x00007ffa5f008f78, R10=0x0000000000000000, R11=0x000000000000001a
R12=0x1b03400000000004, R13=0x00000008000c5908, R14=0x000000060ac77b80, R15=0x1b03400000000004
RIP=0x0000000000000001, EFLAGS=0x0000000000010202


Register to memory mapping:

RIP=0x0000000000000001 is an unknown value
RAX=0x000000000000027c is an unknown value
RBX=0x0000000000000011 is an unknown value
RCX=0x0000027cd09df550 points into unknown readable memory: 0x00007ffa5ee46040 | 40 60 e4 5e fa 7f 00 00
RDX=0x000000060ac77b80 points into unknown readable memory: 0x000000060ac77b83 | 83 7b c7 0a 06 00 00 00
RSP=0x000000bfaa0ff388 points into unknown readable memory: 0x00007ffa5e809b79 | 79 9b 80 5e fa 7f 00 00
RBP=0x0000027cd09df3d0 points into unknown readable memory: 0x00007ffa5ee460a0 | a0 60 e4 5e fa 7f 00 00
RSI=0x000000060ac77b80 points into unknown readable memory: 0x000000060ac77b83 | 83 7b c7 0a 06 00 00 00
RDI=0x0000000000000011 is an unknown value
R8 =0x00000008000c5908 is pointing into metadata
R9 =0x00007ffa5f008f78 jvm.dll
R10=0x0 is NULL
R11=0x000000000000001a is an unknown value
R12=0x1b03400000000004 is an unknown value
R13=0x00000008000c5908 is pointing into metadata
R14=0x000000060ac77b80 points into unknown readable memory: 0x000000060ac77b83 | 83 7b c7 0a 06 00 00 00
R15=0x1b03400000000004 is an unknown value


Top of Stack: (sp=0x000000bfaa0ff388)
0x000000bfaa0ff388:   00007ffa5e809b79 0000000000000011
0x000000bfaa0ff398:   000000bfaa0ff3b0 0000000600000000
0x000000bfaa0ff3a8:   00007ffa5e807cdf 000000060bde5e00
0x000000bfaa0ff3b8:   0000027cd09df550 0000027cd09df3d0
0x000000bfaa0ff3c8:   00000008000c5908 0000027cd09df3d0
0x000000bfaa0ff3d8:   0000000000000000 0000000000000002
0x000000bfaa0ff3e8:   00007ffa5e80923c 0000000000000011
0x000000bfaa0ff3f8:   000000060ac77b80 d81a000000000020
0x000000bfaa0ff408:   0000000000000002 0000000600000002
0x000000bfaa0ff418:   00007ffa00000000 0000000000000011
0x000000bfaa0ff428:   0000027cc7ca6b40 0000027c9cad6e30
0x000000bfaa0ff438:   00007ffa5e809512 0000027cd09df550
0x000000bfaa0ff448:   0000000000000000 0000000000000000
0x000000bfaa0ff458:   0000000000000004 0000027cd12850a0
0x000000bfaa0ff468:   000000060bde5ea8 0000027c9cad6e30
0x000000bfaa0ff478:   0000000000000f60 0000027cd09df3d0 

Instructions: (pc=0x0000000000000001)
0xffffffffffffff01:   


Stack slot to memory mapping:
stack at sp + 0 slots: 0x00007ffa5e809b79 jvm.dll
stack at sp + 1 slots: 0x0000000000000011 is an unknown value
stack at sp + 2 slots: 0x000000bfaa0ff3b0 points into unknown readable memory: 0x000000060bde5e00 | 00 5e de 0b 06 00 00 00
stack at sp + 3 slots: 0x0000000600000000 is an unknown value
stack at sp + 4 slots: 0x00007ffa5e807cdf jvm.dll
stack at sp + 5 slots: 
[error occurred during error reporting (inspecting top of stack), id 0xc0000005, EXCEPTION_ACCESS_VIOLATION (0xc0000005) at pc=0x00007ffa5e7d2406]


---------------  P R O C E S S  ---------------

Threads class SMR info:
_java_thread_list=0x0000027cd35e9f90, length=29, elements={
0x0000027c9cab9690, 0x0000027cc7dee830, 0x0000027ccb733350, 0x0000027ccb7357c0,
0x0000027ccb737cf0, 0x0000027ccb736260, 0x0000027ccb7347d0, 0x0000027ccb748240,
0x0000027ccb754c40, 0x0000027ccb735d10, 0x0000027ccb757e50, 0x0000027ccb735270,
0x0000027ccb734d20, 0x0000027ccb757330, 0x0000027ccb7367b0, 0x0000027ccb7578c0,
0x0000027ccb7583e0, 0x0000027ccb756da0, 0x0000027ccb7551d0, 0x0000027ccb755760,
0x0000027ccb755cf0, 0x0000027cd1af1330, 0x0000027cd1aedb90, 0x0000027cd1af0280,
0x0000027cd1af0810, 0x0000027cd136cac0, 0x0000027cd136a040, 0x0000027cd136c570,
0x0000027cd136e550
}

Java Threads: ( => current thread )
  0x0000027c9cab9690 JavaThread "main" [_thread_blocked, id=25692, stack(0x000000bfa6b00000,0x000000bfa6c00000)]
  0x0000027cc7dee830 JavaThread "Reference Handler" daemon [_thread_blocked, id=10032, stack(0x000000bfa7200000,0x000000bfa7300000)]
  0x0000027ccb733350 JavaThread "Finalizer" daemon [_thread_blocked, id=6180, stack(0x000000bfa7300000,0x000000bfa7400000)]
  0x0000027ccb7357c0 JavaThread "Signal Dispatcher" daemon [_thread_blocked, id=6772, stack(0x000000bfa7400000,0x000000bfa7500000)]
  0x0000027ccb737cf0 JavaThread "Attach Listener" daemon [_thread_blocked, id=19420, stack(0x000000bfa7500000,0x000000bfa7600000)]
  0x0000027ccb736260 JavaThread "Service Thread" daemon [_thread_blocked, id=23952, stack(0x000000bfa7600000,0x000000bfa7700000)]
  0x0000027ccb7347d0 JavaThread "Monitor Deflation Thread" daemon [_thread_blocked, id=24600, stack(0x000000bfa7700000,0x000000bfa7800000)]
  0x0000027ccb748240 JavaThread "C2 CompilerThread0" daemon [_thread_blocked, id=12156, stack(0x000000bfa7800000,0x000000bfa7900000)]
  0x0000027ccb754c40 JavaThread "C1 CompilerThread0" daemon [_thread_blocked, id=11364, stack(0x000000bfa7900000,0x000000bfa7a00000)]
  0x0000027ccb735d10 JavaThread "Sweeper thread" daemon [_thread_blocked, id=24732, stack(0x000000bfa7a00000,0x000000bfa7b00000)]
  0x0000027ccb757e50 JavaThread "C1 CompilerThread1" daemon [_thread_blocked, id=25612, stack(0x000000bfa7b00000,0x000000bfa7c00000)]
  0x0000027ccb735270 JavaThread "Notification Thread" daemon [_thread_blocked, id=11244, stack(0x000000bfa7c00000,0x000000bfa7d00000)]
  0x0000027ccb734d20 JavaThread "Common-Cleaner" daemon [_thread_blocked, id=25004, stack(0x000000bfa7e00000,0x000000bfa7f00000)]
  0x0000027ccb757330 JavaThread "C2 CompilerThread1" daemon [_thread_blocked, id=26016, stack(0x000000bfa7f00000,0x000000bfa8000000)]
  0x0000027ccb7367b0 JavaThread "ReaderThread" [_thread_in_native, id=488, stack(0x000000bfa8000000,0x000000bfa8100000)]
  0x0000027ccb7578c0 JavaThread "C2 CompilerThread2" daemon [_thread_blocked, id=22096, stack(0x000000bfa8100000,0x000000bfa8200000)]
  0x0000027ccb7583e0 JavaThread "C2 CompilerThread3" daemon [_thread_blocked, id=14484, stack(0x000000bfa8200000,0x000000bfa8300000)]
  0x0000027ccb756da0 JavaThread "C1 CompilerThread2" daemon [_thread_blocked, id=7952, stack(0x000000bfa8300000,0x000000bfa8400000)]
  0x0000027ccb7551d0 JavaThread "C1 CompilerThread3" daemon [_thread_blocked, id=26272, stack(0x000000bfa8400000,0x000000bfa8500000)]
  0x0000027ccb755760 JavaThread "C1 CompilerThread4" daemon [_thread_blocked, id=5740, stack(0x000000bfa8500000,0x000000bfa8600000)]
  0x0000027ccb755cf0 JavaThread "C2 CompilerThread4" daemon [_thread_blocked, id=14460, stack(0x000000bfa9700000,0x000000bfa9800000)]
  0x0000027cd1af1330 JavaThread "C2 CompilerThread5" daemon [_thread_blocked, id=23888, stack(0x000000bfa9800000,0x000000bfa9900000)]
  0x0000027cd1aedb90 JavaThread "C2 CompilerThread6" daemon [_thread_blocked, id=22692, stack(0x000000bfa9900000,0x000000bfa9a00000)]
  0x0000027cd1af0280 JavaThread "C2 CompilerThread7" daemon [_thread_blocked, id=9476, stack(0x000000bfa9d00000,0x000000bfa9e00000)]
  0x0000027cd1af0810 JavaThread "C2 CompilerThread8" daemon [_thread_blocked, id=22544, stack(0x000000bfa9e00000,0x000000bfa9f00000)]
  0x0000027cd136cac0 JavaThread "Camunda BPM Runtime Telemetry Reporter" daemon [_thread_blocked, id=24608, stack(0x000000bfaa500000,0x000000bfaa600000)]
  0x0000027cd136a040 JavaThread "MVStore background writer D:/alfabase/CamundaTest/camunda-h2-database.mv.db" daemon [_thread_blocked, id=22204, stack(0x000000bfaa700000,0x000000bfaa800000)]
  0x0000027cd136c570 JavaThread "HikariPool-1 housekeeper" daemon [_thread_blocked, id=11580, stack(0x000000bfaa800000,0x000000bfaa900000)]
  0x0000027cd136e550 JavaThread "HikariPool-1 connection adder" daemon [_thread_blocked, id=7444, stack(0x000000bfaa900000,0x000000bfaaa00000)]

Other Threads:
  0x0000027c9cadaf30 VMThread "VM Thread" [stack: 0x000000bfa7100000,0x000000bfa7200000] [id=21644]
  0x0000027ccb9831b0 WatcherThread "VM Periodic Task Thread" [stack: 0x000000bfa7d00000,0x000000bfa7e00000] [id=27168]
  0x0000027c9cada990 WorkerThread "GC Thread#0" [stack: 0x000000bfa6c00000,0x000000bfa6d00000] [id=2124]
  0x0000027cd0b1efb0 WorkerThread "GC Thread#1" [stack: 0x000000bfa8600000,0x000000bfa8700000] [id=21584]
  0x0000027cd0b1d660 WorkerThread "GC Thread#2" [stack: 0x000000bfa8700000,0x000000bfa8800000] [id=25740]
  0x0000027cd0b1ece0 WorkerThread "GC Thread#3" [stack: 0x000000bfa8800000,0x000000bfa8900000] [id=5228]
  0x0000027cd0b20090 WorkerThread "GC Thread#4" [stack: 0x000000bfa8900000,0x000000bfa8a00000] [id=27060]
  0x0000027cd0b1f820 WorkerThread "GC Thread#5" [stack: 0x000000bfa8a00000,0x000000bfa8b00000] [id=13620]
  0x0000027cd0b20360 WorkerThread "GC Thread#6" [stack: 0x000000bfa8b00000,0x000000bfa8c00000] [id=13804]
  0x0000027cd0b1d390 WorkerThread "GC Thread#7" [stack: 0x000000bfa8c00000,0x000000bfa8d00000] [id=23776]
  0x0000027cd0b1ea10 WorkerThread "GC Thread#8" [stack: 0x000000bfa8d00000,0x000000bfa8e00000] [id=27308]
  0x0000027cd0b20630 WorkerThread "GC Thread#9" [stack: 0x000000bfa8e00000,0x000000bfa8f00000] [id=14956]
  0x0000027cd0b20900 WorkerThread "GC Thread#10" [stack: 0x000000bfa8f00000,0x000000bfa9000000] [id=21996]
  0x0000027cd0b1e1a0 WorkerThread "GC Thread#11" [stack: 0x000000bfa9000000,0x000000bfa9100000] [id=24152]
  0x0000027cd0b1e740 WorkerThread "GC Thread#12" [stack: 0x000000bfa9100000,0x000000bfa9200000] [id=25148]
  0x0000027cd10b3840 WorkerThread "GC Thread#13" [stack: 0x000000bfa9a00000,0x000000bfa9b00000] [id=24380]
  0x0000027cd10b3b10 WorkerThread "GC Thread#14" [stack: 0x000000bfa9b00000,0x000000bfa9c00000] [id=22472]
  0x0000027cd10b2fd0 WorkerThread "GC Thread#15" [stack: 0x000000bfa9c00000,0x000000bfa9d00000] [id=26716]
=>0x0000027cd10b1950 WorkerThread "GC Thread#16" [stack: 0x000000bfaa000000,0x000000bfaa100000] [id=6160]
  0x0000027cd10b32a0 WorkerThread "GC Thread#17" [stack: 0x000000bfaa100000,0x000000bfaa200000] [id=18440]
  0x0000027cd3753b60 WorkerThread "GC Thread#18" [stack: 0x000000bfa9f00000,0x000000bfaa000000] [id=22492]
  0x0000027cd3754100 WorkerThread "GC Thread#19" [stack: 0x000000bfaa200000,0x000000bfaa300000] [id=18792]
  0x0000027cd3753e30 WorkerThread "GC Thread#20" [stack: 0x000000bfaa300000,0x000000bfaa400000] [id=16064]
  0x0000027cd37535c0 WorkerThread "GC Thread#21" [stack: 0x000000bfaa400000,0x000000bfaa500000] [id=7016]
  0x0000027cd51983b0 WorkerThread "GC Thread#22" [stack: 0x000000bfaa600000,0x000000bfaa700000] [id=22640]
  0x0000027c9cb3bea0 ConcurrentGCThread "G1 Main Marker" [stack: 0x000000bfa6d00000,0x000000bfa6e00000] [id=1504]
  0x0000027c9cada3f0 WorkerThread "G1 Conc#0" [stack: 0x000000bfa6e00000,0x000000bfa6f00000] [id=7988]
  0x0000027cd0b1fdc0 WorkerThread "G1 Conc#1" [stack: 0x000000bfa9200000,0x000000bfa9300000] [id=22664]
  0x0000027cd0b20bd0 WorkerThread "G1 Conc#2" [stack: 0x000000bfa9300000,0x000000bfa9400000] [id=26028]
  0x0000027cd0b1ded0 WorkerThread "G1 Conc#3" [stack: 0x000000bfa9400000,0x000000bfa9500000] [id=22420]
  0x0000027cd0b1d0c0 WorkerThread "G1 Conc#4" [stack: 0x000000bfa9500000,0x000000bfa9600000] [id=464]
  0x0000027cd10b1680 WorkerThread "G1 Conc#5" [stack: 0x000000bfa9600000,0x000000bfa9700000] [id=8144]
  0x0000027cc7d0d4c0 ConcurrentGCThread "G1 Refine#0" [stack: 0x000000bfa6f00000,0x000000bfa7000000] [id=27296]
  0x0000027cc7d0dda0 ConcurrentGCThread "G1 Service" [stack: 0x000000bfa7000000,0x000000bfa7100000] [id=19560]

Threads with active compile tasks:

VM state: at safepoint (normal execution)

VM Mutex/Monitor currently owned by a thread:  ([mutex/lock_event])
[0x0000027c9cab5b50] Threads_lock - owner thread: 0x0000027c9cadaf30
[0x0000027c9cab4170] Heap_lock - owner thread: 0x0000027c9cab9690

Heap address: 0x0000000604400000, size: 8124 MB, Compressed Oops mode: Zero based, Oop shift amount: 3

CDS archive(s) mapped at: [0x0000000800000000-0x0000000800c30000-0x0000000800c30000), size 12779520, SharedBaseAddress: 0x0000000800000000, ArchiveRelocationMode: 0.
Compressed class space mapped at: 0x0000000801000000-0x0000000841000000, reserved size: 1073741824
Narrow klass base: 0x0000000800000000, Narrow klass shift: 0, Narrow klass range: 0x100000000

GC Precious Log:
 CardTable entry size: 512
 Card Set container configuration: InlinePtr #cards 4 size 8 Array Of Cards #cards 32 size 80 Howl #buckets 8 coarsen threshold 7372 Howl Bitmap #cards 1024 size 144 coarsen threshold 921 Card regions per heap region 1 cards per card region 8192
 CPUs: 32 total, 32 available
 Memory: 32489M
 Large Page Support: Disabled
 NUMA Support: Disabled
 Compressed Oops: Enabled (Zero based)
 Heap Region Size: 4M
 Heap Min Capacity: 8M
 Heap Initial Capacity: 508M
 Heap Max Capacity: 8124M
 Pre-touch: Disabled
 Parallel Workers: 23
 Concurrent Workers: 6
 Concurrent Refinement Workers: 23
 Periodic GC: Disabled

Heap:
 garbage-first heap   total 286720K, used 239824K [0x0000000604400000, 0x0000000800000000)
  region size 4096K, 41 young (167936K), 4 survivors (16384K)
 Metaspace       used 63256K, committed 63616K, reserved 1114112K
  class space    used 7592K, committed 7744K, reserved 1048576K

Heap Regions: E=young(eden), S=young(survivor), O=old, HS=humongous(starts), HC=humongous(continues), CS=collection set, F=free, OA=open archive, CA=closed archive, TAMS=top-at-mark-start (previous, next)
|   0|0x0000000604400000, 0x0000000604800000, 0x0000000604800000|100%| O|  |TAMS 0x0000000604800000, 0x0000000604400000| Untracked 
|   1|0x0000000604800000, 0x0000000604c00000, 0x0000000604c00000|100%| O|  |TAMS 0x0000000604c00000, 0x0000000604800000| Untracked 
|   2|0x0000000604c00000, 0x0000000605000000, 0x0000000605000000|100%| O|  |TAMS 0x0000000605000000, 0x0000000604c00000| Untracked 
|   3|0x0000000605000000, 0x0000000605400000, 0x0000000605400000|100%| O|  |TAMS 0x0000000605400000, 0x0000000605000000| Untracked 
|   4|0x0000000605400000, 0x0000000605800000, 0x0000000605800000|100%| O|  |TAMS 0x0000000605800000, 0x0000000605400000| Untracked 
|   5|0x0000000605800000, 0x0000000605c00000, 0x0000000605c00000|100%| O|  |TAMS 0x0000000605c00000, 0x0000000605800000| Untracked 
|   6|0x0000000605c00000, 0x0000000606000000, 0x0000000606000000|100%| O|  |TAMS 0x0000000606000000, 0x0000000605c00000| Untracked 
|   7|0x0000000606000000, 0x0000000606400000, 0x0000000606400000|100%| O|  |TAMS 0x0000000606400000, 0x0000000606000000| Untracked 
|   8|0x0000000606400000, 0x0000000606800000, 0x0000000606800000|100%| O|  |TAMS 0x0000000606800000, 0x0000000606400000| Untracked 
|   9|0x0000000606800000, 0x0000000606c00000, 0x0000000606c00000|100%| O|  |TAMS 0x0000000606c00000, 0x0000000606800000| Untracked 
|  10|0x0000000606c00000, 0x0000000607000000, 0x0000000607000000|100%| O|  |TAMS 0x0000000607000000, 0x0000000606c00000| Untracked 
|  11|0x0000000607000000, 0x0000000607400000, 0x0000000607400000|100%| O|  |TAMS 0x0000000607000000, 0x0000000607000000| Untracked 
|  12|0x0000000607400000, 0x0000000607800000, 0x0000000607800000|100%| O|  |TAMS 0x0000000607800000, 0x0000000607400000| Untracked 
|  13|0x0000000607800000, 0x0000000607c00000, 0x0000000607c00000|100%| O|  |TAMS 0x0000000607c00000, 0x0000000607800000| Untracked 
|  14|0x0000000607c00000, 0x0000000608000000, 0x0000000608000000|100%| O|  |TAMS 0x0000000608000000, 0x0000000607c00000| Untracked 
|  15|0x0000000608000000, 0x0000000608400000, 0x0000000608400000|100%| O|  |TAMS 0x0000000608400000, 0x0000000608000000| Untracked 
|  16|0x0000000608400000, 0x0000000608800000, 0x0000000608800000|100%| O|  |TAMS 0x0000000608800000, 0x0000000608400000| Untracked 
|  17|0x0000000608800000, 0x0000000608c00000, 0x0000000608c00000|100%| O|  |TAMS 0x0000000608c00000, 0x0000000608800000| Untracked 
|  18|0x0000000608c00000, 0x0000000608c00000, 0x0000000609000000|  0%| O|  |TAMS 0x0000000608c00000, 0x0000000608c00000| Untracked 
|  19|0x0000000609000000, 0x0000000609400000, 0x0000000609400000|100%| O|  |TAMS 0x0000000609000000, 0x0000000609000000| Untracked 
|  20|0x0000000609400000, 0x0000000609400000, 0x0000000609800000|  0%| F|  |TAMS 0x0000000609400000, 0x0000000609400000| Untracked 
|  21|0x0000000609800000, 0x0000000609800000, 0x0000000609c00000|  0%| F|  |TAMS 0x0000000609800000, 0x0000000609800000| Untracked 
|  22|0x0000000609c00000, 0x0000000609c00000, 0x000000060a000000|  0%| F|  |TAMS 0x0000000609c00000, 0x0000000609c00000| Untracked 
|  23|0x000000060a000000, 0x000000060a000000, 0x000000060a400000|  0%| F|  |TAMS 0x000000060a000000, 0x000000060a000000| Untracked 
|  24|0x000000060a400000, 0x000000060a400000, 0x000000060a800000|  0%| F|  |TAMS 0x000000060a400000, 0x000000060a400000| Untracked 
|  25|0x000000060a800000, 0x000000060a800000, 0x000000060ac00000|  0%| F|  |TAMS 0x000000060a800000, 0x000000060a800000| Untracked 
|  26|0x000000060ac00000, 0x000000060ae44780, 0x000000060b000000| 56%| E|CS|TAMS 0x000000060ac00000, 0x000000060ac00000| Complete 
|  27|0x000000060b000000, 0x000000060b400000, 0x000000060b400000|100%| E|CS|TAMS 0x000000060b000000, 0x000000060b000000| Complete 
|  28|0x000000060b400000, 0x000000060b800000, 0x000000060b800000|100%| E|CS|TAMS 0x000000060b400000, 0x000000060b400000| Complete 
|  29|0x000000060b800000, 0x000000060bbc8df0, 0x000000060bc00000| 94%| S|  |TAMS 0x000000060b800000, 0x000000060b800000| Complete 
|  30|0x000000060bc00000, 0x000000060c000000, 0x000000060c000000|100%| S|  |TAMS 0x000000060bc00000, 0x000000060bc00000| Complete 
|  31|0x000000060c000000, 0x000000060c400000, 0x000000060c400000|100%| S|  |TAMS 0x000000060c000000, 0x000000060c000000| Complete 
|  32|0x000000060c400000, 0x000000060c800000, 0x000000060c800000|100%| S|  |TAMS 0x000000060c400000, 0x000000060c400000| Complete 
|  33|0x000000060c800000, 0x000000060cc00000, 0x000000060cc00000|100%| E|CS|TAMS 0x000000060c800000, 0x000000060c800000| Complete 
|  34|0x000000060cc00000, 0x000000060d000000, 0x000000060d000000|100%| E|CS|TAMS 0x000000060cc00000, 0x000000060cc00000| Complete 
|  35|0x000000060d000000, 0x000000060d400000, 0x000000060d400000|100%| E|CS|TAMS 0x000000060d000000, 0x000000060d000000| Complete 
|  36|0x000000060d400000, 0x000000060d800000, 0x000000060d800000|100%| E|CS|TAMS 0x000000060d400000, 0x000000060d400000| Complete 
|  37|0x000000060d800000, 0x000000060dc00000, 0x000000060dc00000|100%| E|CS|TAMS 0x000000060d800000, 0x000000060d800000| Complete 
|  38|0x000000060dc00000, 0x000000060e000000, 0x000000060e000000|100%| E|CS|TAMS 0x000000060dc00000, 0x000000060dc00000| Complete 
|  39|0x000000060e000000, 0x000000060e400000, 0x000000060e400000|100%| E|CS|TAMS 0x000000060e000000, 0x000000060e000000| Complete 
|  40|0x000000060e400000, 0x000000060e800000, 0x000000060e800000|100%| E|CS|TAMS 0x000000060e400000, 0x000000060e400000| Complete 
|  41|0x000000060e800000, 0x000000060ec00000, 0x000000060ec00000|100%| E|CS|TAMS 0x000000060e800000, 0x000000060e800000| Complete 
|  42|0x000000060ec00000, 0x000000060f000000, 0x000000060f000000|100%| E|CS|TAMS 0x000000060ec00000, 0x000000060ec00000| Complete 
|  43|0x000000060f000000, 0x000000060f400000, 0x000000060f400000|100%| E|CS|TAMS 0x000000060f000000, 0x000000060f000000| Complete 
|  44|0x000000060f400000, 0x000000060f800000, 0x000000060f800000|100%| E|CS|TAMS 0x000000060f400000, 0x000000060f400000| Complete 
|  45|0x000000060f800000, 0x000000060fc00000, 0x000000060fc00000|100%| E|CS|TAMS 0x000000060f800000, 0x000000060f800000| Complete 
|  46|0x000000060fc00000, 0x0000000610000000, 0x0000000610000000|100%| E|CS|TAMS 0x000000060fc00000, 0x000000060fc00000| Complete 
|  47|0x0000000610000000, 0x0000000610400000, 0x0000000610400000|100%| E|CS|TAMS 0x0000000610000000, 0x0000000610000000| Complete 
|  48|0x0000000610400000, 0x0000000610800000, 0x0000000610800000|100%| E|CS|TAMS 0x0000000610400000, 0x0000000610400000| Complete 
|  49|0x0000000610800000, 0x0000000610c00000, 0x0000000610c00000|100%| E|CS|TAMS 0x0000000610800000, 0x0000000610800000| Complete 
|  50|0x0000000610c00000, 0x0000000611000000, 0x0000000611000000|100%| E|CS|TAMS 0x0000000610c00000, 0x0000000610c00000| Complete 
|  51|0x0000000611000000, 0x0000000611400000, 0x0000000611400000|100%| E|CS|TAMS 0x0000000611000000, 0x0000000611000000| Complete 
|  52|0x0000000611400000, 0x0000000611800000, 0x0000000611800000|100%| E|CS|TAMS 0x0000000611400000, 0x0000000611400000| Complete 
|  53|0x0000000611800000, 0x0000000611c00000, 0x0000000611c00000|100%| E|CS|TAMS 0x0000000611800000, 0x0000000611800000| Complete 
|  54|0x0000000611c00000, 0x0000000612000000, 0x0000000612000000|100%| E|CS|TAMS 0x0000000611c00000, 0x0000000611c00000| Complete 
|  55|0x0000000612000000, 0x0000000612400000, 0x0000000612400000|100%| E|CS|TAMS 0x0000000612000000, 0x0000000612000000| Complete 
|  56|0x0000000612400000, 0x0000000612800000, 0x0000000612800000|100%| E|CS|TAMS 0x0000000612400000, 0x0000000612400000| Complete 
|  57|0x0000000612800000, 0x0000000612c00000, 0x0000000612c00000|100%| E|CS|TAMS 0x0000000612800000, 0x0000000612800000| Complete 
|  58|0x0000000612c00000, 0x0000000613000000, 0x0000000613000000|100%| E|CS|TAMS 0x0000000612c00000, 0x0000000612c00000| Complete 
|  59|0x0000000613000000, 0x0000000613400000, 0x0000000613400000|100%| E|CS|TAMS 0x0000000613000000, 0x0000000613000000| Complete 
|  60|0x0000000613400000, 0x0000000613800000, 0x0000000613800000|100%| E|CS|TAMS 0x0000000613400000, 0x0000000613400000| Complete 
|  61|0x0000000613800000, 0x0000000613c00000, 0x0000000613c00000|100%| E|CS|TAMS 0x0000000613800000, 0x0000000613800000| Complete 
|  62|0x0000000613c00000, 0x0000000614000000, 0x0000000614000000|100%| E|CS|TAMS 0x0000000613c00000, 0x0000000613c00000| Complete 
|  63|0x0000000614000000, 0x0000000614400000, 0x0000000614400000|100%| E|CS|TAMS 0x0000000614000000, 0x0000000614000000| Complete 
|  64|0x0000000614400000, 0x0000000614800000, 0x0000000614800000|100%| E|CS|TAMS 0x0000000614400000, 0x0000000614400000| Complete 
|  65|0x0000000614800000, 0x0000000614c00000, 0x0000000614c00000|100%| E|CS|TAMS 0x0000000614800000, 0x0000000614800000| Complete 
|  66|0x0000000614c00000, 0x0000000615000000, 0x0000000615000000|100%| E|CS|TAMS 0x0000000614c00000, 0x0000000614c00000| Complete 
|  67|0x0000000615000000, 0x0000000615400000, 0x0000000615400000|100%| E|CS|TAMS 0x0000000615000000, 0x0000000615000000| Complete 
|  68|0x0000000615400000, 0x0000000615800000, 0x0000000615800000|100%| E|CS|TAMS 0x0000000615400000, 0x0000000615400000| Complete 
| 126|0x0000000623c00000, 0x0000000624000000, 0x0000000624000000|100%| E|CS|TAMS 0x0000000623c00000, 0x0000000623c00000| Complete 

Card table byte_map: [0x0000027cb5d00000,0x0000027cb6ce0000] _byte_map_base: 0x0000027cb2cde000

Marking Bits (Prev, Next): (CMBitMap*) 0x0000027c9cb2b880, (CMBitMap*) 0x0000027c9cb2b840
 Prev Bits: [0x0000027cbfbb0000, 0x0000027cc7aa0000)
 Next Bits: [0x0000027cb7cc0000, 0x0000027cbfbb0000)

Polling page: 0x0000027c9c260000

Metaspace:

Usage:
  Non-class:     54.36 MB used.
      Class:      7.41 MB used.
       Both:     61.77 MB used.

Virtual space:
  Non-class space:       64.00 MB reserved,      54.56 MB ( 85%) committed,  1 nodes.
      Class space:        1.00 GB reserved,       7.56 MB ( <1%) committed,  1 nodes.
             Both:        1.06 GB reserved,      62.12 MB (  6%) committed. 

Chunk freelists:
   Non-Class:  512.00 KB
       Class:  454.00 KB
        Both:  966.00 KB

MaxMetaspaceSize: unlimited
CompressedClassSpaceSize: 1.00 GB
Initial GC threshold: 21.00 MB
Current GC threshold: 99.19 MB
CDS: on
MetaspaceReclaimPolicy: balanced
 - commit_granule_bytes: 65536.
 - commit_granule_words: 8192.
 - virtual_space_node_default_size: 8388608.
 - enlarge_chunks_in_place: 1.
 - new_chunks_are_fully_committed: 0.
 - uncommit_free_chunks: 1.
 - use_allocation_guard: 0.


Internal statistics:

num_allocs_failed_limit: 12.
num_arena_births: 508.
num_arena_deaths: 0.
num_vsnodes_births: 2.
num_vsnodes_deaths: 0.
num_space_committed: 994.
num_space_uncommitted: 0.
num_chunks_returned_to_freelist: 12.
num_chunks_taken_from_freelist: 2522.
num_chunk_merges: 6.
num_chunk_splits: 1861.
num_chunks_enlarged: 1543.
num_inconsistent_stats: 0.

CodeHeap 'non-profiled nmethods': size=118848Kb used=5174Kb max_used=5174Kb free=113674Kb
 bounds [0x0000027cac5e0000, 0x0000027cacaf0000, 0x0000027cb39f0000]
CodeHeap 'profiled nmethods': size=118848Kb used=15436Kb max_used=15488Kb free=103411Kb
 bounds [0x0000027ca49f0000, 0x0000027ca5970000, 0x0000027cabe00000]
CodeHeap 'non-nmethods': size=8064Kb used=3673Kb max_used=3751Kb free=4390Kb
 bounds [0x0000027cabe00000, 0x0000027cac1b0000, 0x0000027cac5e0000]
 total_blobs=7759 nmethods=7098 adapters=567
 compilation: enabled
              stopped_count=0, restarted_count=0
 full_count=0

Compilation events (20 events):
Event: 4.446 Thread 0x0000027cd1af0280 nmethod 8452 0x0000027cacadba90 code [0x0000027cacadbc20, 0x0000027cacadbcb8]
Event: 4.447 Thread 0x0000027ccb748240 8455       4       com.sun.org.apache.xerces.internal.impl.XMLDocumentFragmentScannerImpl::scanEndElement (171 bytes)
Event: 4.449 Thread 0x0000027cd1af0810 8456       4       java.lang.Enum::valueOf (73 bytes)
Event: 4.450 Thread 0x0000027ccb755cf0 nmethod 8450 0x0000027cacadbd90 code [0x0000027cacadbf20, 0x0000027cacadc398]
Event: 4.452 Thread 0x0000027cd1aedb90 nmethod 8454 0x0000027cacadc490 code [0x0000027cacadc640, 0x0000027cacadca38]
Event: 4.453 Thread 0x0000027cd1af1330 nmethod 8448 0x0000027cacadcd10 code [0x0000027cacadcec0, 0x0000027cacadd758]
Event: 4.461 Thread 0x0000027ccb748240 nmethod 8455 0x0000027cacaddb10 code [0x0000027cacaddd80, 0x0000027cacadeb40]
Event: 4.462 Thread 0x0000027cd1af0810 nmethod 8456 0x0000027cacadf810 code [0x0000027cacadfa00, 0x0000027cacae03e0]
Event: 4.468 Thread 0x0000027ccb757330 nmethod 8367 0x0000027cacae0a90 code [0x0000027cacae0f80, 0x0000027cacae5c90]
Event: 4.470 Thread 0x0000027ccb7583e0 nmethod 8437 0x0000027cacae8790 code [0x0000027cacae8aa0, 0x0000027cacaeb480]
Event: 4.513 Thread 0x0000027ccb755760 8457       3       java.lang.invoke.LambdaForm$MH/0x0000000801028800::invoke (126 bytes)
Event: 4.513 Thread 0x0000027ccb756da0 8458       3       java.lang.invoke.LambdaForm$MH/0x0000000801028000::invoke (67 bytes)
Event: 4.513 Thread 0x0000027ccb7551d0 8459       3       java.lang.invoke.LambdaForm$MH/0x0000000801026000::invoke (47 bytes)
Event: 4.514 Thread 0x0000027ccb7551d0 nmethod 8459 0x0000027ca55a2690 code [0x0000027ca55a2880, 0x0000027ca55a2e88]
Event: 4.514 Thread 0x0000027ccb755760 nmethod 8457 0x0000027ca55a1190 code [0x0000027ca55a1400, 0x0000027ca55a2118]
Event: 4.514 Thread 0x0000027ccb756da0 nmethod 8458 0x0000027ca558e890 code [0x0000027ca558eaa0, 0x0000027ca558f1d8]
Event: 4.514 Thread 0x0000027ccb748240 8460       4       com.sun.org.apache.xerces.internal.impl.dtd.DTDGrammar::initializeContentModelStack (161 bytes)
Event: 4.514 Thread 0x0000027ccb755760 8461       3       com.sun.org.apache.xerces.internal.util.SymbolTable::addSymbol0 (92 bytes)
Event: 4.515 Thread 0x0000027ccb755760 nmethod 8461 0x0000027ca558d810 code [0x0000027ca558da80, 0x0000027ca558e498]
Event: 4.516 Thread 0x0000027ccb748240 nmethod 8460 0x0000027cacaece90 code [0x0000027cacaed040, 0x0000027cacaed5f8]

GC Heap History (20 events):
Event: 3.182 GC heap after
{Heap after GC invocations=18 (full 0):
 garbage-first heap   total 233472K, used 70727K [0x0000000604400000, 0x0000000800000000)
  region size 4096K, 3 young (12288K), 3 survivors (12288K)
 Metaspace       used 55572K, committed 55872K, reserved 1114112K
  class space    used 6781K, committed 6912K, reserved 1048576K
}
Event: 3.197 GC heap before
{Heap before GC invocations=18 (full 0):
 garbage-first heap   total 233472K, used 74823K [0x0000000604400000, 0x0000000800000000)
  region size 4096K, 4 young (16384K), 3 survivors (12288K)
 Metaspace       used 55603K, committed 55936K, reserved 1114112K
  class space    used 6784K, committed 6912K, reserved 1048576K
}
Event: 3.200 GC heap after
{Heap after GC invocations=19 (full 0):
 garbage-first heap   total 233472K, used 72257K [0x0000000604400000, 0x0000000800000000)
  region size 4096K, 1 young (4096K), 1 survivors (4096K)
 Metaspace       used 55603K, committed 55936K, reserved 1114112K
  class space    used 6784K, committed 6912K, reserved 1048576K
}
Event: 3.619 GC heap before
{Heap before GC invocations=19 (full 0):
 garbage-first heap   total 233472K, used 178753K [0x0000000604400000, 0x0000000800000000)
  region size 4096K, 27 young (110592K), 1 survivors (4096K)
 Metaspace       used 56648K, committed 57088K, reserved 1114112K
  class space    used 6879K, committed 7104K, reserved 1048576K
}
Event: 3.622 GC heap after
{Heap after GC invocations=20 (full 0):
 garbage-first heap   total 233472K, used 73803K [0x0000000604400000, 0x0000000800000000)
  region size 4096K, 1 young (4096K), 1 survivors (4096K)
 Metaspace       used 56648K, committed 57088K, reserved 1114112K
  class space    used 6879K, committed 7104K, reserved 1048576K
}
Event: 3.734 GC heap before
{Heap before GC invocations=20 (full 0):
 garbage-first heap   total 233472K, used 184395K [0x0000000604400000, 0x0000000800000000)
  region size 4096K, 28 young (114688K), 1 survivors (4096K)
 Metaspace       used 56715K, committed 57152K, reserved 1114112K
  class space    used 6879K, committed 7104K, reserved 1048576K
}
Event: 3.735 GC heap after
{Heap after GC invocations=21 (full 0):
 garbage-first heap   total 233472K, used 73907K [0x0000000604400000, 0x0000000800000000)
  region size 4096K, 1 young (4096K), 1 survivors (4096K)
 Metaspace       used 56715K, committed 57152K, reserved 1114112K
  class space    used 6879K, committed 7104K, reserved 1048576K
}
Event: 3.859 GC heap before
{Heap before GC invocations=21 (full 0):
 garbage-first heap   total 233472K, used 188595K [0x0000000604400000, 0x0000000800000000)
  region size 4096K, 29 young (118784K), 1 survivors (4096K)
 Metaspace       used 56716K, committed 57152K, reserved 1114112K
  class space    used 6879K, committed 7104K, reserved 1048576K
}
Event: 3.861 GC heap after
{Heap after GC invocations=22 (full 0):
 garbage-first heap   total 233472K, used 74069K [0x0000000604400000, 0x0000000800000000)
  region size 4096K, 1 young (4096K), 1 survivors (4096K)
 Metaspace       used 56716K, committed 57152K, reserved 1114112K
  class space    used 6879K, committed 7104K, reserved 1048576K
}
Event: 4.022 GC heap before
{Heap before GC invocations=22 (full 0):
 garbage-first heap   total 233472K, used 127317K [0x0000000604400000, 0x0000000800000000)
  region size 4096K, 15 young (61440K), 1 survivors (4096K)
 Metaspace       used 60041K, committed 60416K, reserved 1114112K
  class space    used 7232K, committed 7424K, reserved 1048576K
}
Event: 4.024 GC heap after
{Heap after GC invocations=23 (full 0):
 garbage-first heap   total 368640K, used 73880K [0x0000000604400000, 0x0000000800000000)
  region size 4096K, 1 young (4096K), 1 survivors (4096K)
 Metaspace       used 60041K, committed 60416K, reserved 1114112K
  class space    used 7232K, committed 7424K, reserved 1048576K
}
Event: 4.308 GC heap before
{Heap before GC invocations=24 (full 0):
 garbage-first heap   total 274432K, used 266392K [0x0000000604400000, 0x0000000800000000)
  region size 4096K, 49 young (200704K), 1 survivors (4096K)
 Metaspace       used 63184K, committed 63552K, reserved 1114112K
  class space    used 7592K, committed 7744K, reserved 1048576K
}
Event: 4.324 GC heap after
{Heap after GC invocations=25 (full 0):
 garbage-first heap   total 286720K, used 78408K [0x0000000604400000, 0x0000000800000000)
  region size 4096K, 3 young (12288K), 3 survivors (12288K)
 Metaspace       used 63184K, committed 63552K, reserved 1114112K
  class space    used 7592K, committed 7744K, reserved 1048576K
}
Event: 4.328 GC heap before
{Heap before GC invocations=25 (full 0):
 garbage-first heap   total 286720K, used 82504K [0x0000000604400000, 0x0000000800000000)
  region size 4096K, 4 young (16384K), 3 survivors (12288K)
 Metaspace       used 63184K, committed 63552K, reserved 1114112K
  class space    used 7592K, committed 7744K, reserved 1048576K
}
Event: 4.330 GC heap after
{Heap after GC invocations=26 (full 0):
 garbage-first heap   total 286720K, used 79211K [0x0000000604400000, 0x0000000800000000)
  region size 4096K, 1 young (4096K), 1 survivors (4096K)
 Metaspace       used 63184K, committed 63552K, reserved 1114112K
  class space    used 7592K, committed 7744K, reserved 1048576K
}
Event: 4.418 GC heap before
{Heap before GC invocations=26 (full 0):
 garbage-first heap   total 286720K, used 234859K [0x0000000604400000, 0x0000000800000000)
  region size 4096K, 40 young (163840K), 1 survivors (4096K)
 Metaspace       used 63252K, committed 63616K, reserved 1114112K
  class space    used 7592K, committed 7744K, reserved 1048576K
}
Event: 4.420 GC heap after
{Heap after GC invocations=27 (full 0):
 garbage-first heap   total 286720K, used 80991K [0x0000000604400000, 0x0000000800000000)
  region size 4096K, 1 young (4096K), 1 survivors (4096K)
 Metaspace       used 63252K, committed 63616K, reserved 1114112K
  class space    used 7592K, committed 7744K, reserved 1048576K
}
Event: 4.493 GC heap before
{Heap before GC invocations=27 (full 0):
 garbage-first heap   total 286720K, used 244831K [0x0000000604400000, 0x0000000800000000)
  region size 4096K, 41 young (167936K), 1 survivors (4096K)
 Metaspace       used 63256K, committed 63616K, reserved 1114112K
  class space    used 7592K, committed 7744K, reserved 1048576K
}
Event: 4.495 GC heap after
{Heap after GC invocations=28 (full 0):
 garbage-first heap   total 286720K, used 88272K [0x0000000604400000, 0x0000000800000000)
  region size 4096K, 3 young (12288K), 3 survivors (12288K)
 Metaspace       used 63256K, committed 63616K, reserved 1114112K
  class space    used 7592K, committed 7744K, reserved 1048576K
}
Event: 4.560 GC heap before
{Heap before GC invocations=28 (full 0):
 garbage-first heap   total 286720K, used 239824K [0x0000000604400000, 0x0000000800000000)
  region size 4096K, 40 young (163840K), 3 survivors (12288K)
 Metaspace       used 63256K, committed 63616K, reserved 1114112K
  class space    used 7592K, committed 7744K, reserved 1048576K
}

Dll operation events (11 events):
Event: 0.003 Loaded shared library C:\Program Files\OpenJDK\jdk-19.0.1\bin\java.dll
Event: 0.009 Loaded shared library C:\Program Files\OpenJDK\jdk-19.0.1\bin\jsvml.dll
Event: 0.052 Loaded shared library C:\Program Files\OpenJDK\jdk-19.0.1\bin\net.dll
Event: 0.053 Loaded shared library C:\Program Files\OpenJDK\jdk-19.0.1\bin\nio.dll
Event: 0.054 Loaded shared library C:\Program Files\OpenJDK\jdk-19.0.1\bin\zip.dll
Event: 0.104 Loaded shared library C:\Program Files\OpenJDK\jdk-19.0.1\bin\extnet.dll
Event: 0.113 Loaded shared library C:\Program Files\OpenJDK\jdk-19.0.1\bin\verify.dll
Event: 0.150 Loaded shared library C:\Program Files\OpenJDK\jdk-19.0.1\bin\jimage.dll
Event: 1.889 Loaded shared library C:\Program Files\OpenJDK\jdk-19.0.1\bin\sunmscapi.dll
Event: 2.227 Loaded shared library C:\Program Files\OpenJDK\jdk-19.0.1\bin\management.dll
Event: 2.228 Loaded shared library C:\Program Files\OpenJDK\jdk-19.0.1\bin\management_ext.dll

Deoptimization events (20 events):
Event: 4.382 Thread 0x0000027c9cab9690 DEOPT PACKING pc=0x0000027cacac349c sp=0x000000bfa6bfc740
Event: 4.382 Thread 0x0000027c9cab9690 DEOPT UNPACKING pc=0x0000027cabe6a5a3 sp=0x000000bfa6bfc6d8 mode 2
Event: 4.382 Thread 0x0000027c9cab9690 Uncommon trap: trap_request=0xffffffbe fr.pc=0x0000027cacac349c relative=0x00000000000002fc
Event: 4.382 Thread 0x0000027c9cab9690 Uncommon trap: reason=profile_predicate action=maybe_recompile pc=0x0000027cacac349c method=java.util.HashMap.valuesToArray([Ljava/lang/Object;)[Ljava/lang/Object; @ 48 c2
Event: 4.382 Thread 0x0000027c9cab9690 DEOPT PACKING pc=0x0000027cacac349c sp=0x000000bfa6bfc740
Event: 4.382 Thread 0x0000027c9cab9690 DEOPT UNPACKING pc=0x0000027cabe6a5a3 sp=0x000000bfa6bfc6d8 mode 2
Event: 4.395 Thread 0x0000027c9cab9690 DEOPT PACKING pc=0x0000027ca51990ca sp=0x000000bfa6bfc910
Event: 4.395 Thread 0x0000027c9cab9690 DEOPT UNPACKING pc=0x0000027cabe6b0e3 sp=0x000000bfa6bfbe08 mode 0
Event: 4.396 Thread 0x0000027c9cab9690 Uncommon trap: trap_request=0xffffff76 fr.pc=0x0000027caca9c254 relative=0x0000000000000534
Event: 4.396 Thread 0x0000027c9cab9690 Uncommon trap: reason=predicate action=maybe_recompile pc=0x0000027caca9c254 method=java.util.HashMap.valuesToArray([Ljava/lang/Object;)[Ljava/lang/Object; @ 46 c2
Event: 4.396 Thread 0x0000027c9cab9690 DEOPT PACKING pc=0x0000027caca9c254 sp=0x000000bfa6bfc720
Event: 4.396 Thread 0x0000027c9cab9690 DEOPT UNPACKING pc=0x0000027cabe6a5a3 sp=0x000000bfa6bfc6d0 mode 2
Event: 4.409 Thread 0x0000027c9cab9690 Uncommon trap: trap_request=0xffffffd6 fr.pc=0x0000027cacace998 relative=0x00000000000006d8
Event: 4.409 Thread 0x0000027c9cab9690 Uncommon trap: reason=array_check action=maybe_recompile pc=0x0000027cacace998 method=java.util.HashMap.valuesToArray([Ljava/lang/Object;)[Ljava/lang/Object; @ 62 c2
Event: 4.409 Thread 0x0000027c9cab9690 DEOPT PACKING pc=0x0000027cacace998 sp=0x000000bfa6bfc710
Event: 4.409 Thread 0x0000027c9cab9690 DEOPT UNPACKING pc=0x0000027cabe6a5a3 sp=0x000000bfa6bfc6b8 mode 2
Event: 4.415 Thread 0x0000027c9cab9690 DEOPT PACKING pc=0x0000027ca51990ca sp=0x000000bfa6bfcaf0
Event: 4.415 Thread 0x0000027c9cab9690 DEOPT UNPACKING pc=0x0000027cabe6b0e3 sp=0x000000bfa6bfbfe8 mode 0
Event: 4.423 Thread 0x0000027c9cab9690 DEOPT PACKING pc=0x0000027ca5330fb0 sp=0x000000bfa6bfc760
Event: 4.424 Thread 0x0000027c9cab9690 DEOPT UNPACKING pc=0x0000027cabe6b0e3 sp=0x000000bfa6bfbbc0 mode 0

Classes loaded (20 events):
Event: 4.137 Loading class sun/nio/ch/FileLockTable$FileLockReference
Event: 4.137 Loading class sun/nio/ch/FileLockTable$FileLockReference done
Event: 4.137 Loading class java/nio/channels/spi/AbstractInterruptibleChannel$1
Event: 4.137 Loading class sun/nio/ch/Interruptible
Event: 4.137 Loading class sun/nio/ch/Interruptible done
Event: 4.137 Loading class java/nio/channels/spi/AbstractInterruptibleChannel$1 done
Event: 4.139 Loading class java/util/PriorityQueue
Event: 4.139 Loading class java/util/PriorityQueue done
Event: 4.243 Loading class java/util/concurrent/ScheduledThreadPoolExecutor$ScheduledFutureTask
Event: 4.243 Loading class java/util/concurrent/ScheduledThreadPoolExecutor$ScheduledFutureTask done
Event: 4.243 Loading class java/util/concurrent/Executors$RunnableAdapter
Event: 4.243 Loading class java/util/concurrent/Executors$RunnableAdapter done
Event: 4.243 Loading class java/util/concurrent/ThreadPoolExecutor$Worker
Event: 4.243 Loading class java/util/concurrent/ThreadPoolExecutor$Worker done
Event: 4.244 Loading class java/util/concurrent/TimeUnit$1
Event: 4.244 Loading class java/util/concurrent/TimeUnit$1 done
Event: 4.244 Loading class java/util/concurrent/ThreadPoolExecutor$DiscardOldestPolicy
Event: 4.244 Loading class java/util/concurrent/ThreadPoolExecutor$DiscardOldestPolicy done
Event: 4.245 Loading class java/util/concurrent/ThreadPoolExecutor$CallerRunsPolicy
Event: 4.245 Loading class java/util/concurrent/ThreadPoolExecutor$CallerRunsPolicy done

Classes unloaded (0 events):
No events

Classes redefined (0 events):
No events

Internal exceptions (20 events):
Event: 3.836 Thread 0x0000027c9cab9690 Exception <a 'java/io/FileNotFoundException'{0x000000060c2ef590}> (0x000000060c2ef590) 
thrown [s\open\src\hotspot\share\prims\jni.cpp, line 517]
Event: 3.836 Thread 0x0000027c9cab9690 Exception <a 'java/io/FileNotFoundException'{0x000000060c2f0980}> (0x000000060c2f0980) 
thrown [s\open\src\hotspot\share\prims\jni.cpp, line 517]
Event: 3.836 Thread 0x0000027c9cab9690 Exception <a 'java/io/FileNotFoundException'{0x000000060c2f2d68}> (0x000000060c2f2d68) 
thrown [s\open\src\hotspot\share\prims\jni.cpp, line 517]
Event: 3.836 Thread 0x0000027c9cab9690 Exception <a 'java/io/FileNotFoundException'{0x000000060c2f4108}> (0x000000060c2f4108) 
thrown [s\open\src\hotspot\share\prims\jni.cpp, line 517]
Event: 3.852 Thread 0x0000027c9cab9690 Exception <a 'java/io/FileNotFoundException'{0x000000060be31ef8}> (0x000000060be31ef8) 
thrown [s\open\src\hotspot\share\prims\jni.cpp, line 517]
Event: 3.852 Thread 0x0000027c9cab9690 Exception <a 'java/io/FileNotFoundException'{0x000000060be336d0}> (0x000000060be336d0) 
thrown [s\open\src\hotspot\share\prims\jni.cpp, line 517]
Event: 3.852 Thread 0x0000027c9cab9690 Exception <a 'java/io/FileNotFoundException'{0x000000060be37400}> (0x000000060be37400) 
thrown [s\open\src\hotspot\share\prims\jni.cpp, line 517]
Event: 3.852 Thread 0x0000027c9cab9690 Exception <a 'java/io/FileNotFoundException'{0x000000060be38bd8}> (0x000000060be38bd8) 
thrown [s\open\src\hotspot\share\prims\jni.cpp, line 517]
Event: 4.087 Thread 0x0000027c9cab9690 Exception <a 'java/lang/NoSuchMethodError'{0x0000000613da50f8}: 'java.lang.Object java.lang.invoke.DirectMethodHandle$Holder.invokeSpecial(java.lang.Object, java.lang.Object, java.lang.Object, int, int)'> (0x0000000613da50f8) 
thrown [s\open\src\hotspot\share\interpreter\linkResolver.cpp, line 774]
Event: 4.107 Thread 0x0000027c9cab9690 Exception <a 'java/lang/NoSuchMethodError'{0x0000000613f07868}: 'long java.lang.invoke.DirectMethodHandle$Holder.invokeVirtual(java.lang.Object, java.lang.Object)'> (0x0000000613f07868) 
thrown [s\open\src\hotspot\share\interpreter\linkResolver.cpp, line 774]
Event: 4.108 Thread 0x0000027c9cab9690 Exception <a 'java/lang/NoSuchMethodError'{0x0000000613f0b340}: 'long java.lang.invoke.DelegatingMethodHandle$Holder.reinvoke_L(java.lang.Object, java.lang.Object)'> (0x0000000613f0b340) 
thrown [s\open\src\hotspot\share\interpreter\linkResolver.cpp, line 774]
Event: 4.130 Thread 0x0000027c9cab9690 Exception <a 'sun/nio/fs/WindowsException'{0x0000000613806a08}> (0x0000000613806a08) 
thrown [s\open\src\hotspot\share\prims\jni.cpp, line 517]
Event: 4.132 Thread 0x0000027c9cab9690 Exception <a 'sun/nio/fs/WindowsException'{0x000000061381a360}> (0x000000061381a360) 
thrown [s\open\src\hotspot\share\prims\jni.cpp, line 517]
Event: 4.132 Thread 0x0000027c9cab9690 Exception <a 'sun/nio/fs/WindowsException'{0x000000061381a5f0}> (0x000000061381a5f0) 
thrown [s\open\src\hotspot\share\prims\jni.cpp, line 517]
Event: 4.132 Thread 0x0000027c9cab9690 Exception <a 'sun/nio/fs/WindowsException'{0x000000061381ba90}> (0x000000061381ba90) 
thrown [s\open\src\hotspot\share\prims\jni.cpp, line 517]
Event: 4.132 Thread 0x0000027c9cab9690 Exception <a 'sun/nio/fs/WindowsException'{0x000000061381bd20}> (0x000000061381bd20) 
thrown [s\open\src\hotspot\share\prims\jni.cpp, line 517]
Event: 4.133 Thread 0x0000027c9cab9690 Exception <a 'sun/nio/fs/WindowsException'{0x000000061381dbf0}> (0x000000061381dbf0) 
thrown [s\open\src\hotspot\share\prims\jni.cpp, line 517]
Event: 4.136 Thread 0x0000027c9cab9690 Exception <a 'sun/nio/fs/WindowsException'{0x0000000613851380}> (0x0000000613851380) 
thrown [s\open\src\hotspot\share\prims\jni.cpp, line 517]
Event: 4.238 Thread 0x0000027c9cab9690 Exception <a 'java/lang/NoSuchMethodError'{0x000000060d7f3e40}: 'void java.lang.invoke.DirectMethodHandle$Holder.invokeSpecial(java.lang.Object, java.lang.Object, long)'> (0x000000060d7f3e40) 
thrown [s\open\src\hotspot\share\interpreter\linkResolver.cpp, line 774]
Event: 4.252 Thread 0x0000027c9cab9690 Exception <a 'java/lang/NoSuchMethodError'{0x000000060d106670}: 'java.lang.Object java.lang.invoke.DirectMethodHandle$Holder.invokeStaticInit(java.lang.Object, java.lang.Object, java.lang.Object, java.lang.Object)'> (0x000000060d106670) 
thrown [s\open\src\hotspot\share\interpreter\linkResolver.cpp, line 774]

VM Operations (20 events):
Event: 4.024 Executing VM operation: CollectForMetadataAllocation done
Event: 4.035 Executing VM operation: CollectForMetadataAllocation
Event: 4.035 Executing VM operation: CollectForMetadataAllocation done
Event: 4.039 Executing VM operation: G1PauseRemark
Event: 4.041 Executing VM operation: G1PauseRemark done
Event: 4.046 Executing VM operation: G1PauseCleanup
Event: 4.046 Executing VM operation: G1PauseCleanup done
Event: 4.122 Executing VM operation: HandshakeAllThreads
Event: 4.122 Executing VM operation: HandshakeAllThreads done
Event: 4.204 Executing VM operation: HandshakeAllThreads
Event: 4.204 Executing VM operation: HandshakeAllThreads done
Event: 4.308 Executing VM operation: G1CollectForAllocation
Event: 4.324 Executing VM operation: G1CollectForAllocation done
Event: 4.328 Executing VM operation: G1CollectForAllocation
Event: 4.330 Executing VM operation: G1CollectForAllocation done
Event: 4.418 Executing VM operation: G1CollectForAllocation
Event: 4.420 Executing VM operation: G1CollectForAllocation done
Event: 4.493 Executing VM operation: G1CollectForAllocation
Event: 4.495 Executing VM operation: G1CollectForAllocation done
Event: 4.560 Executing VM operation: G1CollectForAllocation

Events (20 events):
Event: 3.736 Thread 0x0000027ccb735d10 flushing nmethod 0x0000027ca5822610
Event: 3.736 Thread 0x0000027ccb735d10 flushing nmethod 0x0000027ca5831510
Event: 3.736 Thread 0x0000027ccb735d10 flushing nmethod 0x0000027ca5857190
Event: 3.736 Thread 0x0000027ccb735d10 flushing nmethod 0x0000027ca586f910
Event: 3.736 Thread 0x0000027ccb735d10 flushing nmethod 0x0000027ca5870290
Event: 3.736 Thread 0x0000027ccb735d10 flushing nmethod 0x0000027ca5870710
Event: 3.736 Thread 0x0000027ccb735d10 flushing nmethod 0x0000027ca5871f90
Event: 3.736 Thread 0x0000027ccb735d10 flushing nmethod 0x0000027ca5875910
Event: 3.736 Thread 0x0000027ccb735d10 flushing nmethod 0x0000027ca587a210
Event: 3.736 Thread 0x0000027ccb735d10 flushing nmethod 0x0000027ca587a910
Event: 3.736 Thread 0x0000027ccb735d10 flushing nmethod 0x0000027ca587b890
Event: 3.736 Thread 0x0000027ccb735d10 flushing nmethod 0x0000027ca587d810
Event: 3.736 Thread 0x0000027ccb735d10 flushing nmethod 0x0000027ca5881d90
Event: 3.736 Thread 0x0000027ccb735d10 flushing nmethod 0x0000027ca5883b10
Event: 3.736 Thread 0x0000027ccb735d10 flushing nmethod 0x0000027ca5885c90
Event: 3.737 Thread 0x0000027ccb735d10 flushing nmethod 0x0000027ca58dcb10
Event: 4.140 Thread 0x0000027cd1af2f00 Thread exited: 0x0000027cd1af2f00
Event: 4.241 Thread 0x0000027cd136a040 Thread added: 0x0000027cd136a040
Event: 4.244 Thread 0x0000027cd136c570 Thread added: 0x0000027cd136c570
Event: 4.355 Thread 0x0000027cd136e550 Thread added: 0x0000027cd136e550


Dynamic libraries:
0x00007ff6d92c0000 - 0x00007ff6d92ce000 	C:\Program Files\OpenJDK\jdk-19.0.1\bin\java.exe
0x00007ffad9e30000 - 0x00007ffada044000 	C:\Windows\SYSTEM32\ntdll.dll
0x00007ffad8df0000 - 0x00007ffad8eb3000 	C:\Windows\System32\KERNEL32.DLL
0x00007ffad7880000 - 0x00007ffad7c1d000 	C:\Windows\System32\KERNELBASE.dll
0x00007ffad7760000 - 0x00007ffad7871000 	C:\Windows\System32\ucrtbase.dll
0x00007ffab6080000 - 0x00007ffab609b000 	C:\Program Files\OpenJDK\jdk-19.0.1\bin\VCRUNTIME140.dll
0x00007ffab4420000 - 0x00007ffab4437000 	C:\Program Files\OpenJDK\jdk-19.0.1\bin\jli.dll
0x00007ffad92b0000 - 0x00007ffad945d000 	C:\Windows\System32\USER32.dll
0x00007ffad73c0000 - 0x00007ffad73e6000 	C:\Windows\System32\win32u.dll
0x00007ffad80d0000 - 0x00007ffad80f9000 	C:\Windows\System32\GDI32.dll
0x00007ffabd7f0000 - 0x00007ffabda7e000 	C:\Windows\WinSxS\amd64_microsoft.windows.common-controls_6595b64144ccf1df_6.0.22621.608_none_a9444ca7c10bb01d\COMCTL32.dll
0x00007ffad7640000 - 0x00007ffad7752000 	C:\Windows\System32\gdi32full.dll
0x00007ffad94c0000 - 0x00007ffad9567000 	C:\Windows\System32\msvcrt.dll
0x00007ffad74b0000 - 0x00007ffad754a000 	C:\Windows\System32\msvcp_win.dll
0x00007ffad7dc0000 - 0x00007ffad7df2000 	C:\Windows\System32\IMM32.DLL
0x00007ffabc990000 - 0x00007ffabc99c000 	C:\Program Files\OpenJDK\jdk-19.0.1\bin\vcruntime140_1.dll
0x00007ffaa1910000 - 0x00007ffaa199e000 	C:\Program Files\OpenJDK\jdk-19.0.1\bin\msvcp140.dll
0x00007ffa5e4b0000 - 0x00007ffa5f170000 	C:\Program Files\OpenJDK\jdk-19.0.1\bin\server\jvm.dll
0x00007ffad8fc0000 - 0x00007ffad906e000 	C:\Windows\System32\ADVAPI32.dll
0x00007ffad8100000 - 0x00007ffad81a4000 	C:\Windows\System32\sechost.dll
0x00007ffad8ac0000 - 0x00007ffad8bd5000 	C:\Windows\System32\RPCRT4.dll
0x00007ffac14c0000 - 0x00007ffac14f4000 	C:\Windows\SYSTEM32\WINMM.dll
0x00007ffad09e0000 - 0x00007ffad09ea000 	C:\Windows\SYSTEM32\VERSION.dll
0x00007ffabedf0000 - 0x00007ffabedf9000 	C:\Windows\SYSTEM32\WSOCK32.dll
0x00007ffad9230000 - 0x00007ffad92a1000 	C:\Windows\System32\WS2_32.dll
0x00007ffad6350000 - 0x00007ffad6368000 	C:\Windows\SYSTEM32\kernel.appcore.dll
0x00007ffabc950000 - 0x00007ffabc95a000 	C:\Program Files\OpenJDK\jdk-19.0.1\bin\jimage.dll
0x00007ffad4cf0000 - 0x00007ffad4f1e000 	C:\Windows\SYSTEM32\DBGHELP.DLL
0x00007ffad9a60000 - 0x00007ffad9dea000 	C:\Windows\System32\combase.dll
0x00007ffad8ec0000 - 0x00007ffad8f97000 	C:\Windows\System32\OLEAUT32.dll
0x00007ffac95b0000 - 0x00007ffac95e2000 	C:\Windows\SYSTEM32\dbgcore.DLL
0x00007ffad75c0000 - 0x00007ffad763b000 	C:\Windows\System32\bcryptPrimitives.dll
0x00007ffaabb60000 - 0x00007ffaabb86000 	C:\Program Files\OpenJDK\jdk-19.0.1\bin\java.dll
0x00007ffaa17a0000 - 0x00007ffaa1877000 	C:\Program Files\OpenJDK\jdk-19.0.1\bin\jsvml.dll
0x00007ffad82d0000 - 0x00007ffad8abf000 	C:\Windows\System32\SHELL32.dll
0x00007ffad5230000 - 0x00007ffad5af8000 	C:\Windows\SYSTEM32\windows.storage.dll
0x00007ffad5080000 - 0x00007ffad51be000 	C:\Windows\SYSTEM32\wintypes.dll
0x00007ffad9080000 - 0x00007ffad9171000 	C:\Windows\System32\SHCORE.dll
0x00007ffad9460000 - 0x00007ffad94be000 	C:\Windows\System32\shlwapi.dll
0x00007ffad7180000 - 0x00007ffad71a1000 	C:\Windows\SYSTEM32\profapi.dll
0x00007ffaabb40000 - 0x00007ffaabb53000 	C:\Program Files\OpenJDK\jdk-19.0.1\bin\net.dll
0x00007ffad1070000 - 0x00007ffad119f000 	C:\Windows\SYSTEM32\WINHTTP.dll
0x00007ffad67b0000 - 0x00007ffad6819000 	C:\Windows\system32\mswsock.dll
0x00007ffaa8ae0000 - 0x00007ffaa8af6000 	C:\Program Files\OpenJDK\jdk-19.0.1\bin\nio.dll
0x00007ffaa8780000 - 0x00007ffaa8798000 	C:\Program Files\OpenJDK\jdk-19.0.1\bin\zip.dll
0x00007ffad5dc0000 - 0x00007ffad5ded000 	C:\Windows\SYSTEM32\IPHLPAPI.DLL
0x00007ffad80c0000 - 0x00007ffad80c9000 	C:\Windows\System32\NSI.dll
0x00007ffad1500000 - 0x00007ffad1519000 	C:\Windows\SYSTEM32\dhcpcsvc6.DLL
0x00007ffad1050000 - 0x00007ffad106f000 	C:\Windows\SYSTEM32\dhcpcsvc.DLL
0x00007ffad5df0000 - 0x00007ffad5ee2000 	C:\Windows\SYSTEM32\DNSAPI.dll
0x00007ffabc210000 - 0x00007ffabc218000 	C:\Program Files\OpenJDK\jdk-19.0.1\bin\extnet.dll
0x00007ffabc1b0000 - 0x00007ffabc1c0000 	C:\Program Files\OpenJDK\jdk-19.0.1\bin\verify.dll
0x00007ffad6ad0000 - 0x00007ffad6aeb000 	C:\Windows\SYSTEM32\CRYPTSP.dll
0x00007ffad62c0000 - 0x00007ffad62f5000 	C:\Windows\system32\rsaenh.dll
0x00007ffad6850000 - 0x00007ffad6878000 	C:\Windows\SYSTEM32\USERENV.dll
0x00007ffad6c10000 - 0x00007ffad6c38000 	C:\Windows\SYSTEM32\bcrypt.dll
0x00007ffad6ab0000 - 0x00007ffad6abc000 	C:\Windows\SYSTEM32\CRYPTBASE.dll
0x00007ffabda90000 - 0x00007ffabdaa7000 	C:\Windows\system32\napinsp.dll
0x00007ffabd3b0000 - 0x00007ffabd3cb000 	C:\Windows\system32\pnrpnsp.dll
0x00007ffabd350000 - 0x00007ffabd361000 	C:\Windows\System32\winrnr.dll
0x00007ffad14a0000 - 0x00007ffad14b5000 	C:\Windows\system32\wshbth.dll
0x00007ffabd320000 - 0x00007ffabd341000 	C:\Windows\system32\nlansp_c.dll
0x00007ffac7230000 - 0x00007ffac723a000 	C:\Windows\System32\rasadhlp.dll
0x00007ffad0b20000 - 0x00007ffad0ba3000 	C:\Windows\System32\fwpuclnt.dll
0x00007ffabc2a0000 - 0x00007ffabc2ae000 	C:\Program Files\OpenJDK\jdk-19.0.1\bin\sunmscapi.dll
0x00007ffad7250000 - 0x00007ffad73b6000 	C:\Windows\System32\CRYPT32.dll
0x00007ffad6be0000 - 0x00007ffad6c0d000 	C:\Windows\SYSTEM32\ncrypt.dll
0x00007ffad6ba0000 - 0x00007ffad6bd7000 	C:\Windows\SYSTEM32\NTASN1.dll
0x00007ffabc770000 - 0x00007ffabc77a000 	C:\Program Files\OpenJDK\jdk-19.0.1\bin\management.dll
0x00007ffabc380000 - 0x00007ffabc38b000 	C:\Program Files\OpenJDK\jdk-19.0.1\bin\management_ext.dll
0x00007ffad81b0000 - 0x00007ffad81b8000 	C:\Windows\System32\PSAPI.DLL

dbghelp: loaded successfully - version: 4.0.5 - missing functions: none
symbol engine: initialized successfully - sym options: 0x614 - pdb path: .;C:\Program Files\OpenJDK\jdk-19.0.1\bin;C:\Windows\SYSTEM32;C:\Windows\WinSxS\amd64_microsoft.windows.common-controls_6595b64144ccf1df_6.0.22621.608_none_a9444ca7c10bb01d;C:\Program Files\OpenJDK\jdk-19.0.1\bin\server

VM Arguments:
jvm_args: -ea -XX:+ShowCodeDetailsInExceptionMessages -Dspring.jmx.enabled=true -Dmanagement.endpoints.jmx.exposure.include=* -Dspring.application.admin.enabled=true -Dspring.boot.project.name=camundaTest -Djava.rmi.server.hostname=localhost -Dfile.encoding=UTF-8 
java_command: org.eclipse.jdt.internal.junit.runner.RemoteTestRunner -version 3 -port 59954 -testLoaderClass org.eclipse.jdt.internal.junit4.runner.JUnit4TestLoader -loaderpluginname org.eclipse.jdt.junit4.runtime -test com.example.workflow.WorkflowTest:shouldParseXmlFromRest
java_class_path (initial): d:\alfabase\CamundaTest\target\test-classes;d:\alfabase\CamundaTest\target\classes;c:\Users\gajdo\.m2\repository\org\springframework\boot\spring-boot-starter-actuator\2.7.3\spring-boot-starter-actuator-2.7.3.jar;c:\Users\gajdo\.m2\repository\org\springframework\boot\spring-boot-starter\2.7.3\spring-boot-starter-2.7.3.jar;c:\Users\gajdo\.m2\repository\org\springframework\boot\spring-boot\2.7.3\spring-boot-2.7.3.jar;c:\Users\gajdo\.m2\repository\org\springframework\boot\spring-boot-autoconfigure\2.7.3\spring-boot-autoconfigure-2.7.3.jar;c:\Users\gajdo\.m2\repository\org\springframework\boot\spring-boot-starter-logging\2.7.3\spring-boot-starter-logging-2.7.3.jar;c:\Users\gajdo\.m2\repository\ch\qos\logback\logback-classic\1.2.11\logback-classic-1.2.11.jar;c:\Users\gajdo\.m2\repository\ch\qos\logback\logback-core\1.2.11\logback-core-1.2.11.jar;c:\Users\gajdo\.m2\repository\org\apache\logging\log4j\log4j-to-slf4j\2.17.2\log4j-to-slf4j-2.17.2.jar;c:\Users\gajdo\.m2\repository\org\apache\logging\log4j\log4j-api\2.17.2\log4j-api-2.17.2.jar;c:\Users\gajdo\.m2\repository\org\slf4j\jul-to-slf4j\1.7.36\jul-to-slf4j-1.7.36.jar;c:\Users\gajdo\.m2\repository\jakarta\annotation\jakarta.annotation-api\1.3.5\jakarta.annotation-api-1.3.5.jar;c:\Users\gajdo\.m2\repository\org\springframework\spring-core\5.3.22\spring-core-5.3.22.jar;c:\Users\gajdo\.m2\repository\org\springframework\spring-jcl\5.3.22\spring-jcl-5.3.22.jar;c:\Users\gajdo\.m2\repository\org\yaml\snakeyaml\1.30\snakeyaml-1.30.jar;c:\Users\gajdo\.m2\repository\org\springframework\boot\spring-boot-actuator-autoconfigure\2.7.3\spring-boot-actuator-autoconfigure-2.7.3.jar;c:\Users\gajdo\.m2\repository\org\springframework\boot\spring-boot-actuator\2.7.3\spring-boot-actuator-2.7.3.jar;c:\Users\gajdo\.m2\repository\com\fasterxml\jackson\core\jackson-databind\2.13.3\jackson-databind-2.13.3.jar;c:\Users\gajdo\.m2\repository\com\fasterxml\jackson\core\jackson-annotations\2.13.3\jackson-annotations-2.13.3.jar;c:\Users\gajdo\.m2\repository\com\fasterxml\jackson\core\jackson-core\2.13.3\jackson-core-2.13.3.jar;c:\Users\gajdo\.m2\repository\com\fasterxml\jackson\datatype\jackson-datatype-jsr310\2.13.3\jackson-datatype-jsr310-2.13.3.jar;c:\Users\gajdo\.m2\repository\io\micrometer\micrometer-core\1.9.3\micrometer-core-1.9.3.jar;c:\Users\gajdo\.m2\repository\org\hdrhistogram\HdrHistogram\2.1.12\HdrHistogram-2.1.12.jar;c:\Users\gajdo\.m2\repository\org\latencyutils\LatencyUtils\2.0.3\LatencyUtils-2.0.3.jar;c:\Users\gajdo\.m2\repository\org\camunda\bpm\springboot\camunda-bpm-spring-boot-starter-rest\7.18.0\camunda-bpm-spring-boot-starter-rest-7.18.0.jar;c:\Users\gajdo\.m2\repository\org\camunda\bpm\springboot\camunda-bpm-spring-boot-starter\7.18.0\camunda-bpm-spring-boot-starter-7.18.0.jar;c:\Users\gajdo\.m2\repository\org\camunda\bpm\camunda-engine-spring\7.18.0\camunda-engine-spring-7.18.0.jar;c:\Users\gajdo\.m2\repository\org\camunda\bpm\camunda-engine\7.18.0\camunda-engine-7.18.0.jar;c:\Users\gajdo\.m2\repository\org\camunda\bpm\model\camunda-bpmn-model\7.18.0\camunda-bpmn-model-7.18.0.jar;c:\Users\gajdo\.m2\repository\org\camunda\bpm\model\camunda-xml-model\7.18.0\camunda-xml-model-7.18.0.jar;c:\Users\gajdo\.m2\repository\org\camunda\bpm\model\camunda-cmmn-model\7.18.0\camunda-cmmn-model-7.18.0.jar;c:\Users\gajdo\.m2\repository\org\camunda\bpm\dmn\camunda-engine-dmn\7.18.0\camunda-engine-dmn-7.18.0.jar;c:\Users\gajdo\.m2\repository\org\camunda\bpm\model\camunda-dmn-model\7.18.0\camunda-dmn-model-7.18.0.jar;c:\Users\gajdo\.m2\repository\org\camunda\bpm\dmn\camunda-engine-feel-api\7.18.0\camunda-engine-feel-api-7.18.0.jar;c:\Users\gajdo\.m2\repository\org\camunda\bpm\dmn\camunda-engine-feel-juel\7.18.0\camunda-engine-feel-juel-7.18.0.jar;c:\Users\gajdo\.m2\repository\org\camunda\bpm\dmn\camunda-engine-feel-scala\7.18.0\camunda-engine-feel-scala-7.18.0.jar;c:\Users\gajdo\.m2\repository\org\camunda\feel\feel-engine\1.14.2\feel-engine-1.14.2-scala-shaded.jar;c:\Users\gajdo\.m2\repository\org\camunda\commons\camunda-commons-typed-values\7.18.0\camunda-commons-typed-values-7.18.0.jar;c:\Users\gajdo\.m2\repository\org\mybatis\mybatis\3.5.6\mybatis-3.5.6.jar;c:\Users\gajdo\.m2\repository\joda-time\joda-time\2.1\joda-time-2.1.jar;c:\Users\gajdo\.m2\repository\org\camunda\connect\camunda-connect-core\1.5.6\camunda-connect-core-1.5.6.jar;c:\Users\gajdo\.m2\repository\org\camunda\connect\camunda-connect-connectors-all\1.5.6\camunda-connect-connectors-all-1.5.6.jar;c:\Users\gajdo\.m2\repository\org\springframework\spring-context\5.3.22\spring-context-5.3.22.jar;c:\Users\gajdo\.m2\repository\org\springframework\spring-aop\5.3.22\spring-aop-5.3.22.jar;c:\Users\gajdo\.m2\repository\org\springframework\spring-expression\5.3.22\spring-expression-5.3.22.jar;c:\Users\gajdo\.m2\repository\org\springframework\spring-tx\5.3.22\spring-tx-5.3.22.jar;c:\Users\gajdo\.m2\repository\org\springframework\spring-orm\5.3.22\spring-orm-5.3.22.jar;c:\Users\gajdo\.m2\repository\org\apache\commons\commons-lang3\3.12.0\commons-lang3-3.12.0.jar;c:\Users\gajdo\.m2\repository\com\fasterxml\uuid\java-uuid-generator\3.2.0\java-uuid-generator-3.2.0.jar;c:\Users\gajdo\.m2\repository\com\sun\xml\bind\jaxb-impl\2.3.6\jaxb-impl-2.3.6.jar;c:\Users\gajdo\.m2\repository\com\sun\activation\jakarta.activation\1.2.2\jakarta.activation-1.2.2.jar;c:\Users\gajdo\.m2\repository\org\camunda\bpm\camunda-engine-rest-core\7.18.0\camunda-engine-rest-core-7.18.0.jar;c:\Users\gajdo\.m2\repository\commons-fileupload\commons-fileupload\1.4\commons-fileupload-1.4.jar;c:\Users\gajdo\.m2\repository\commons-io\commons-io\2.8.0\commons-io-2.8.0.jar;c:\Users\gajdo\.m2\repository\com\fasterxml\jackson\jaxrs\jackson-jaxrs-json-provider\2.13.3\jackson-jaxrs-json-provider-2.13.3.jar;c:\Users\gajdo\.m2\repository\com\fasterxml\jackson\jaxrs\jackson-jaxrs-base\2.13.3\jackson-jaxrs-base-2.13.3.jar;c:\Users\gajdo\.m2\repository\com\fasterxml\jackson\module\jackson-module-jaxb-annotations\2.13.3\jackson-module-jaxb-annotations-2.13.3.jar;c:\Users\gajdo\.m2\repository\org\springframework\boot\spring-boot-starter-jersey\2.7.3\spring-boot-starter-jersey-2.7.3.jar;c:\Users\gajdo\.m2\repository\org\springframework\boot\spring-boot-starter-json\2.7.3\spring-boot-starter-json-2.7.3.jar;c:\Users\gajdo\.m2\repository\com\fasterxml\jackson\datatype\jackson-datatype-jdk8\2.13.3\jackson-datatype-jdk8-2.13.3.jar;c:\Users\gajdo\.m2\repository\com\fasterxml\jackson\module\jackson-module-parameter-names\2.13.3\jackson-module-parameter-names-2.13.3.jar;c:\Users\gajdo\.m2\repository\org\springframework\boot\spring-boot-starter-tomcat\2.7.3\spring-boot-starter-tomcat-2.7.3.jar;c:\Users\gajdo\.m2\repository\org\apache\tomcat\embed\tomcat-embed-core\9.0.65\tomcat-embed-core-9.0.65.jar;c:\Users\gajdo\.m2\repository\org\apache\tomcat\embed\tomcat-embed-el\9.0.65\tomcat-embed-el-9.0.65.jar;c:\Users\gajdo\.m2\repository\org\apache\tomcat\embed\tomcat-embed-websocket\9.0.65\tomcat-embed-websocket-9.0.65.jar;c:\Users\gajdo\.m2\repository\org\springframework\boot\spring-boot-starter-validation\2.7.3\spring-boot-starter-validation-2.7.3.jar;c:\Users\gajdo\.m2\repository\org\hibernate\validator\hibernate-validator\6.2.4.Final\hibernate-validator-6.2.4.Final.jar;c:\Users\gajdo\.m2\repository\org\jboss\logging\jboss-logging\3.4.3.Final\jboss-logging-3.4.3.Final.jar;c:\Users\gajdo\.m2\repository\com\fasterxml\classmate\1.5.1\classmate-1.5.1.jar;c:\Users\gajdo\.m2\repository\org\springframework\spring-web\5.3.22\spring-web-5.3.22.jar;c:\Users\gajdo\.m2\repository\org\glassfish\jersey\core\jersey-server\2.35\jersey-server-2.35.jar;c:\Users\gajdo\.m2\repository\org\glassfish\jersey\core\jersey-common\2.35\jersey-common-2.35.jar;c:\Users\gajdo\.m2\repository\org\glassfish\hk2\osgi-resource-locator\1.0.3\osgi-resource-locator-1.0.3.jar;c:\Users\gajdo\.m2\repository\org\glassfish\jersey\core\jersey-client\2.35\jersey-client-2.35.jar;c:\Users\gajdo\.m2\repository\jakarta\ws\rs\jakarta.ws.rs-api\2.1.6\jakarta.ws.rs-api-2.1.6.jar;c:\Users\gajdo\.m2\repository\org\glassfish\hk2\external\jakarta.inject\2.6.1\jakarta.inject-2.6.1.jar;c:\Users\gajdo\.m2\repository\jakarta\validation\jakarta.validation-api\2.0.2\jakarta.validation-api-2.0.2.jar;c:\Users\gajdo\.m2\repository\org\glassfish\jersey\containers\jersey-container-servlet-core\2.35\jersey-container-servlet-core-2.35.jar;c:\Users\gajdo\.m2\repository\org\glassfish\jersey\containers\jersey-container-servlet\2.35\jersey-container-servlet-2.35.jar;c:\Users\gajdo\.m2\repository\org\glassfish\jersey\ext\jersey-bean-validation\2.35\jersey-bean-validation-2.35.jar;c:\Users\gajdo\.m2\repository\org\glassfish\jersey\ext\jersey-spring5\2.35\jersey-spring5-2.35.jar;c:\Users\gajdo\.m2\repository\org\glassfish\jersey\inject\jersey-hk2\2.35\jersey-hk2-2.35.jar;c:\Users\gajdo\.m2\repository\org\glassfish\hk2\hk2-locator\2.6.1\hk2-locator-2.6.1.jar;c:\Users\gajdo\.m2\repository\org\glassfish\hk2\external\aopalliance-repackaged\2.6.1\aopalliance-repackaged-2.6.1.jar;c:\Users\gajdo\.m2\repository\org\javassist\javassist\3.25.0-GA\javassist-3.25.0-GA.jar;c:\Users\gajdo\.m2\repository\org\glassfish\hk2\hk2\2.6.1\hk2-2.6.1.jar;c:\Users\gajdo\.m2\repository\org\glassfish\hk2\hk2-utils\2.6.1\hk2-utils-2.6.1.jar;c:\Users\gajdo\.m2\repository\org\glassfish\hk2\hk2-api\2.6.1\hk2-api-2.6.1.jar;c:\Users\gajdo\.m2\repository\org\glassfish\hk2\hk2-core\2.6.1\hk2-core-2.6.1.jar;c:\Users\gajdo\.m2\repository\org\glassfish\hk2\hk2-runlevel\2.6.1\hk2-runlevel-2.6.1.jar;c:\Users\gajdo\.m2\repository\org\glassfish\hk2\class-model\2.6.1\class-model-2.6.1.jar;c:\Users\gajdo\.m2\repository\org\ow2\asm\asm\7.1\asm-7.1.jar;c:\Users\gajdo\.m2\repository\org\ow2\asm\asm-analysis\7.1\asm-analysis-7.1.jar;c:\Users\gajdo\.m2\repository\org\ow2\asm\asm-commons\7.1\asm-commons-7.1.jar;c:\Users\gajdo\.m2\repository\org\ow2\asm\asm-tree\7.1\asm-tree-7.1.jar;c:\Users\gajdo\.m2\repository\org\ow2\asm\asm-util\7.1\asm-util-7.1.jar;c:\Users\gajdo\.m2\repository\org\glassfish\hk2\spring-bridge\2.6.1\spring-bridge-2.6.1.jar;c:\Users\gajdo\.m2\repository\org\glassfish\jersey\media\jersey-media-json-jackson\2.35\jersey-media-json-jackson-2.35.jar;c:\Users\gajdo\.m2\repository\org\glassfish\jersey\ext\jersey-entity-filtering\2.35\jersey-entity-filtering-2.35.jar;c:\Users\gajdo\.m2\repository\org\camunda\bpm\springboot\camunda-bpm-spring-boot-starter-webapp\7.18.0\camunda-bpm-spring-boot-starter-webapp-7.18.0.jar;c:\Users\gajdo\.m2\repository\org\camunda\bpm\springboot\camunda-bpm-spring-boot-starter-webapp-core\7.18.0\camunda-bpm-spring-boot-starter-webapp-core-7.18.0.jar;c:\Users\gajdo\.m2\repository\org\camunda\bpm\webapp\camunda-webapp\7.18.0\camunda-webapp-7.18.0-classes.jar;c:\Users\gajdo\.m2\repository\org\springframework\boot\spring-boot-starter-web\2.7.3\spring-boot-starter-web-2.7.3.jar;c:\Users\gajdo\.m2\repository\org\springframework\spring-webmvc\5.3.22\spring-webmvc-5.3.22.jar;c:\Users\gajdo\.m2\repository\org\camunda\bpm\webapp\camunda-webapp-webjar\7.18.0\camunda-webapp-webjar-7.18.0.jar;c:\Users\gajdo\.m2\repository\org\camunda\bpm\camunda-engine-plugin-spin\7.18.0\camunda-engine-plugin-spin-7.18.0.jar;c:\Users\gajdo\.m2\repository\org\camunda\spin\camunda-spin-core\1.18.0\camunda-spin-core-1.18.0.jar;c:\Users\gajdo\.m2\repository\org\camunda\spin\camunda-spin-dataformat-all\1.18.0\camunda-spin-dataformat-all-1.18.0.jar;c:\Users\gajdo\.m2\repository\org\camunda\commons\camunda-commons-logging\1.12.0\camunda-commons-logging-1.12.0.jar;c:\Users\gajdo\.m2\repository\org\slf4j\slf4j-api\1.7.36\slf4j-api-1.7.36.jar;c:\Users\gajdo\.m2\repository\org\camunda\commons\camunda-commons-utils\1.12.0\camunda-commons-utils-1.12.0.jar;c:\Users\gajdo\.m2\repository\org\camunda\bpm\springboot\camunda-bpm-spring-boot-starter-test\7.18.0\camunda-bpm-spring-boot-starter-test-7.18.0.jar;c:\Users\gajdo\.m2\repository\org\springframework\boot\spring-boot-starter-test\2.7.3\spring-boot-starter-test-2.7.3.jar;c:\Users\gajdo\.m2\repository\org\springframework\boot\spring-boot-test\2.7.3\spring-boot-test-2.7.3.jar;c:\Users\gajdo\.m2\repository\org\springframework\boot\spring-boot-test-autoconfigure\2.7.3\spring-boot-test-autoconfigure-2.7.3.jar;c:\Users\gajdo\.m2\repository\com\jayway\jsonpath\json-path\2.7.0\json-path-2.7.0.jar;c:\Users\gajdo\.m2\repository\net\minidev\json-smart\2.4.8\json-smart-2.4.8.jar;c:\Users\gajdo\.m2\repository\net\minidev\accessors-smart\2.4.8\accessors-smart-2.4.8.jar;c:\Users\gajdo\.m2\repository\jakarta\xml\bind\jakarta.xml.bind-api\2.3.3\jakarta.xml.bind-api-2.3.3.jar;c:\Users\gajdo\.m2\repository\jakarta\activation\jakarta.activation-api\1.2.2\jakarta.activation-api-1.2.2.jar;c:\Users\gajdo\.m2\repository\org\assertj\assertj-core\3.22.0\assertj-core-3.22.0.jar;c:\Users\gajdo\.m2\repository\org\hamcrest\hamcrest\2.2\hamcrest-2.2.jar;c:\Users\gajdo\.m2\repository\org\junit\jupiter\junit-jupiter\5.8.2\junit-jupiter-5.8.2.jar;c:\Users\gajdo\.m2\repository\org\junit\jupiter\junit-jupiter-api\5.8.2\junit-jupiter-api-5.8.2.jar;c:\Users\gajdo\.m2\repository\org\junit\jupiter\junit-jupiter-params\5.8.2\junit-jupiter-params-5.8.2.jar;c:\Users\gajdo\.m2\repository\org\junit\jupiter\junit-jupiter-engine\5.8.2\junit-jupiter-engine-5.8.2.jar;c:\Users\gajdo\.m2\repository\org\mockito\mockito-core\4.5.1\mockito-core-4.5.1.jar;c:\Users\gajdo\.m2\repository\net\bytebuddy\byte-buddy\1.12.13\byte-buddy-1.12.13.jar;c:\Users\gajdo\.m2\repository\net\bytebuddy\byte-buddy-agent\1.12.13\byte-buddy-agent-1.12.13.jar;c:\Users\gajdo\.m2\repository\org\objenesis\objenesis\3.2\objenesis-3.2.jar;c:\Users\gajdo\.m2\repository\org\mockito\mockito-junit-jupiter\4.5.1\mockito-junit-jupiter-4.5.1.jar;c:\Users\gajdo\.m2\repository\org\skyscreamer\jsonassert\1.5.1\jsonassert-1.5.1.jar;c:\Users\gajdo\.m2\repository\com\vaadin\external\google\android-json\0.0.20131108.vaadin1\android-json-0.0.20131108.vaadin1.jar;c:\Users\gajdo\.m2\repository\org\springframework\spring-test\5.3.22\spring-test-5.3.22.jar;c:\Users\gajdo\.m2\repository\org\xmlunit\xmlunit-core\2.9.0\xmlunit-core-2.9.0.jar;c:\Users\gajdo\.m2\repository\org\junit\vintage\junit-vintage-engine\5.8.2\junit-vintage-engine-5.8.2.jar;c:\Users\gajdo\.m2\repository\org\junit\platform\junit-platform-engine\1.8.2\junit-platform-engine-1.8.2.jar;c:\Users\gajdo\.m2\repository\org\opentest4j\opentest4j\1.2.0\opentest4j-1.2.0.jar;c:\Users\gajdo\.m2\repository\org\junit\platform\junit-platform-commons\1.8.2\junit-platform-commons-1.8.2.jar;c:\Users\gajdo\.m2\repository\junit\junit\4.13.2\junit-4.13.2.jar;c:\Users\gajdo\.m2\repository\org\apiguardian\apiguardian-api\1.1.2\apiguardian-api-1.1.2.jar;c:\Users\gajdo\.m2\repository\org\camunda\bpm\camunda-bpm-assert\7.18.0\camunda-bpm-assert-7.18.0.jar;c:\Users\gajdo\.m2\repository\com\h2database\h2\2.1.214\h2-2.1.214.jar;c:\Users\gajdo\.m2\repository\org\springframework\boot\spring-boot-starter-jdbc\2.7.3\spring-boot-starter-jdbc-2.7.3.jar;c:\Users\gajdo\.m2\repository\com\zaxxer\HikariCP\4.0.3\HikariCP-4.0.3.jar;c:\Users\gajdo\.m2\repository\org\springframework\spring-jdbc\5.3.22\spring-jdbc-5.3.22.jar;c:\Users\gajdo\.m2\repository\org\springframework\spring-beans\5.3.22\spring-beans-5.3.22.jar;c:\Users\gajdo\AppData\Roaming\Code\User\globalStorage\redhat.java\1.13.0\config_win\org.eclipse.osgi\101\0\.cp;c:\Users\gajdo\AppData\Roaming\Code\User\globalStorage\redhat.java\1.13.0\config_win\org.eclipse.osgi\51\0\.cp
Launcher Type: SUN_STANDARD

[Global flags]
     intx CICompilerCount                          = 15                                        {product} {ergonomic}
     uint ConcGCThreads                            = 6                                         {product} {ergonomic}
     uint G1ConcRefinementThreads                  = 23                                        {product} {ergonomic}
   size_t G1HeapRegionSize                         = 4194304                                   {product} {ergonomic}
    uintx GCDrainStackTargetSize                   = 64                                        {product} {ergonomic}
   size_t InitialHeapSize                          = 532676608                                 {product} {ergonomic}
   size_t MarkStackSize                            = 4194304                                   {product} {ergonomic}
   size_t MaxHeapSize                              = 8518631424                                {product} {ergonomic}
   size_t MaxNewSize                               = 5108662272                                {product} {ergonomic}
   size_t MinHeapDeltaBytes                        = 4194304                                   {product} {ergonomic}
   size_t MinHeapSize                              = 8388608                                   {product} {ergonomic}
    uintx NonNMethodCodeHeapSize                   = 8192380                                {pd product} {ergonomic}
    uintx NonProfiledCodeHeapSize                  = 121732930                              {pd product} {ergonomic}
    uintx ProfiledCodeHeapSize                     = 121732930                              {pd product} {ergonomic}
    uintx ReservedCodeCacheSize                    = 251658240                              {pd product} {ergonomic}
     bool SegmentedCodeCache                       = true                                      {product} {ergonomic}
     bool ShowCodeDetailsInExceptionMessages       = true                                   {manageable} {command line}
   size_t SoftMaxHeapSize                          = 8518631424                             {manageable} {ergonomic}
     bool UseCompressedClassPointers               = true                           {product lp64_product} {ergonomic}
     bool UseCompressedOops                        = true                           {product lp64_product} {ergonomic}
     bool UseG1GC                                  = true                                      {product} {ergonomic}
     bool UseLargePagesIndividualAllocation        = false                                  {pd product} {ergonomic}

Logging:
Log output configuration:
 #0: stdout all=warning uptime,level,tags foldmultilines=false
 #1: stderr all=off uptime,level,tags foldmultilines=false

Environment Variables:
JAVA_HOME=C:\Program Files\OpenJDK\jdk-19.0.1
PATH=C:\Program Files (x86)\Common Files\Oracle\Java\javapath;C:\Windows\system32;C:\Windows;C:\Windows\System32\Wbem;C:\Windows\System32\WindowsPowerShell\v1.0\;C:\Windows\System32\OpenSSH\;C:\Users\gajdo\AppData\Roaming\nvm;C:\Program Files\nodejs;C:\Program Files (x86)\Java\apache-maven-3.8.7-bin\apache-maven-3.8.7\bin;C:\ProgramData\chocolatey\bin;C:\ProgramData\chocolatey\lib\maven\apache-maven-3.8.7\bin;C:\Program Files\OpenJDK\jdk-19.0.1\bin;C:\Users\gajdo\AppData\Local\Microsoft\WindowsApps;C:\Users\gajdo\AppData\Local\Programs\Microsoft VS Code\bin;C:\Users\gajdo\AppData\Roaming\nvm;C:\Program Files\nodejs
USERNAME=gajdo
OS=Windows_NT
PROCESSOR_IDENTIFIER=AMD64 Family 25 Model 97 Stepping 2, AuthenticAMD
TMP=C:\Users\gajdo\AppData\Local\Temp
TEMP=C:\Users\gajdo\AppData\Local\Temp



---------------  S Y S T E M  ---------------

OS:
 Windows 11 , 64 bit Build 22621 (10.0.22621.1105)
OS uptime: 0 days 10:28 hours
Hyper-V role detected

CPU: total 32 (initial active 32) (32 cores per cpu, 2 threads per core) family 25 model 97 stepping 2 microcode 0x0, cx8, cmov, fxsr, ht, mmx, 3dnowpref, sse, sse2, sse3, ssse3, sse4a, sse4.1, sse4.2, popcnt, lzcnt, tsc, tscinvbit, avx, avx2, aes, erms, clmul, bmi1, bmi2, adx, avx512f, avx512dq, avx512cd, avx512bw, avx512vl, sha, fma, vzeroupper, avx512_vpopcntdq, avx512_vpclmulqdq, avx512_vaes, avx512_vnni, clflush, clflushopt, avx512_vbmi2, avx512_vbmi, hv, rdtscp, rdpid, fsrm, gfni, avx512_bitalg

Memory: 4k page, system-wide physical 32489M (20717M free)
TotalPageFile size 34537M (AvailPageFile size 17341M)
current process WorkingSet (physical memory assigned to process): 532M, peak: 532M
current process commit charge ("private bytes"): 609M, peak: 724M

vm_info: OpenJDK 64-Bit Server VM (19.0.1+10-21) for windows-amd64 JRE (19.0.1+10-21), built on 2022-09-14T12:45:06Z by "mach5one" with MS VC++ 17.1 (VS2022)

END.
