#
# A fatal error has been detected by the Java Runtime Environment:
#
#  EXCEPTION_ACCESS_VIOLATION (0xc0000005) at pc=0x00007ff841b0dea0, pid=29788, tid=26892
#
# JRE version: OpenJDK Runtime Environment Temurin-17.0.5+8 (17.0.5+8) (build 17.0.5+8)
# Java VM: OpenJDK 64-Bit Server VM Temurin-17.0.5+8 (17.0.5+8, mixed mode, tiered, compressed oops, compressed class ptrs, parallel gc, windows-amd64)
# Problematic frame:
# C  [ntdll.dll+0x3dea0]
#
# No core dump will be written. Minidumps are not enabled by default on client versions of Windows
#
# If you would like to submit a bug report, please visit:
#   https://github.com/adoptium/adoptium-support/issues
#

---------------  S U M M A R Y ------------

Command Line: --add-modules=ALL-SYSTEM --add-opens=java.base/java.util=ALL-UNNAMED --add-opens=java.base/java.lang=ALL-UNNAMED --add-opens=java.base/sun.nio.fs=ALL-UNNAMED -Declipse.application=org.eclipse.jdt.ls.core.id1 -Dosgi.bundles.defaultStartLevel=4 -Declipse.product=org.eclipse.jdt.ls.core.product -Djava.import.generatesMetadataFilesAtProjectRoot=false -Dfile.encoding=utf8 -XX:+UseParallelGC -XX:GCTimeRatio=4 -XX:AdaptiveSizePolicyWeight=90 -Dsun.zip.disableMemoryMapping=true -Xmx1G -Xms100m -Xlog:disable -javaagent:c:\Users\gajdo\.vscode\extensions\redhat.java-1.13.0-win32-x64\lombok\lombok-1.18.24.jar c:\Users\gajdo\.vscode\extensions\redhat.java-1.13.0-win32-x64\server\plugins\org.eclipse.equinox.launcher_1.6.400.v20210924-0641.jar -configuration c:\Users\gajdo\AppData\Roaming\Code\User\globalStorage\redhat.java\1.13.0\config_ss_win -data c:\Users\gajdo\AppData\Roaming\Code\User\workspaceStorage\a7ad9fa10a0148d14975a44dec37d114\redhat.java\ss_ws

Host: AMD Ryzen 9 7950X 16-Core Processor            , 32 cores, 31G,  Windows 11 , 64 bit Build 22621 (10.0.22621.963)
Time: Tue Jan 10 14:47:43 2023 Stredoeurópsky 4 bit Build 22621 (10.0.22621.963) elapsed time: 0.192507 seconds (0d 0h 0m 0s)

---------------  T H R E A D  ---------------

Current thread (0x000001401ed184b0):  JavaThread "C2 CompilerThread1" daemon [_thread_in_vm, id=26892, stack(0x000000320ad00000,0x000000320ae00000)]


Current CompileTask:
C2:    192  676       4       java.util.HashSet::iterator (13 bytes)

Stack: [0x000000320ad00000,0x000000320ae00000],  sp=0x000000320adfefc0,  free space=1019k
Native frames: (J=compiled Java code, j=interpreted, Vv=VM code, C=native code)
C  [ntdll.dll+0x3dea0]
C  [ntdll.dll+0x3ce8a]
C  [ucrtbase.dll+0x11b06]
V  [jvm.dll+0x6694bc]
V  [jvm.dll+0xa62f3]
V  [jvm.dll+0x7eb0a8]
V  [jvm.dll+0x7eabe6]
V  [jvm.dll+0x7e131e]
V  [jvm.dll+0x227658]
V  [jvm.dll+0x227b49]
V  [jvm.dll+0x224b0c]
V  [jvm.dll+0x7e727b]
V  [jvm.dll+0x7e17ea]
V  [jvm.dll+0x6759e5]
C  [ucrtbase.dll+0x29363]
C  [KERNEL32.DLL+0x126bd]
C  [ntdll.dll+0x5dfb8]


siginfo: EXCEPTION_ACCESS_VIOLATION (0xc0000005), reading address 0xffffffffffffffff


Register to memory mapping:

RIP=0x00007ff841b0dea0 ntdll.dll
RAX=0x0000000090001b41 is an unknown value
RBX=0x0000014022a092c0 points into unknown readable memory: 0x1500012d0037000a | 0a 00 37 00 2d 01 00 15
RCX=0x0000000090001b43 is an unknown value
RDX=0x0000014022a092c0 points into unknown readable memory: 0x1500012d0037000a | 0a 00 37 00 2d 01 00 15
RSP=0x000000320adfefc0 is pointing into the stack for thread: 0x000001401ed184b0
RBP=0x0000000000000064 is an unknown value
RSI=0x0000000000000010 is an unknown value
RDI=0x0000014022c2dee0 points into unknown readable memory: 0x0000000000000000 | 00 00 00 00 00 00 00 00
R8 =0x0 is NULL
R9 =0x1500012d0037000a is an unknown value
R10=0x0000000000008000 is an unknown value
R11=0x00000000000000ff is an unknown value
R12=0x00007ff841ad0000 ntdll.dll
R13=0x0000000000000001 is an unknown value
R14=0x0000014006c64140 points into unknown readable memory: 0x0000014006c60d80 | 80 0d c6 06 40 01 00 00
R15=0x0000014006c602a4 points into unknown readable memory: 01 00 00 01


Registers:
RAX=0x0000000090001b41, RBX=0x0000014022a092c0, RCX=0x0000000090001b43, RDX=0x0000014022a092c0
RSP=0x000000320adfefc0, RBP=0x0000000000000064, RSI=0x0000000000000010, RDI=0x0000014022c2dee0
R8 =0x0000000000000000, R9 =0x1500012d0037000a, R10=0x0000000000008000, R11=0x00000000000000ff
R12=0x00007ff841ad0000, R13=0x0000000000000001, R14=0x0000014006c64140, R15=0x0000014006c602a4
RIP=0x00007ff841b0dea0, EFLAGS=0x0000000000010246

Top of Stack: (sp=0x000000320adfefc0)
0x000000320adfefc0:   0000014022c2dee0 0000014006c64140
0x000000320adfefd0:   00007ff841ad0000 0000014022b09300
0x000000320adfefe0:   0000000000000200 000001400013001b
0x000000320adfeff0:   0000014006c64150 0000014006c64140
0x000000320adff000:   0000000100000000 0000014006c60d80
0x000000320adff010:   0000014006c602a4 0000000000000010
0x000000320adff020:   0000014006c60d80 0000014006c63e40
0x000000320adff030:   0000014022b27310 0000000000000008
0x000000320adff040:   0000000000000000 0000000000000010
0x000000320adff050:   0000000000000000 0000000000000001
0x000000320adff060:   0000000000000000 000000320adff119
0x000000320adff070:   0000014006e00000 00007ff841b0ce8a
0x000000320adff080:   0000014006c60000 0000000000000004
0x000000320adff090:   0000000000000008 0000003200000000
0x000000320adff0a0:   0000014006e00000 00007ff841b0ce8a
0x000000320adff0b0:   0000014000000002 0000000000000000 

Instructions: (pc=0x00007ff841b0dea0)
0x00007ff841b0dda0:   20 45 0f b7 8c 44 80 b0 13 00 e8 91 3c 00 00 90
0x00007ff841b0ddb0:   8b 43 2c 85 c0 0f 84 75 03 00 00 a8 06 0f 85 6d
0x00007ff841b0ddc0:   03 00 00 8b c8 83 c9 06 f0 0f b1 4b 2c 75 e1 4c
0x00007ff841b0ddd0:   8b 03 4c 8b 74 24 38 4d 3b c6 0f 85 9f f0 07 00
0x00007ff841b0dde0:   e8 9b d4 ff ff 85 c0 0f 85 28 f2 07 00 b9 80 03
0x00007ff841b0ddf0:   fe 7f 80 39 00 0f 85 36 f2 07 00 49 87 5e 08 bd
0x00007ff841b0de00:   64 00 00 00 41 ba 00 80 00 00 41 bb ff 00 00 00
0x00007ff841b0de10:   48 85 db 0f 84 4f f9 ff ff 0f 0d 4b 2c 8b 43 2c
0x00007ff841b0de20:   8b c8 83 e1 f9 f0 0f b1 4b 2c 75 f4 83 f8 06 0f
0x00007ff841b0de30:   84 eb 04 00 00 48 8b d3 49 8b ce e8 0c 57 02 00
0x00007ff841b0de40:   41 ba 00 80 00 00 41 bb ff 00 00 00 84 c0 0f 84
0x00007ff841b0de50:   14 f9 ff ff 0f 1f 40 00 0f 1f 84 00 00 00 00 00
0x00007ff841b0de60:   8b 43 2c bd 64 00 00 00 41 ba 00 80 00 00 41 bb
0x00007ff841b0de70:   ff 00 00 00 85 c0 0f 84 ec f8 ff ff a8 02 0f 85
0x00007ff841b0de80:   e4 f8 ff ff 8b c8 83 c9 02 f0 0f b1 4b 2c 75 d0
0x00007ff841b0de90:   4c 8b 0b 45 33 c0 66 66 0f 1f 84 00 00 00 00 00
0x00007ff841b0dea0:   41 0f b7 81 ae 00 00 00 41 03 c0 83 e0 0f 49 8b
0x00007ff841b0deb0:   54 c1 10 49 8d 0c c1 48 85 d2 0f 84 53 03 00 00
0x00007ff841b0dec0:   8b 42 2c 41 84 c5 0f 85 66 03 00 00 48 8b c2 f0
0x00007ff841b0ded0:   48 0f b1 59 10 0f 85 57 03 00 00 0f 0d 4a 2c 8b
0x00007ff841b0dee0:   42 2c 8b c8 83 e1 fd f0 0f b1 4a 2c 75 f4 bd 64
0x00007ff841b0def0:   00 00 00 41 ba 00 80 00 00 41 bb ff 00 00 00 83
0x00007ff841b0df00:   f8 02 0f 85 60 f8 ff ff 48 8b 02 48 8b 08 48 c7
0x00007ff841b0df10:   02 00 00 00 00 48 83 c2 30 e8 a2 4c 06 00 e9 39
0x00007ff841b0df20:   f8 ff ff 48 85 db 0f 84 0e 02 00 00 4d 85 ed 0f
0x00007ff841b0df30:   84 b9 fc ff ff 41 0f 0d 4d 2c 41 8b 45 2c 8b c8
0x00007ff841b0df40:   83 e1 fd f0 41 0f b1 4d 2c 75 f3 83 f8 02 75 27
0x00007ff841b0df50:   49 8b 45 00 49 8d 55 30 48 8b 08 49 c7 45 00 00
0x00007ff841b0df60:   00 00 00 e8 58 4c 06 00 48 8b 44 24 30 e9 6a fa
0x00007ff841b0df70:   ff ff 4c 8b 74 24 38 8b 84 24 c8 00 00 00 41 88
0x00007ff841b0df80:   45 2b 41 8b 45 2c 4c 8d 25 73 20 fc ff 41 ba 00
0x00007ff841b0df90:   80 00 00 41 bb ff 00 00 00 bd 64 00 00 00 85 c0 


Stack slot to memory mapping:
stack at sp + 0 slots: 0x0000014022c2dee0 points into unknown readable memory: 0x0000000000000000 | 00 00 00 00 00 00 00 00
stack at sp + 1 slots: 0x0000014006c64140 points into unknown readable memory: 0x0000014006c60d80 | 80 0d c6 06 40 01 00 00
stack at sp + 2 slots: 0x00007ff841ad0000 ntdll.dll
stack at sp + 3 slots: 0x0000014022b09300 points into unknown readable memory: 0x0000014006c64140 | 40 41 c6 06 40 01 00 00
stack at sp + 4 slots: 0x0000000000000200 is an unknown value
stack at sp + 5 slots: 0x000001400013001b is an unknown value
stack at sp + 6 slots: 0x0000014006c64150 points into unknown readable memory: 0x0000014022b09300 | 00 93 b0 22 40 01 00 00
stack at sp + 7 slots: 0x0000014006c64140 points into unknown readable memory: 0x0000014006c60d80 | 80 0d c6 06 40 01 00 00


---------------  P R O C E S S  ---------------

Threads class SMR info:
_java_thread_list=0x0000014023deb770, length=19, elements={
0x000001400905cff0, 0x0000014009119c80, 0x000001400911a540, 0x000001401cedb3e0,
0x000001401cedbda0, 0x000001401cede960, 0x000001401eb6cd70, 0x000001401eb74dc0,
0x000001401eb75f10, 0x000001401eb77790, 0x000001401ec1aa50, 0x00000140090bec10,
0x000001401ed184b0, 0x000001401ed189c0, 0x0000014022a3dd80, 0x0000014022a3e340,
0x0000014022a3e900, 0x0000014022a96390, 0x0000014022b28360
}
_to_delete_list=0x0000014022aad2e0, length=18, elements={
0x000001400905cff0, 0x0000014009119c80, 0x000001400911a540, 0x000001401cedb3e0,
0x000001401cedbda0, 0x000001401cede960, 0x000001401eb6cd70, 0x000001401eb74dc0,
0x000001401eb75f10, 0x000001401eb77790, 0x000001401ec1aa50, 0x00000140090bec10,
0x000001401ed184b0, 0x000001401ed189c0, 0x0000014022a3dd80, 0x0000014022a3e340,
0x0000014022a3e900, 0x0000014022a96390
}

Java Threads: ( => current thread )
  0x000001400905cff0 JavaThread "main" [_thread_blocked, id=31220, stack(0x0000003209f00000,0x000000320a000000)]
  0x0000014009119c80 JavaThread "Reference Handler" daemon [_thread_blocked, id=30052, stack(0x000000320a200000,0x000000320a300000)]
  0x000001400911a540 JavaThread "Finalizer" daemon [_thread_blocked, id=30444, stack(0x000000320a300000,0x000000320a400000)]
  0x000001401cedb3e0 JavaThread "Signal Dispatcher" daemon [_thread_blocked, id=27072, stack(0x000000320a400000,0x000000320a500000)]
  0x000001401cedbda0 JavaThread "Attach Listener" daemon [_thread_blocked, id=29756, stack(0x000000320a500000,0x000000320a600000)]
  0x000001401cede960 JavaThread "Service Thread" daemon [_thread_blocked, id=27040, stack(0x000000320a600000,0x000000320a700000)]
  0x000001401eb6cd70 JavaThread "Monitor Deflation Thread" daemon [_thread_blocked, id=24524, stack(0x000000320a700000,0x000000320a800000)]
  0x000001401eb74dc0 JavaThread "C2 CompilerThread0" daemon [_thread_blocked, id=14980, stack(0x000000320a800000,0x000000320a900000)]
  0x000001401eb75f10 JavaThread "C1 CompilerThread0" daemon [_thread_blocked, id=24936, stack(0x000000320a900000,0x000000320aa00000)]
  0x000001401eb77790 JavaThread "Sweeper thread" daemon [_thread_blocked, id=25260, stack(0x000000320aa00000,0x000000320ab00000)]
  0x000001401ec1aa50 JavaThread "Common-Cleaner" daemon [_thread_blocked, id=30088, stack(0x000000320ab00000,0x000000320ac00000)]
  0x00000140090bec10 JavaThread "C1 CompilerThread1" daemon [_thread_blocked, id=4084, stack(0x000000320ac00000,0x000000320ad00000)]
=>0x000001401ed184b0 JavaThread "C2 CompilerThread1" daemon [_thread_in_vm, id=26892, stack(0x000000320ad00000,0x000000320ae00000)]
  0x000001401ed189c0 JavaThread "C2 CompilerThread2" daemon [_thread_blocked, id=11628, stack(0x000000320ae00000,0x000000320af00000)]
  0x0000014022a3dd80 JavaThread "C1 CompilerThread2" daemon [_thread_blocked, id=29628, stack(0x000000320af00000,0x000000320b000000)]
  0x0000014022a3e340 JavaThread "C1 CompilerThread3" daemon [_thread_blocked, id=30484, stack(0x000000320b000000,0x000000320b100000)]
  0x0000014022a3e900 JavaThread "C1 CompilerThread4" daemon [_thread_blocked, id=29220, stack(0x000000320b100000,0x000000320b200000)]
  0x0000014022a96390 JavaThread "Notification Thread" daemon [_thread_blocked, id=31696, stack(0x000000320b200000,0x000000320b300000)]
  0x0000014022b28360 JavaThread "C2 CompilerThread3" daemon [_thread_new, id=14408, stack(0x0000000000000000,0x0000000000000000)]

Other Threads:
  0x000001401ced85b0 VMThread "VM Thread" [stack: 0x000000320a100000,0x000000320a200000] [id=29024] _threads_hazard_ptr=0x0000014023deb770
  0x0000014022a96860 WatcherThread [stack: 0x000000320b300000,0x000000320b400000] [id=28340]
  0x0000014009072510 GCTaskThread "GC Thread#0" [stack: 0x000000320a000000,0x000000320a100000] [id=31384]

Threads with active compile tasks:
C2 CompilerThread0      212  677       4       lombok.patcher.scripts.MethodLevelPatchScript::patch (21 bytes)
C2 CompilerThread1      212  676       4       java.util.HashSet::iterator (13 bytes)
C2 CompilerThread2      212  678       4       lombok.patcher.PatchScript::classMatches (41 bytes)

VM state: not at safepoint (normal execution)

VM Mutex/Monitor currently owned by a thread:  ([mutex/lock_event])
[0x0000014009059980] Threads_lock - owner thread: 0x000001401ed184b0
[0x0000014009059620] Compile_lock - owner thread: 0x000001400905cff0
[0x00000140090592c0] MethodCompileQueue_lock - owner thread: 0x000001401ed189c0
[0x0000014009059aa0] CompileThread_lock - owner thread: 0x000001401ed184b0

Heap address: 0x00000000c0000000, size: 1024 MB, Compressed Oops mode: 32-bit

CDS archive(s) not mapped
Compressed class space mapped at: 0x0000000100000000-0x0000000140000000, reserved size: 1073741824
Narrow klass base: 0x0000000000000000, Narrow klass shift: 3, Narrow klass range: 0x140000000

GC Precious Log:
 CPUs: 32 total, 32 available
 Memory: 32489M
 Large Page Support: Disabled
 NUMA Support: Disabled
 Compressed Oops: Enabled (32-bit)
 Alignments: Space 512K, Generation 512K, Heap 2M
 Heap Min Capacity: 100M
 Heap Initial Capacity: 100M
 Heap Max Capacity: 1G
 Pre-touch: Disabled
 Parallel Workers: 23

Heap:
 PSYoungGen      total 29696K, used 16161K [0x00000000eab00000, 0x00000000ecc00000, 0x0000000100000000)
  eden space 25600K, 63% used [0x00000000eab00000,0x00000000ebac87a8,0x00000000ec400000)
  from space 4096K, 0% used [0x00000000ec800000,0x00000000ec800000,0x00000000ecc00000)
  to   space 4096K, 0% used [0x00000000ec400000,0x00000000ec400000,0x00000000ec800000)
 ParOldGen       total 68608K, used 0K [0x00000000c0000000, 0x00000000c4300000, 0x00000000eab00000)
  object space 68608K, 0% used [0x00000000c0000000,0x00000000c0000000,0x00000000c4300000)
 Metaspace       used 9161K, committed 9280K, reserved 1064960K
  class space    used 906K, committed 960K, reserved 1048576K

Card table byte_map: [0x0000014008a30000,0x0000014008c40000] _byte_map_base: 0x0000014008430000

Marking Bits: (ParMarkBitMap*) 0x00007fffca260dd0
 Begin Bits: [0x000001401ace0000, 0x000001401bce0000)
 End Bits:   [0x000001401bce0000, 0x000001401cce0000)

Polling page: 0x0000014008820000

Metaspace:

Usage:
  Non-class:      8.06 MB used.
      Class:    906.61 KB used.
       Both:      8.95 MB used.

Virtual space:
  Non-class space:       16.00 MB reserved,       8.12 MB ( 51%) committed,  2 nodes.
      Class space:        1.00 GB reserved,     960.00 KB ( <1%) committed,  1 nodes.
             Both:        1.02 GB reserved,       9.06 MB ( <1%) committed. 

Chunk freelists:
   Non-Class:  2.94 MB
       Class:  3.09 MB
        Both:  6.02 MB

MaxMetaspaceSize: unlimited
CompressedClassSpaceSize: 1.00 GB
Initial GC threshold: 21.00 MB
Current GC threshold: 21.00 MB
CDS: off
MetaspaceReclaimPolicy: balanced
 - commit_granule_bytes: 65536.
 - commit_granule_words: 8192.
 - virtual_space_node_default_size: 1048576.
 - enlarge_chunks_in_place: 1.
 - new_chunks_are_fully_committed: 0.
 - uncommit_free_chunks: 1.
 - use_allocation_guard: 0.
 - handle_deallocations: 1.


Internal statistics:

num_allocs_failed_limit: 0.
num_arena_births: 12.
num_arena_deaths: 0.
num_vsnodes_births: 3.
num_vsnodes_deaths: 0.
num_space_committed: 145.
num_space_uncommitted: 0.
num_chunks_returned_to_freelist: 0.
num_chunks_taken_from_freelist: 47.
num_chunk_merges: 0.
num_chunk_splits: 23.
num_chunks_enlarged: 18.
num_purges: 0.
num_inconsistent_stats: 0.

CodeHeap 'non-profiled nmethods': size=118848Kb used=221Kb max_used=221Kb free=118626Kb
 bounds [0x00000140138d0000, 0x0000014013b40000, 0x000001401ace0000]
CodeHeap 'profiled nmethods': size=118848Kb used=1140Kb max_used=1140Kb free=117707Kb
 bounds [0x000001400c4c0000, 0x000001400c730000, 0x00000140138d0000]
CodeHeap 'non-nmethods': size=8064Kb used=3416Kb max_used=3425Kb free=4647Kb
 bounds [0x000001400bce0000, 0x000001400c040000, 0x000001400c4c0000]
 total_blobs=1109 nmethods=684 adapters=334
 compilation: enabled
              stopped_count=0, restarted_count=0
 full_count=0

Compilation events (20 events):
Event: 0.182 Thread 0x000001401ed184b0 nmethod 672 0x0000014013905390 code [0x0000014013905500, 0x00000140139055f8]
Event: 0.183 Thread 0x000001401eb74dc0  675       4       java.util.Collections$UnmodifiableCollection::iterator (9 bytes)
Event: 0.184 Thread 0x000001401ed184b0  676       4       java.util.HashSet::iterator (13 bytes)
Event: 0.184 Thread 0x000001401ed189c0  678       4       lombok.patcher.PatchScript::classMatches (41 bytes)
Event: 0.184 Thread 0x000001401eb75f10  679       3       java.lang.String::valueOf (15 bytes)
Event: 0.184 Thread 0x000001401eb75f10 nmethod 679 0x000001400c5d1c90 code [0x000001400c5d1e40, 0x000001400c5d2048]
Event: 0.184 Thread 0x000001401eb75f10  680       3       java.security.Provider$ServiceKey::<init> (39 bytes)
Event: 0.184 Thread 0x0000014022a3e900  686       1       java.security.Provider$UString::toString (5 bytes)
Event: 0.184 Thread 0x000001401eb75f10 nmethod 680 0x000001400c5d2110 code [0x000001400c5d2300, 0x000001400c5d2748]
Event: 0.184 Thread 0x0000014022a3e340  687       1       java.security.Provider$Service::getProvider (5 bytes)
Event: 0.184 Thread 0x0000014022a3e900 nmethod 686 0x0000014013905710 code [0x00000140139058a0, 0x0000014013905978]
Event: 0.184 Thread 0x0000014022a3e340 nmethod 687 0x0000014013905a10 code [0x0000014013905ba0, 0x0000014013905c78]
Event: 0.185 Thread 0x0000014022a3e340  688       3       sun.security.provider.SHA2::implCompress0 (490 bytes)
Event: 0.185 Thread 0x0000014022a3e340 nmethod 688 0x000001400c5d2910 code [0x000001400c5d2b00, 0x000001400c5d3368]
Event: 0.185 Thread 0x0000014022a3e340  689       3       sun.security.provider.ByteArrayAccess::b2iBig64 (231 bytes)
Event: 0.185 Thread 0x00000140090bec10  690       3       sun.security.provider.SHA2::implCompress (13 bytes)
Event: 0.185 Thread 0x000001401eb75f10  691       3       sun.security.provider.SHA2::implCompressCheck (27 bytes)
Event: 0.185 Thread 0x000001401eb75f10 nmethod 691 0x000001400c5d3810 code [0x000001400c5d39e0, 0x000001400c5d3d98]
Event: 0.185 Thread 0x00000140090bec10 nmethod 690 0x000001400c5d3f10 code [0x000001400c5d4100, 0x000001400c5d4548]
Event: 0.187 Thread 0x000001401ed184b0 nmethod 676 0x0000014013905d10 code [0x0000014013905ec0, 0x0000014013906418]

GC Heap History (0 events):
No events

Dll operation events (8 events):
Event: 0.004 Loaded shared library c:\Users\gajdo\.vscode\extensions\redhat.java-1.13.0-win32-x64\jre\17.0.5-win32-x86_64\bin\java.dll
Event: 0.059 Loaded shared library c:\Users\gajdo\.vscode\extensions\redhat.java-1.13.0-win32-x64\jre\17.0.5-win32-x86_64\bin\zip.dll
Event: 0.061 Loaded shared library C:\Users\gajdo\.vscode\extensions\redhat.java-1.13.0-win32-x64\jre\17.0.5-win32-x86_64\bin\instrument.dll
Event: 0.066 Loaded shared library C:\Users\gajdo\.vscode\extensions\redhat.java-1.13.0-win32-x64\jre\17.0.5-win32-x86_64\bin\net.dll
Event: 0.067 Loaded shared library C:\Users\gajdo\.vscode\extensions\redhat.java-1.13.0-win32-x64\jre\17.0.5-win32-x86_64\bin\nio.dll
Event: 0.069 Loaded shared library C:\Users\gajdo\.vscode\extensions\redhat.java-1.13.0-win32-x64\jre\17.0.5-win32-x86_64\bin\zip.dll
Event: 0.075 Loaded shared library C:\Users\gajdo\.vscode\extensions\redhat.java-1.13.0-win32-x64\jre\17.0.5-win32-x86_64\bin\jimage.dll
Event: 0.091 Loaded shared library c:\Users\gajdo\.vscode\extensions\redhat.java-1.13.0-win32-x64\jre\17.0.5-win32-x86_64\bin\verify.dll

Deoptimization events (20 events):
Event: 0.133 Thread 0x000001400905cff0 Uncommon trap: trap_request=0xffffffde fr.pc=0x00000140138f0f24 relative=0x0000000000000104
Event: 0.133 Thread 0x000001400905cff0 Uncommon trap: reason=class_check action=maybe_recompile pc=0x00000140138f0f24 method=jdk.internal.misc.Unsafe.allocateUninitializedArray(Ljava/lang/Class;I)Ljava/lang/Object; @ 51 c2
Event: 0.133 Thread 0x000001400905cff0 DEOPT PACKING pc=0x00000140138f0f24 sp=0x0000003209ffb020
Event: 0.133 Thread 0x000001400905cff0 DEOPT UNPACKING pc=0x000001400bd358a3 sp=0x0000003209ffafa8 mode 2
Event: 0.133 Thread 0x000001400905cff0 Uncommon trap: trap_request=0xffffffde fr.pc=0x00000140138f0f24 relative=0x0000000000000104
Event: 0.133 Thread 0x000001400905cff0 Uncommon trap: reason=class_check action=maybe_recompile pc=0x00000140138f0f24 method=jdk.internal.misc.Unsafe.allocateUninitializedArray(Ljava/lang/Class;I)Ljava/lang/Object; @ 51 c2
Event: 0.133 Thread 0x000001400905cff0 DEOPT PACKING pc=0x00000140138f0f24 sp=0x0000003209ffb020
Event: 0.133 Thread 0x000001400905cff0 DEOPT UNPACKING pc=0x000001400bd358a3 sp=0x0000003209ffafa8 mode 2
Event: 0.139 Thread 0x000001400905cff0 Uncommon trap: trap_request=0xffffff45 fr.pc=0x00000140138e4ac0 relative=0x00000000000000c0
Event: 0.139 Thread 0x000001400905cff0 Uncommon trap: reason=unstable_if action=reinterpret pc=0x00000140138e4ac0 method=java.net.URI.match(CJJ)Z @ 45 c2
Event: 0.139 Thread 0x000001400905cff0 DEOPT PACKING pc=0x00000140138e4ac0 sp=0x0000003209ffc6a0
Event: 0.139 Thread 0x000001400905cff0 DEOPT UNPACKING pc=0x000001400bd358a3 sp=0x0000003209ffc628 mode 2
Event: 0.141 Thread 0x000001400905cff0 Uncommon trap: trap_request=0xffffff45 fr.pc=0x00000140138f3cfc relative=0x000000000000061c
Event: 0.141 Thread 0x000001400905cff0 Uncommon trap: reason=unstable_if action=reinterpret pc=0x00000140138f3cfc method=java.lang.String.replace(Ljava/lang/CharSequence;Ljava/lang/CharSequence;)Ljava/lang/String; @ 48 c2
Event: 0.141 Thread 0x000001400905cff0 DEOPT PACKING pc=0x00000140138f3cfc sp=0x0000003209ffc620
Event: 0.141 Thread 0x000001400905cff0 DEOPT UNPACKING pc=0x000001400bd358a3 sp=0x0000003209ffc5a0 mode 2
Event: 0.152 Thread 0x000001400905cff0 Uncommon trap: trap_request=0xffffffde fr.pc=0x00000140138f6884 relative=0x0000000000000524
Event: 0.152 Thread 0x000001400905cff0 Uncommon trap: reason=class_check action=maybe_recompile pc=0x00000140138f6884 method=java.util.Collections$UnmodifiableCollection$1.<init>(Ljava/util/Collections$UnmodifiableCollection;)V @ 17 c2
Event: 0.152 Thread 0x000001400905cff0 DEOPT PACKING pc=0x00000140138f6884 sp=0x0000003209ffc1d0
Event: 0.152 Thread 0x000001400905cff0 DEOPT UNPACKING pc=0x000001400bd358a3 sp=0x0000003209ffc118 mode 2

Classes unloaded (0 events):
No events

Classes redefined (0 events):
No events

Internal exceptions (2 events):
Event: 0.049 Thread 0x000001400905cff0 Exception <a 'java/lang/NoSuchMethodError'{0x00000000eacb7d40}: 'void java.lang.invoke.DirectMethodHandle$Holder.invokeStatic(java.lang.Object, java.lang.Object, java.lang.Object)'> (0x00000000eacb7d40) 
thrown [s\src\hotspot\share\interpreter\linkResolver.cpp, line 759]
Event: 0.096 Thread 0x000001400905cff0 Exception <a 'java/lang/reflect/InvocationTargetException'{0x00000000eb07dff0}> (0x00000000eb07dff0) 
thrown [s\src\hotspot\share\runtime\reflection.cpp, line 1121]

VM Operations (6 events):
Event: 0.051 Executing VM operation: HandshakeAllThreads
Event: 0.051 Executing VM operation: HandshakeAllThreads done
Event: 0.081 Executing VM operation: HandshakeAllThreads
Event: 0.081 Executing VM operation: HandshakeAllThreads done
Event: 0.183 Executing VM operation: HandshakeAllThreads
Event: 0.183 Executing VM operation: HandshakeAllThreads done

Events (20 events):
Event: 0.182 loading class sun/security/util/KeyUtil
Event: 0.183 loading class sun/security/util/KeyUtil done
Event: 0.183 loading class sun/security/util/Length
Event: 0.183 loading class sun/security/util/Length done
Event: 0.183 loading class javax/crypto/SecretKey
Event: 0.183 loading class javax/crypto/SecretKey done
Event: 0.183 loading class java/util/LinkedHashMap$LinkedEntrySet
Event: 0.183 loading class java/util/LinkedHashMap$LinkedEntrySet done
Event: 0.183 loading class java/util/LinkedHashMap$LinkedEntryIterator
Event: 0.183 loading class java/util/LinkedHashMap$LinkedEntryIterator done
Event: 0.183 loading class java/util/Base64
Event: 0.183 loading class java/util/Base64 done
Event: 0.183 loading class java/util/Base64$Decoder
Event: 0.184 loading class java/util/Base64$Decoder done
Event: 0.184 loading class java/util/Base64$Encoder
Event: 0.184 loading class java/util/Base64$Encoder done
Event: 0.184 loading class java/util/jar/JarVerifier$VerifierStream
Event: 0.184 loading class java/util/jar/JarVerifier$VerifierStream done
Event: 0.184 loading class sun/security/util/ManifestEntryVerifier$SunProviderHolder
Event: 0.184 loading class sun/security/util/ManifestEntryVerifier$SunProviderHolder done


Dynamic libraries:
0x00007ff65dd70000 - 0x00007ff65dd7e000 	c:\Users\gajdo\.vscode\extensions\redhat.java-1.13.0-win32-x64\jre\17.0.5-win32-x86_64\bin\java.exe
0x00007ff841ad0000 - 0x00007ff841ce4000 	C:\Windows\SYSTEM32\ntdll.dll
0x00007ff840760000 - 0x00007ff840823000 	C:\Windows\System32\KERNEL32.DLL
0x00007ff83f150000 - 0x00007ff83f4ed000 	C:\Windows\System32\KERNELBASE.dll
0x00007ff83f7a0000 - 0x00007ff83f8b1000 	C:\Windows\System32\ucrtbase.dll
0x00007ff824690000 - 0x00007ff8246a7000 	c:\Users\gajdo\.vscode\extensions\redhat.java-1.13.0-win32-x64\jre\17.0.5-win32-x86_64\bin\jli.dll
0x00007ff824670000 - 0x00007ff824689000 	c:\Users\gajdo\.vscode\extensions\redhat.java-1.13.0-win32-x64\jre\17.0.5-win32-x86_64\bin\VCRUNTIME140.dll
0x00007ff83f8c0000 - 0x00007ff83fa6d000 	C:\Windows\System32\USER32.dll
0x00007ff83f080000 - 0x00007ff83f0a6000 	C:\Windows\System32\win32u.dll
0x00007ff825900000 - 0x00007ff825b8e000 	C:\Windows\WinSxS\amd64_microsoft.windows.common-controls_6595b64144ccf1df_6.0.22621.608_none_a9444ca7c10bb01d\COMCTL32.dll
0x00007ff841640000 - 0x00007ff841669000 	C:\Windows\System32\GDI32.dll
0x00007ff840c70000 - 0x00007ff840d17000 	C:\Windows\System32\msvcrt.dll
0x00007ff83eef0000 - 0x00007ff83f002000 	C:\Windows\System32\gdi32full.dll
0x00007ff83f0b0000 - 0x00007ff83f14a000 	C:\Windows\System32\msvcp_win.dll
0x00007ff840610000 - 0x00007ff840642000 	C:\Windows\System32\IMM32.DLL
0x00007ff821f90000 - 0x00007ff821f9c000 	c:\Users\gajdo\.vscode\extensions\redhat.java-1.13.0-win32-x64\jre\17.0.5-win32-x86_64\bin\vcruntime140_1.dll
0x00007ff80ad10000 - 0x00007ff80ada1000 	c:\Users\gajdo\.vscode\extensions\redhat.java-1.13.0-win32-x64\jre\17.0.5-win32-x86_64\bin\msvcp140.dll
0x00007fffc96e0000 - 0x00007fffca324000 	c:\Users\gajdo\.vscode\extensions\redhat.java-1.13.0-win32-x64\jre\17.0.5-win32-x86_64\bin\server\jvm.dll
0x00007ff83fb30000 - 0x00007ff83fbde000 	C:\Windows\System32\ADVAPI32.dll
0x00007ff83fa80000 - 0x00007ff83fb24000 	C:\Windows\System32\sechost.dll
0x00007ff83ff70000 - 0x00007ff840085000 	C:\Windows\System32\RPCRT4.dll
0x00007ff835440000 - 0x00007ff835474000 	C:\Windows\SYSTEM32\WINMM.dll
0x00007ff826ee0000 - 0x00007ff826ee9000 	C:\Windows\SYSTEM32\WSOCK32.dll
0x00007ff840a50000 - 0x00007ff840ac1000 	C:\Windows\System32\WS2_32.dll
0x00007ff837830000 - 0x00007ff83783a000 	C:\Windows\SYSTEM32\VERSION.dll
0x00007ff83e000000 - 0x00007ff83e018000 	C:\Windows\SYSTEM32\kernel.appcore.dll
0x00007ff820920000 - 0x00007ff82092a000 	c:\Users\gajdo\.vscode\extensions\redhat.java-1.13.0-win32-x64\jre\17.0.5-win32-x86_64\bin\jimage.dll
0x00007ff83c560000 - 0x00007ff83c78e000 	C:\Windows\SYSTEM32\DBGHELP.DLL
0x00007ff83fbe0000 - 0x00007ff83ff6a000 	C:\Windows\System32\combase.dll
0x00007ff8416c0000 - 0x00007ff841797000 	C:\Windows\System32\OLEAUT32.dll
0x00007ff835740000 - 0x00007ff835772000 	C:\Windows\SYSTEM32\dbgcore.DLL
0x00007ff83f660000 - 0x00007ff83f6db000 	C:\Windows\System32\bcryptPrimitives.dll
0x00007ff820890000 - 0x00007ff82089e000 	c:\Users\gajdo\.vscode\extensions\redhat.java-1.13.0-win32-x64\jre\17.0.5-win32-x86_64\bin\instrument.dll
0x00007ff80b320000 - 0x00007ff80b345000 	c:\Users\gajdo\.vscode\extensions\redhat.java-1.13.0-win32-x64\jre\17.0.5-win32-x86_64\bin\java.dll
0x00007ff80c920000 - 0x00007ff80c938000 	c:\Users\gajdo\.vscode\extensions\redhat.java-1.13.0-win32-x64\jre\17.0.5-win32-x86_64\bin\zip.dll
0x00007ff840d20000 - 0x00007ff84150f000 	C:\Windows\System32\SHELL32.dll
0x00007ff83cee0000 - 0x00007ff83d7a8000 	C:\Windows\SYSTEM32\windows.storage.dll
0x00007ff83cda0000 - 0x00007ff83cede000 	C:\Windows\SYSTEM32\wintypes.dll
0x00007ff840660000 - 0x00007ff840751000 	C:\Windows\System32\SHCORE.dll
0x00007ff8417b0000 - 0x00007ff84180e000 	C:\Windows\System32\shlwapi.dll
0x00007ff83ee20000 - 0x00007ff83ee41000 	C:\Windows\SYSTEM32\profapi.dll
0x00007ff80c3d0000 - 0x00007ff80c3e9000 	C:\Users\gajdo\.vscode\extensions\redhat.java-1.13.0-win32-x64\jre\17.0.5-win32-x86_64\bin\net.dll
0x00007ff838b00000 - 0x00007ff838c2f000 	C:\Windows\SYSTEM32\WINHTTP.dll
0x00007ff83e450000 - 0x00007ff83e4b9000 	C:\Windows\system32\mswsock.dll
0x00007ff80ba60000 - 0x00007ff80ba75000 	C:\Users\gajdo\.vscode\extensions\redhat.java-1.13.0-win32-x64\jre\17.0.5-win32-x86_64\bin\nio.dll
0x00007ff820420000 - 0x00007ff820430000 	c:\Users\gajdo\.vscode\extensions\redhat.java-1.13.0-win32-x64\jre\17.0.5-win32-x86_64\bin\verify.dll

dbghelp: loaded successfully - version: 4.0.5 - missing functions: none
symbol engine: initialized successfully - sym options: 0x614 - pdb path: .;c:\Users\gajdo\.vscode\extensions\redhat.java-1.13.0-win32-x64\jre\17.0.5-win32-x86_64\bin;C:\Windows\SYSTEM32;C:\Windows\WinSxS\amd64_microsoft.windows.common-controls_6595b64144ccf1df_6.0.22621.608_none_a9444ca7c10bb01d;c:\Users\gajdo\.vscode\extensions\redhat.java-1.13.0-win32-x64\jre\17.0.5-win32-x86_64\bin\server

VM Arguments:
jvm_args: --add-modules=ALL-SYSTEM --add-opens=java.base/java.util=ALL-UNNAMED --add-opens=java.base/java.lang=ALL-UNNAMED --add-opens=java.base/sun.nio.fs=ALL-UNNAMED -Declipse.application=org.eclipse.jdt.ls.core.id1 -Dosgi.bundles.defaultStartLevel=4 -Declipse.product=org.eclipse.jdt.ls.core.product -Djava.import.generatesMetadataFilesAtProjectRoot=false -Dfile.encoding=utf8 -XX:+UseParallelGC -XX:GCTimeRatio=4 -XX:AdaptiveSizePolicyWeight=90 -Dsun.zip.disableMemoryMapping=true -Xmx1G -Xms100m -Xlog:disable -javaagent:c:\Users\gajdo\.vscode\extensions\redhat.java-1.13.0-win32-x64\lombok\lombok-1.18.24.jar 
java_command: c:\Users\gajdo\.vscode\extensions\redhat.java-1.13.0-win32-x64\server\plugins\org.eclipse.equinox.launcher_1.6.400.v20210924-0641.jar -configuration c:\Users\gajdo\AppData\Roaming\Code\User\globalStorage\redhat.java\1.13.0\config_ss_win -data c:\Users\gajdo\AppData\Roaming\Code\User\workspaceStorage\a7ad9fa10a0148d14975a44dec37d114\redhat.java\ss_ws
java_class_path (initial): c:\Users\gajdo\.vscode\extensions\redhat.java-1.13.0-win32-x64\server\plugins\org.eclipse.equinox.launcher_1.6.400.v20210924-0641.jar
Launcher Type: SUN_STANDARD

[Global flags]
    uintx AdaptiveSizePolicyWeight                 = 90                                        {product} {command line}
     intx CICompilerCount                          = 15                                        {product} {ergonomic}
    uintx GCTimeRatio                              = 4                                         {product} {command line}
   size_t InitialHeapSize                          = 104857600                                 {product} {command line}
   size_t MaxHeapSize                              = 1073741824                                {product} {command line}
   size_t MaxNewSize                               = 357564416                                 {product} {ergonomic}
   size_t MinHeapDeltaBytes                        = 524288                                    {product} {ergonomic}
   size_t MinHeapSize                              = 104857600                                 {product} {command line}
   size_t NewSize                                  = 34603008                                  {product} {ergonomic}
    uintx NonNMethodCodeHeapSize                   = 8192380                                {pd product} {ergonomic}
    uintx NonProfiledCodeHeapSize                  = 121732930                              {pd product} {ergonomic}
   size_t OldSize                                  = 70254592                                  {product} {ergonomic}
    uintx ProfiledCodeHeapSize                     = 121732930                              {pd product} {ergonomic}
    uintx ReservedCodeCacheSize                    = 251658240                              {pd product} {ergonomic}
     bool SegmentedCodeCache                       = true                                      {product} {ergonomic}
   size_t SoftMaxHeapSize                          = 1073741824                             {manageable} {ergonomic}
     bool UseCompressedClassPointers               = true                           {product lp64_product} {ergonomic}
     bool UseCompressedOops                        = true                           {product lp64_product} {ergonomic}
     bool UseLargePagesIndividualAllocation        = false                                  {pd product} {ergonomic}
     bool UseParallelGC                            = true                                      {product} {command line}

Logging:
Log output configuration:
 #0: stdout all=off uptime,level,tags
 #1: stderr all=off uptime,level,tags

Environment Variables:
JAVA_HOME=C:\Program Files\OpenJDK\jdk-19.0.1
PATH=C:\Program Files (x86)\Common Files\Oracle\Java\javapath;C:\Windows\system32;C:\Windows;C:\Windows\System32\Wbem;C:\Windows\System32\WindowsPowerShell\v1.0\;C:\Windows\System32\OpenSSH\;C:\Users\gajdo\AppData\Roaming\nvm;C:\Program Files\nodejs;C:\Program Files (x86)\Java\apache-maven-3.8.7-bin\apache-maven-3.8.7\bin;C:\ProgramData\chocolatey\bin;C:\ProgramData\chocolatey\lib\maven\apache-maven-3.8.7\bin;C:\Program Files\OpenJDK\jdk-19.0.1\bin;C:\Users\gajdo\AppData\Local\Microsoft\WindowsApps;C:\Users\gajdo\AppData\Local\Programs\Microsoft VS Code\bin;C:\Users\gajdo\AppData\Roaming\nvm;C:\Program Files\nodejs
USERNAME=gajdo
OS=Windows_NT
PROCESSOR_IDENTIFIER=AMD64 Family 25 Model 97 Stepping 2, AuthenticAMD
TMP=C:\Users\gajdo\AppData\Local\Temp
TEMP=C:\Users\gajdo\AppData\Local\Temp



---------------  S Y S T E M  ---------------

OS:
 Windows 11 , 64 bit Build 22621 (10.0.22621.963)
OS uptime: 0 days 19:39 hours
Hyper-V role detected

CPU: total 32 (initial active 32) (32 cores per cpu, 2 threads per core) family 25 model 97 stepping 2 microcode 0x0, cx8, cmov, fxsr, ht, mmx, 3dnowpref, sse, sse2, sse3, ssse3, sse4a, sse4.1, sse4.2, popcnt, lzcnt, tsc, tscinvbit, avx, avx2, aes, erms, clmul, bmi1, bmi2, adx, avx512f, avx512dq, avx512cd, avx512bw, avx512vl, sha, fma, vzeroupper, avx512_vpopcntdq, avx512_vpclmulqdq, avx512_vaes, avx512_vnni, clflush, clflushopt, avx512_vbmi2, avx512_vbmi, hv

Memory: 4k page, system-wide physical 32489M (19217M free)
TotalPageFile size 34537M (AvailPageFile size 14772M)
current process WorkingSet (physical memory assigned to process): 60M, peak: 60M
current process commit charge ("private bytes"): 247M, peak: 247M

vm_info: OpenJDK 64-Bit Server VM (17.0.5+8) for windows-amd64 JRE (17.0.5+8), built on Oct 19 2022 04:48:13 by "temurin" with MS VC++ 16.7 (VS2019)

END.
