#
# A fatal error has been detected by the Java Runtime Environment:
#
#  EXCEPTION_ACCESS_VIOLATION (0xc0000005) at pc=0x00007fffc6ad5125, pid=34544, tid=25740
#
# JRE version: OpenJDK Runtime Environment Temurin-17.0.5+8 (17.0.5+8) (build 17.0.5+8)
# Java VM: OpenJDK 64-Bit Server VM Temurin-17.0.5+8 (17.0.5+8, mixed mode, tiered, compressed oops, compressed class ptrs, parallel gc, windows-amd64)
# Problematic frame:
# V  [jvm.dll+0x595125]
#
# No core dump will be written. Minidumps are not enabled by default on client versions of Windows
#
# If you would like to submit a bug report, please visit:
#   https://github.com/adoptium/adoptium-support/issues
#

---------------  S U M M A R Y ------------

Command Line: --add-modules=ALL-SYSTEM --add-opens=java.base/java.util=ALL-UNNAMED --add-opens=java.base/java.lang=ALL-UNNAMED --add-opens=java.base/sun.nio.fs=ALL-UNNAMED -Declipse.application=org.eclipse.jdt.ls.core.id1 -Dosgi.bundles.defaultStartLevel=4 -Declipse.product=org.eclipse.jdt.ls.core.product -Djava.import.generatesMetadataFilesAtProjectRoot=false -Dfile.encoding=utf8 -XX:+UseParallelGC -XX:GCTimeRatio=4 -XX:AdaptiveSizePolicyWeight=90 -Dsun.zip.disableMemoryMapping=true -Xmx1G -Xms100m -Xlog:disable -javaagent:c:\Users\gajdo\.vscode\extensions\redhat.java-1.13.0-win32-x64\lombok\lombok-1.18.24.jar c:\Users\gajdo\.vscode\extensions\redhat.java-1.13.0-win32-x64\server\plugins\org.eclipse.equinox.launcher_1.6.400.v20210924-0641.jar -configuration c:\Users\gajdo\AppData\Roaming\Code\User\globalStorage\redhat.java\1.13.0\config_ss_win -data c:\Users\gajdo\AppData\Roaming\Code\User\workspaceStorage\a7ad9fa10a0148d14975a44dec37d114\redhat.java\ss_ws

Host: AMD Ryzen 9 7950X 16-Core Processor            , 32 cores, 31G,  Windows 11 , 64 bit Build 22621 (10.0.22621.963)
Time: Tue Jan 10 19:41:12 2023 Stredoeurópsky 4 bit Build 22621 (10.0.22621.963) elapsed time: 3.949459 seconds (0d 0h 0m 3s)

---------------  T H R E A D  ---------------

Current thread (0x0000026099f308e0):  JavaThread "C2 CompilerThread5" daemon [_thread_in_native, id=25740, stack(0x000000d0e0b00000,0x000000d0e0c00000)]


Current CompileTask:
C2:   3949 4119       4       lombok.patcher.Hook::convertType (64 bytes)

Stack: [0x000000d0e0b00000,0x000000d0e0c00000],  sp=0x000000d0e0bfbd00,  free space=1007k
Native frames: (J=compiled Java code, j=interpreted, Vv=VM code, C=native code)
V  [jvm.dll+0x595125]
V  [jvm.dll+0x1bdd3f]
V  [jvm.dll+0x32d5b2]
V  [jvm.dll+0x32ca3a]
V  [jvm.dll+0x217b51]
V  [jvm.dll+0x216f71]
V  [jvm.dll+0x1a343d]
V  [jvm.dll+0x22698a]
V  [jvm.dll+0x224ac5]
V  [jvm.dll+0x7e727b]
V  [jvm.dll+0x7e17ea]
V  [jvm.dll+0x6759e5]
C  [ucrtbase.dll+0x29363]
C  [KERNEL32.DLL+0x126bd]
C  [ntdll.dll+0x5dfb8]


siginfo: EXCEPTION_ACCESS_VIOLATION (0xc0000005), reading address 0xffffffffffffffff


Register to memory mapping:

RIP=0x00007fffc6ad5125 jvm.dll
RAX=0x00007fffc6cece10 jvm.dll
RBX=0x000002609137c898 points into unknown readable memory: 0x00007fffc6e203d8 | d8 03 e2 c6 ff 7f 00 00
RCX=0x000002609137c948 points into unknown readable memory: 0x00007fffc6cece10 | 10 ce ce c6 ff 7f 00 00
RDX=0x0000000000000001 is an unknown value
RSP=0x000000d0e0bfbd00 is pointing into the stack for thread: 0x0000026099f308e0
RBP=0x0000000000000001 is an unknown value
RSI=0x0000000000000001 is an unknown value
RDI=0x0000000000000001 is an unknown value
R8 =0x00000000ffffffff is an unallocated location in the heap
R9 =0x0 is NULL
R10=0x0 is NULL
R11=0x3333333333333333 is an unknown value
R12=0x0000000000000001 is an unknown value
R13=0x0000000000000008 is an unknown value
R14=0x000002609137c898 points into unknown readable memory: 0x00007fffc6e203d8 | d8 03 e2 c6 ff 7f 00 00
R15=0x00000260fdd60ab0 points into unknown readable memory: 0x0000000000000000 | 00 00 00 00 00 00 00 00


Registers:
RAX=0x00007fffc6cece10, RBX=0x000002609137c898, RCX=0x000002609137c948, RDX=0x0000000000000001
RSP=0x000000d0e0bfbd00, RBP=0x0000000000000001, RSI=0x0000000000000001, RDI=0x0000000000000001
R8 =0x00000000ffffffff, R9 =0x0000000000000000, R10=0x0000000000000000, R11=0x3333333333333333
R12=0x0000000000000001, R13=0x0000000000000008, R14=0x000002609137c898, R15=0x00000260fdd60ab0
RIP=0x00007fffc6ad5125, EFLAGS=0x0000000000010246

Top of Stack: (sp=0x000000d0e0bfbd00)
0x000000d0e0bfbd00:   0000026099b83208 000000d0e0bfbeb0
0x000000d0e0bfbd10:   00007fffc7038ed0 00000260fe333e28
0x000000d0e0bfbd20:   000000d0e0bfbeb0 00007fffc66fdd3f
0x000000d0e0bfbd30:   0000026099b776d0 000002609137c898
0x000000d0e0bfbd40:   00000000000000ac 00000260fe3266a8
0x000000d0e0bfbd50:   0000002200000005 00007fff00000002
0x000000d0e0bfbd60:   00000260fe3266a8 000000d0e0bfbe18
0x000000d0e0bfbd70:   0000000000000000 0000000000000000
0x000000d0e0bfbd80:   00000000000376e0 000002608f5a1fd0
0x000000d0e0bfbd90:   0000000000000000 000002608f5a1fe0
0x000000d0e0bfbda0:   00000000000003d8 000000d0e0bfbed0
0x000000d0e0bfbdb0:   000000d0e0bfc2a0 000002608f5a23b8
0x000000d0e0bfbdc0:   000000000000050b 00007fffc686d5b2
0x000000d0e0bfbdd0:   000000d0e0bfbeb0 000000d0e0bfbe00
0x000000d0e0bfbde0:   000002608f5a2301 00000260ffffffff
0x000000d0e0bfbdf0:   000000007fffff01 00007fff00000001 

Instructions: (pc=0x00007fffc6ad5125)
0x00007fffc6ad5025:   43 08 8b 15 4b 14 61 00 48 8b 3c f8 65 48 8b 04
0x00007fffc6ad5035:   25 58 00 00 00 48 8b 1c d0 b8 50 00 00 00 80 3c
0x00007fffc6ad5045:   18 00 75 05 e8 72 73 2f 00 b8 20 00 00 00 48 8b
0x00007fffc6ad5055:   cf 48 8b 04 18 48 8b 90 d0 04 00 00 48 8b 07 48
0x00007fffc6ad5065:   8b 9a 80 00 00 00 ff 50 68 8b c0 48 8d 0c c5 18
0x00007fffc6ad5075:   0b 00 00 48 8b 83 58 08 00 00 48 8b 5c 24 30 48
0x00007fffc6ad5085:   8b 04 01 48 83 c4 20 5f c3 cc cc 48 89 5c 24 18
0x00007fffc6ad5095:   48 89 6c 24 20 56 48 83 ec 20 48 8b 01 8b ea 48
0x00007fffc6ad50a5:   8b d9 ff 90 c8 00 00 00 8b f0 3b e8 73 58 65 48
0x00007fffc6ad50b5:   8b 04 25 58 00 00 00 8b 0d b6 13 61 00 48 8b 1c
0x00007fffc6ad50c5:   c8 b8 50 00 00 00 80 3c 18 00 75 05 e8 ea 72 2f
0x00007fffc6ad50d5:   00 b8 20 00 00 00 48 8b 04 18 48 8b 88 d0 04 00
0x00007fffc6ad50e5:   00 48 8b 81 80 00 00 00 48 8b 80 58 08 00 00 48
0x00007fffc6ad50f5:   8b 80 b8 0a 00 00 48 8b 5c 24 40 48 8b 6c 24 48
0x00007fffc6ad5105:   48 83 c4 20 5e c3 48 8b 43 40 48 89 7c 24 30 bf
0x00007fffc6ad5115:   01 00 00 00 4c 89 74 24 38 48 8b 48 08 48 8b 01
0x00007fffc6ad5125:   ff 50 08 8d 0c 30 3b e9 72 1a 90 48 8b 43 40 8b
0x00007fffc6ad5135:   f1 ff c7 48 8b 0c f8 48 8b 01 ff 50 08 8d 0c 30
0x00007fffc6ad5145:   3b e9 73 e7 48 8b 03 48 8b cb ff 90 e8 00 00 00
0x00007fffc6ad5155:   4c 8b f0 48 85 c0 74 10 48 8b 13 48 8b cb ff 92
0x00007fffc6ad5165:   b0 00 00 00 3b f8 74 17 48 8b 43 40 2b ee 8b cf
0x00007fffc6ad5175:   8b d5 48 8b 0c c8 48 8b 01 ff 50 10 4c 8b f0 48
0x00007fffc6ad5185:   8b 7c 24 30 49 8b c6 4c 8b 74 24 38 48 8b 5c 24
0x00007fffc6ad5195:   40 48 8b 6c 24 48 48 83 c4 20 5e c3 cc cc cc cc
0x00007fffc6ad51a5:   cc cc cc cc cc cc cc cc cc cc cc 85 d2 75 08 48
0x00007fffc6ad51b5:   8d 05 85 b8 57 00 c3 48 8b 41 08 48 8b 48 08 48
0x00007fffc6ad51c5:   8b 01 48 ff 60 78 cc cc cc cc cc 48 83 ec 28 ba
0x00007fffc6ad51d5:   50 00 00 00 48 8d 0d 70 e1 3f 00 e8 5b f9 ca ff
0x00007fffc6ad51e5:   e8 c6 14 0e 00 33 c0 48 83 c4 28 c3 cc cc cc cc
0x00007fffc6ad51f5:   cc cc cc cc cc cc cc cc cc cc cc 8b c2 48 8d 04
0x00007fffc6ad5205:   40 48 c1 e0 05 48 03 41 48 c3 cc 48 89 5c 24 08
0x00007fffc6ad5215:   57 48 83 ec 20 8b fa 48 8b d9 83 fa 05 73 17 48 


Stack slot to memory mapping:
stack at sp + 0 slots: 0x0000026099b83208 points into unknown readable memory: 0x0000000005555455 | 55 54 55 05 00 00 00 00
stack at sp + 1 slots: 0x000000d0e0bfbeb0 is pointing into the stack for thread: 0x0000026099f308e0
stack at sp + 2 slots: 0x00007fffc7038ed0 jvm.dll
stack at sp + 3 slots: 0x00000260fe333e28 points into unknown readable memory: 0x00007fffc6df5728 | 28 57 df c6 ff 7f 00 00
stack at sp + 4 slots: 0x000000d0e0bfbeb0 is pointing into the stack for thread: 0x0000026099f308e0
stack at sp + 5 slots: 0x00007fffc66fdd3f jvm.dll
stack at sp + 6 slots: 0x0000026099b776d0 points into unknown readable memory: 0x0000000000000000 | 00 00 00 00 00 00 00 00
stack at sp + 7 slots: 0x000002609137c898 points into unknown readable memory: 0x00007fffc6e203d8 | d8 03 e2 c6 ff 7f 00 00


---------------  P R O C E S S  ---------------

Threads class SMR info:
_java_thread_list=0x000002608fb04570, length=38, elements={
0x00000260f2dcd280, 0x00000260f7c408c0, 0x00000260f7c41280, 0x00000260f7c4e390,
0x00000260f9910ae0, 0x00000260f9912050, 0x00000260f992c840, 0x00000260f99330e0,
0x00000260f9934ac0, 0x00000260f99360a0, 0x00000260f9a52010, 0x00000260f9a19000,
0x00000260fd7c5030, 0x00000260fd7c5540, 0x00000260fd827440, 0x00000260fdc0f3d0,
0x00000260fdc97930, 0x00000260f9ad0000, 0x00000260fd8312f0, 0x00000260fe402820,
0x00000260fe502090, 0x00000260fe73d530, 0x00000260fe598c60, 0x00000260fe7c2260,
0x00000260fe7bf710, 0x00000260fe7c0a50, 0x00000260fe7c0f20, 0x00000260fe7bed70,
0x00000260fe7bfbe0, 0x00000260fe7bf240, 0x00000260fe7be8a0, 0x00000260fe063380,
0x00000260fe063da0, 0x00000260fe0642b0, 0x0000026099f2db50, 0x0000026099f308e0,
0x0000026099f32740, 0x0000026099f2e570
}

Java Threads: ( => current thread )
  0x00000260f2dcd280 JavaThread "main" [_thread_blocked, id=27288, stack(0x000000d0dd200000,0x000000d0dd300000)]
  0x00000260f7c408c0 JavaThread "Reference Handler" daemon [_thread_blocked, id=19616, stack(0x000000d0dd500000,0x000000d0dd600000)]
  0x00000260f7c41280 JavaThread "Finalizer" daemon [_thread_blocked, id=9448, stack(0x000000d0dd600000,0x000000d0dd700000)]
  0x00000260f7c4e390 JavaThread "Signal Dispatcher" daemon [_thread_blocked, id=28936, stack(0x000000d0dd700000,0x000000d0dd800000)]
  0x00000260f9910ae0 JavaThread "Attach Listener" daemon [_thread_blocked, id=32824, stack(0x000000d0dd800000,0x000000d0dd900000)]
  0x00000260f9912050 JavaThread "Service Thread" daemon [_thread_blocked, id=31940, stack(0x000000d0dd900000,0x000000d0dda00000)]
  0x00000260f992c840 JavaThread "Monitor Deflation Thread" daemon [_thread_blocked, id=22980, stack(0x000000d0dda00000,0x000000d0ddb00000)]
  0x00000260f99330e0 JavaThread "C2 CompilerThread0" daemon [_thread_in_native, id=8680, stack(0x000000d0ddb00000,0x000000d0ddc00000)]
  0x00000260f9934ac0 JavaThread "C1 CompilerThread0" daemon [_thread_blocked, id=29428, stack(0x000000d0ddc00000,0x000000d0ddd00000)]
  0x00000260f99360a0 JavaThread "Sweeper thread" daemon [_thread_blocked, id=34448, stack(0x000000d0ddd00000,0x000000d0dde00000)]
  0x00000260f9a52010 JavaThread "Common-Cleaner" daemon [_thread_blocked, id=27964, stack(0x000000d0dde00000,0x000000d0ddf00000)]
  0x00000260f9a19000 JavaThread "C1 CompilerThread1" daemon [_thread_blocked, id=30504, stack(0x000000d0ddf00000,0x000000d0de000000)]
  0x00000260fd7c5030 JavaThread "C1 CompilerThread2" daemon [_thread_blocked, id=34472, stack(0x000000d0de100000,0x000000d0de200000)]
  0x00000260fd7c5540 JavaThread "C1 CompilerThread3" daemon [_thread_blocked, id=33960, stack(0x000000d0de200000,0x000000d0de300000)]
  0x00000260fd827440 JavaThread "Notification Thread" daemon [_thread_blocked, id=29804, stack(0x000000d0de300000,0x000000d0de400000)]
  0x00000260fdc0f3d0 JavaThread "C1 CompilerThread4" daemon [_thread_blocked, id=27396, stack(0x000000d0de600000,0x000000d0de700000)]
  0x00000260fdc97930 JavaThread "Active Thread: Equinox Container: da72344e-c5f1-4b11-9f61-2c274e5bad12" [_thread_blocked, id=29056, stack(0x000000d0def00000,0x000000d0df000000)]
  0x00000260f9ad0000 JavaThread "Framework Event Dispatcher: Equinox Container: da72344e-c5f1-4b11-9f61-2c274e5bad12" daemon [_thread_blocked, id=11916, stack(0x000000d0de000000,0x000000d0de100000)]
  0x00000260fd8312f0 JavaThread "Start Level: Equinox Container: da72344e-c5f1-4b11-9f61-2c274e5bad12" daemon [_thread_blocked, id=8904, stack(0x000000d0de500000,0x000000d0de600000)]
  0x00000260fe402820 JavaThread "SCR Component Actor" daemon [_thread_blocked, id=21840, stack(0x000000d0de700000,0x000000d0de800000)]
  0x00000260fe502090 JavaThread "SCR Component Registry" daemon [_thread_blocked, id=27912, stack(0x000000d0df100000,0x000000d0df200000)]
  0x00000260fe73d530 JavaThread "Worker-JM" [_thread_blocked, id=26668, stack(0x000000d0df200000,0x000000d0df300000)]
  0x00000260fe598c60 JavaThread "Worker-0" [_thread_blocked, id=34520, stack(0x000000d0df700000,0x000000d0df800000)]
  0x00000260fe7c2260 JavaThread "Worker-1" [_thread_blocked, id=30548, stack(0x000000d0df800000,0x000000d0df900000)]
  0x00000260fe7bf710 JavaThread "Worker-2" [_thread_blocked, id=7216, stack(0x000000d0dfd00000,0x000000d0dfe00000)]
  0x00000260fe7c0a50 JavaThread "JNA Cleaner" daemon [_thread_blocked, id=33136, stack(0x000000d0dfc00000,0x000000d0dfd00000)]
  0x00000260fe7c0f20 JavaThread "pool-2-thread-1" [_thread_blocked, id=33112, stack(0x000000d0e0000000,0x000000d0e0100000)]
  0x00000260fe7bed70 JavaThread "pool-1-thread-1" [_thread_in_native, id=34744, stack(0x000000d0e0100000,0x000000d0e0200000)]
  0x00000260fe7bfbe0 JavaThread "ForkJoinPool.commonPool-worker-1" daemon [_thread_blocked, id=2688, stack(0x000000d0e0f00000,0x000000d0e1000000)]
  0x00000260fe7bf240 JavaThread "ForkJoinPool.commonPool-worker-2" daemon [_thread_in_vm, id=28708, stack(0x000000d0e1000000,0x000000d0e1100000)]
  0x00000260fe7be8a0 JavaThread "ForkJoinPool.commonPool-worker-3" daemon [_thread_blocked, id=28884, stack(0x000000d0e1100000,0x000000d0e1200000)]
  0x00000260fe063380 JavaThread "C2 CompilerThread1" daemon [_thread_blocked, id=2552, stack(0x000000d0df900000,0x000000d0dfa00000)]
  0x00000260fe063da0 JavaThread "C2 CompilerThread2" daemon [_thread_in_native, id=34204, stack(0x000000d0dfb00000,0x000000d0dfc00000)]
  0x00000260fe0642b0 JavaThread "C2 CompilerThread3" daemon [_thread_in_native, id=1972, stack(0x000000d0e0900000,0x000000d0e0a00000)]
  0x0000026099f2db50 JavaThread "C2 CompilerThread4" daemon [_thread_in_native, id=21784, stack(0x000000d0e0a00000,0x000000d0e0b00000)]
=>0x0000026099f308e0 JavaThread "C2 CompilerThread5" daemon [_thread_in_native, id=25740, stack(0x000000d0e0b00000,0x000000d0e0c00000)]
  0x0000026099f32740 JavaThread "C2 CompilerThread6" daemon [_thread_in_native, id=14352, stack(0x000000d0e0c00000,0x000000d0e0d00000)]
  0x0000026099f2e570 JavaThread "C2 CompilerThread7" daemon [_thread_in_native, id=29624, stack(0x000000d0e0d00000,0x000000d0e0e00000)]

Other Threads:
  0x00000260f7c3f610 VMThread "VM Thread" [stack: 0x000000d0dd400000,0x000000d0dd500000] [id=30680]
  0x00000260fd834850 WatcherThread [stack: 0x000000d0de400000,0x000000d0de500000] [id=29692]
  0x00000260f2de20c0 GCTaskThread "GC Thread#0" [stack: 0x000000d0dd300000,0x000000d0dd400000] [id=19424]
  0x00000260fe190980 GCTaskThread "GC Thread#1" [stack: 0x000000d0de900000,0x000000d0dea00000] [id=14812]
  0x00000260fda162c0 GCTaskThread "GC Thread#2" [stack: 0x000000d0dea00000,0x000000d0deb00000] [id=16772]
  0x00000260fdb834e0 GCTaskThread "GC Thread#3" [stack: 0x000000d0deb00000,0x000000d0dec00000] [id=25724]
  0x00000260fe07fa80 GCTaskThread "GC Thread#4" [stack: 0x000000d0dec00000,0x000000d0ded00000] [id=8272]
  0x00000260fe07fd30 GCTaskThread "GC Thread#5" [stack: 0x000000d0ded00000,0x000000d0dee00000] [id=28268]
  0x00000260fe07ffe0 GCTaskThread "GC Thread#6" [stack: 0x000000d0dee00000,0x000000d0def00000] [id=10400]
  0x00000260f0bbe560 GCTaskThread "GC Thread#7" [stack: 0x000000d0de800000,0x000000d0de900000] [id=18672]
  0x00000260fe4976f0 GCTaskThread "GC Thread#8" [stack: 0x000000d0df000000,0x000000d0df100000] [id=16580]
  0x00000260fe5beae0 GCTaskThread "GC Thread#9" [stack: 0x000000d0df400000,0x000000d0df500000] [id=15872]
  0x00000260fe7abf60 GCTaskThread "GC Thread#10" [stack: 0x000000d0df500000,0x000000d0df600000] [id=15128]
  0x00000260fe7ac610 GCTaskThread "GC Thread#11" [stack: 0x000000d0df600000,0x000000d0df700000] [id=34212]
  0x00000260fe685f00 GCTaskThread "GC Thread#12" [stack: 0x000000d0dfa00000,0x000000d0dfb00000] [id=29384]
  0x00000260fe685190 GCTaskThread "GC Thread#13" [stack: 0x000000d0df300000,0x000000d0df400000] [id=27452]
  0x00000260fe6856f0 GCTaskThread "GC Thread#14" [stack: 0x000000d0e0200000,0x000000d0e0300000] [id=27760]
  0x00000260fe685c50 GCTaskThread "GC Thread#15" [stack: 0x000000d0e0300000,0x000000d0e0400000] [id=29312]
  0x00000260fe684c30 GCTaskThread "GC Thread#16" [stack: 0x000000d0e0400000,0x000000d0e0500000] [id=28744]
  0x00000260fe684ee0 GCTaskThread "GC Thread#17" [stack: 0x000000d0e0500000,0x000000d0e0600000] [id=26412]
  0x00000260fe685440 GCTaskThread "GC Thread#18" [stack: 0x000000d0e0600000,0x000000d0e0700000] [id=7396]
  0x0000026090d752f0 GCTaskThread "GC Thread#19" [stack: 0x000000d0e0e00000,0x000000d0e0f00000] [id=26036]
  0x0000026090d75b00 GCTaskThread "GC Thread#20" [stack: 0x000000d0e0700000,0x000000d0e0800000] [id=33448]
  0x0000026090d75db0 GCTaskThread "GC Thread#21" [stack: 0x000000d0e0800000,0x000000d0e0900000] [id=30580]

Threads with active compile tasks:
C2 CompilerThread0     3976 4090 %     4       org.objectweb.asm.SymbolTable::<init> @ 98 (536 bytes)
C2 CompilerThread2     3976 4049   !   4       org.eclipse.osgi.internal.loader.classpath.ClasspathManager::findLocalClass (210 bytes)
C2 CompilerThread3     3976 4102       4       org.objectweb.asm.ClassReader::readMethod (1066 bytes)
C2 CompilerThread4     3976 4131       4       org.objectweb.asm.MethodVisitor::visitLineNumber (17 bytes)
C2 CompilerThread5     3976 4119       4       lombok.patcher.Hook::convertType (64 bytes)
C2 CompilerThread6     3976 4126       4       org.objectweb.asm.MethodWriter::visitLineNumber (50 bytes)
C2 CompilerThread7     3976 4136       4       lombok.patcher.PatchScript$MethodPatcher::visitMethod (158 bytes)

VM state: not at safepoint (normal execution)

VM Mutex/Monitor currently owned by a thread: None

Heap address: 0x00000000c0000000, size: 1024 MB, Compressed Oops mode: 32-bit

CDS archive(s) not mapped
Compressed class space mapped at: 0x0000000100000000-0x0000000140000000, reserved size: 1073741824
Narrow klass base: 0x0000000000000000, Narrow klass shift: 3, Narrow klass range: 0x140000000

GC Precious Log:
 CPUs: 32 total, 32 available
 Memory: 32489M
 Large Page Support: Disabled
 NUMA Support: Disabled
 Compressed Oops: Enabled (32-bit)
 Alignments: Space 512K, Generation 512K, Heap 2M
 Heap Min Capacity: 100M
 Heap Initial Capacity: 100M
 Heap Max Capacity: 1G
 Pre-touch: Disabled
 Parallel Workers: 23

Heap:
 PSYoungGen      total 21504K, used 9876K [0x00000000eab00000, 0x00000000ec280000, 0x0000000100000000)
  eden space 19968K, 42% used [0x00000000eab00000,0x00000000eb342ee0,0x00000000ebe80000)
  from space 1536K, 92% used [0x00000000ec100000,0x00000000ec2621c8,0x00000000ec280000)
  to   space 2048K, 0% used [0x00000000ebe80000,0x00000000ebe80000,0x00000000ec080000)
 ParOldGen       total 68608K, used 25151K [0x00000000c0000000, 0x00000000c4300000, 0x00000000eab00000)
  object space 68608K, 36% used [0x00000000c0000000,0x00000000c188ff30,0x00000000c4300000)
 Metaspace       used 41699K, committed 42432K, reserved 1089536K
  class space    used 4235K, committed 4608K, reserved 1048576K

Card table byte_map: [0x00000260f2770000,0x00000260f2980000] _byte_map_base: 0x00000260f2170000

Marking Bits: (ParMarkBitMap*) 0x00007fffc70c0dd0
 Begin Bits: [0x00000260f5a50000, 0x00000260f6a50000)
 End Bits:   [0x00000260f6a50000, 0x00000260f7a50000)

Polling page: 0x00000260f0d60000

Metaspace:

Usage:
  Non-class:     36.59 MB used.
      Class:      4.14 MB used.
       Both:     40.72 MB used.

Virtual space:
  Non-class space:       40.00 MB reserved,      36.94 MB ( 92%) committed,  5 nodes.
      Class space:        1.00 GB reserved,       4.50 MB ( <1%) committed,  1 nodes.
             Both:        1.04 GB reserved,      41.44 MB (  4%) committed. 

Chunk freelists:
   Non-Class:  2.39 MB
       Class:  3.36 MB
        Both:  5.75 MB

MaxMetaspaceSize: unlimited
CompressedClassSpaceSize: 1.00 GB
Initial GC threshold: 21.00 MB
Current GC threshold: 58.38 MB
CDS: off
MetaspaceReclaimPolicy: balanced
 - commit_granule_bytes: 65536.
 - commit_granule_words: 8192.
 - virtual_space_node_default_size: 1048576.
 - enlarge_chunks_in_place: 1.
 - new_chunks_are_fully_committed: 0.
 - uncommit_free_chunks: 1.
 - use_allocation_guard: 0.
 - handle_deallocations: 1.


Internal statistics:

num_allocs_failed_limit: 6.
num_arena_births: 278.
num_arena_deaths: 14.
num_vsnodes_births: 6.
num_vsnodes_deaths: 0.
num_space_committed: 663.
num_space_uncommitted: 0.
num_chunks_returned_to_freelist: 20.
num_chunks_taken_from_freelist: 1552.
num_chunk_merges: 7.
num_chunk_splits: 1080.
num_chunks_enlarged: 783.
num_purges: 2.
num_inconsistent_stats: 0.

CodeHeap 'non-profiled nmethods': size=118848Kb used=2211Kb max_used=2211Kb free=116636Kb
 bounds [0x0000026087bf0000, 0x0000026087e60000, 0x000002608f000000]
CodeHeap 'profiled nmethods': size=118848Kb used=8817Kb max_used=8817Kb free=110030Kb
 bounds [0x00000260807e0000, 0x0000026081080000, 0x0000026087bf0000]
CodeHeap 'non-nmethods': size=8064Kb used=3554Kb max_used=3654Kb free=4510Kb
 bounds [0x0000026080000000, 0x00000260803a0000, 0x00000260807e0000]
 total_blobs=4763 nmethods=4144 adapters=529
 compilation: enabled
              stopped_count=0, restarted_count=0
 full_count=0

Compilation events (20 events):
Event: 3.937 Thread 0x00000260fd7c5030 nmethod 4135 0x0000026081076b10 code [0x0000026081076cc0, 0x0000026081076ec8]
Event: 3.937 Thread 0x00000260f9a19000 nmethod 4134 0x0000026081076f90 code [0x0000026081077160, 0x00000260810775c8]
Event: 3.937 Thread 0x00000260fdc0f3d0 4138       3       org.objectweb.asm.Handler::putExceptionTable (63 bytes)
Event: 3.937 Thread 0x0000026099f2e570 4136       4       lombok.patcher.PatchScript$MethodPatcher::visitMethod (158 bytes)
Event: 3.938 Thread 0x00000260fd7c5030 4139       3       lombok.patcher.MethodLogistics::loadOpcodeFor (145 bytes)
Event: 3.938 Thread 0x00000260fdc0f3d0 nmethod 4138 0x0000026081077710 code [0x0000026081077920, 0x0000026081077d48]
Event: 3.939 Thread 0x00000260fdc0f3d0 4140       3       org.objectweb.asm.SymbolTable::hash (19 bytes)
Event: 3.939 Thread 0x00000260f9a19000 4141       3       org.objectweb.asm.MethodWriter::visitLdcInsn (215 bytes)
Event: 3.939 Thread 0x00000260fd7c5030 nmethod 4139 0x0000026081078010 code [0x00000260810782c0, 0x0000026081078ff8]
Event: 3.939 Thread 0x00000260fdc0f3d0 nmethod 4140 0x0000026081079490 code [0x0000026081079640, 0x00000260810797d8]
Event: 3.940 Thread 0x00000260fd7c5030 4142       3       org.objectweb.asm.SymbolTable::hash (23 bytes)
Event: 3.940 Thread 0x00000260fd7c5540 nmethod 4099 0x000002608105c110 code [0x000002608105d560, 0x000002608106e588]
Event: 3.941 Thread 0x00000260fd7c5030 nmethod 4142 0x0000026081079910 code [0x0000026081079ac0, 0x0000026081079ca8]
Event: 3.942 Thread 0x00000260f9a19000 nmethod 4141 0x0000026081079e10 code [0x000002608107a080, 0x000002608107ac08]
Event: 3.943 Thread 0x00000260fd7c5030 4145       3       org.objectweb.asm.MethodVisitor::visitCode (15 bytes)
Event: 3.943 Thread 0x00000260f9934ac0 4146       3       org.objectweb.asm.MethodVisitor::visitMaxs (17 bytes)
Event: 3.943 Thread 0x00000260fd7c5540 4147       3       org.objectweb.asm.MethodVisitor::visitEnd (15 bytes)
Event: 3.943 Thread 0x00000260fd7c5030 nmethod 4145 0x000002608107b090 code [0x000002608107b240, 0x000002608107b448]
Event: 3.943 Thread 0x00000260fd7c5540 nmethod 4147 0x000002608107b510 code [0x000002608107b6c0, 0x000002608107b8c8]
Event: 3.943 Thread 0x00000260f9934ac0 nmethod 4146 0x000002608107b990 code [0x000002608107bb40, 0x000002608107bd48]

GC Heap History (20 events):
Event: 2.976 GC heap before
{Heap before GC invocations=11 (full 1):
 PSYoungGen      total 26624K, used 26322K [0x00000000eab00000, 0x00000000ec880000, 0x0000000100000000)
  eden space 23040K, 100% used [0x00000000eab00000,0x00000000ec180000,0x00000000ec180000)
  from space 3584K, 91% used [0x00000000ec200000,0x00000000ec5348b0,0x00000000ec580000)
  to   space 3072K, 0% used [0x00000000ec580000,0x00000000ec580000,0x00000000ec880000)
 ParOldGen       total 68608K, used 10514K [0x00000000c0000000, 0x00000000c4300000, 0x00000000eab00000)
  object space 68608K, 15% used [0x00000000c0000000,0x00000000c0a44aa0,0x00000000c4300000)
 Metaspace       used 34914K, committed 35520K, reserved 1081344K
  class space    used 3522K, committed 3840K, reserved 1048576K
}
Event: 2.978 GC heap after
{Heap after GC invocations=11 (full 1):
 PSYoungGen      total 24064K, used 3040K [0x00000000eab00000, 0x00000000ecd00000, 0x0000000100000000)
  eden space 20992K, 0% used [0x00000000eab00000,0x00000000eab00000,0x00000000ebf80000)
  from space 3072K, 98% used [0x00000000ec580000,0x00000000ec878020,0x00000000ec880000)
  to   space 6144K, 0% used [0x00000000ebf80000,0x00000000ebf80000,0x00000000ec580000)
 ParOldGen       total 68608K, used 12856K [0x00000000c0000000, 0x00000000c4300000, 0x00000000eab00000)
  object space 68608K, 18% used [0x00000000c0000000,0x00000000c0c8e280,0x00000000c4300000)
 Metaspace       used 34914K, committed 35520K, reserved 1081344K
  class space    used 3522K, committed 3840K, reserved 1048576K
}
Event: 2.993 GC heap before
{Heap before GC invocations=12 (full 1):
 PSYoungGen      total 24064K, used 24032K [0x00000000eab00000, 0x00000000ecd00000, 0x0000000100000000)
  eden space 20992K, 100% used [0x00000000eab00000,0x00000000ebf80000,0x00000000ebf80000)
  from space 3072K, 98% used [0x00000000ec580000,0x00000000ec878020,0x00000000ec880000)
  to   space 6144K, 0% used [0x00000000ebf80000,0x00000000ebf80000,0x00000000ec580000)
 ParOldGen       total 68608K, used 12856K [0x00000000c0000000, 0x00000000c4300000, 0x00000000eab00000)
  object space 68608K, 18% used [0x00000000c0000000,0x00000000c0c8e280,0x00000000c4300000)
 Metaspace       used 34914K, committed 35520K, reserved 1081344K
  class space    used 3522K, committed 3840K, reserved 1048576K
}
Event: 2.995 GC heap after
{Heap after GC invocations=12 (full 1):
 PSYoungGen      total 23040K, used 2016K [0x00000000eab00000, 0x00000000ec680000, 0x0000000100000000)
  eden space 20992K, 0% used [0x00000000eab00000,0x00000000eab00000,0x00000000ebf80000)
  from space 2048K, 98% used [0x00000000ebf80000,0x00000000ec178000,0x00000000ec180000)
  to   space 3584K, 0% used [0x00000000ec300000,0x00000000ec300000,0x00000000ec680000)
 ParOldGen       total 68608K, used 15985K [0x00000000c0000000, 0x00000000c4300000, 0x00000000eab00000)
  object space 68608K, 23% used [0x00000000c0000000,0x00000000c0f9c420,0x00000000c4300000)
 Metaspace       used 34914K, committed 35520K, reserved 1081344K
  class space    used 3522K, committed 3840K, reserved 1048576K
}
Event: 3.009 GC heap before
{Heap before GC invocations=13 (full 1):
 PSYoungGen      total 23040K, used 23008K [0x00000000eab00000, 0x00000000ec680000, 0x0000000100000000)
  eden space 20992K, 100% used [0x00000000eab00000,0x00000000ebf80000,0x00000000ebf80000)
  from space 2048K, 98% used [0x00000000ebf80000,0x00000000ec178000,0x00000000ec180000)
  to   space 3584K, 0% used [0x00000000ec300000,0x00000000ec300000,0x00000000ec680000)
 ParOldGen       total 68608K, used 15985K [0x00000000c0000000, 0x00000000c4300000, 0x00000000eab00000)
  object space 68608K, 23% used [0x00000000c0000000,0x00000000c0f9c420,0x00000000c4300000)
 Metaspace       used 34914K, committed 35520K, reserved 1081344K
  class space    used 3522K, committed 3840K, reserved 1048576K
}
Event: 3.011 GC heap after
{Heap after GC invocations=13 (full 1):
 PSYoungGen      total 23552K, used 2112K [0x00000000eab00000, 0x00000000ec580000, 0x0000000100000000)
  eden space 20992K, 0% used [0x00000000eab00000,0x00000000eab00000,0x00000000ebf80000)
  from space 2560K, 82% used [0x00000000ec300000,0x00000000ec510000,0x00000000ec580000)
  to   space 2560K, 0% used [0x00000000ec080000,0x00000000ec080000,0x00000000ec300000)
 ParOldGen       total 68608K, used 17793K [0x00000000c0000000, 0x00000000c4300000, 0x00000000eab00000)
  object space 68608K, 25% used [0x00000000c0000000,0x00000000c1160420,0x00000000c4300000)
 Metaspace       used 34914K, committed 35520K, reserved 1081344K
  class space    used 3522K, committed 3840K, reserved 1048576K
}
Event: 3.023 GC heap before
{Heap before GC invocations=14 (full 1):
 PSYoungGen      total 23552K, used 23104K [0x00000000eab00000, 0x00000000ec580000, 0x0000000100000000)
  eden space 20992K, 100% used [0x00000000eab00000,0x00000000ebf80000,0x00000000ebf80000)
  from space 2560K, 82% used [0x00000000ec300000,0x00000000ec510000,0x00000000ec580000)
  to   space 2560K, 0% used [0x00000000ec080000,0x00000000ec080000,0x00000000ec300000)
 ParOldGen       total 68608K, used 17793K [0x00000000c0000000, 0x00000000c4300000, 0x00000000eab00000)
  object space 68608K, 25% used [0x00000000c0000000,0x00000000c1160420,0x00000000c4300000)
 Metaspace       used 34914K, committed 35520K, reserved 1081344K
  class space    used 3522K, committed 3840K, reserved 1048576K
}
Event: 3.025 GC heap after
{Heap after GC invocations=14 (full 1):
 PSYoungGen      total 23552K, used 2272K [0x00000000eab00000, 0x00000000ec480000, 0x0000000100000000)
  eden space 20992K, 0% used [0x00000000eab00000,0x00000000eab00000,0x00000000ebf80000)
  from space 2560K, 88% used [0x00000000ec080000,0x00000000ec2b8010,0x00000000ec300000)
  to   space 1536K, 0% used [0x00000000ec300000,0x00000000ec300000,0x00000000ec480000)
 ParOldGen       total 68608K, used 19753K [0x00000000c0000000, 0x00000000c4300000, 0x00000000eab00000)
  object space 68608K, 28% used [0x00000000c0000000,0x00000000c134a420,0x00000000c4300000)
 Metaspace       used 34914K, committed 35520K, reserved 1081344K
  class space    used 3522K, committed 3840K, reserved 1048576K
}
Event: 3.096 GC heap before
{Heap before GC invocations=15 (full 1):
 PSYoungGen      total 23552K, used 16029K [0x00000000eab00000, 0x00000000ec480000, 0x0000000100000000)
  eden space 20992K, 65% used [0x00000000eab00000,0x00000000eb86f698,0x00000000ebf80000)
  from space 2560K, 88% used [0x00000000ec080000,0x00000000ec2b8010,0x00000000ec300000)
  to   space 1536K, 0% used [0x00000000ec300000,0x00000000ec300000,0x00000000ec480000)
 ParOldGen       total 68608K, used 19753K [0x00000000c0000000, 0x00000000c4300000, 0x00000000eab00000)
  object space 68608K, 28% used [0x00000000c0000000,0x00000000c134a420,0x00000000c4300000)
 Metaspace       used 35237K, committed 35840K, reserved 1089536K
  class space    used 3554K, committed 3840K, reserved 1048576K
}
Event: 3.098 GC heap after
{Heap after GC invocations=15 (full 1):
 PSYoungGen      total 21504K, used 1508K [0x00000000eab00000, 0x00000000ec880000, 0x0000000100000000)
  eden space 19968K, 0% used [0x00000000eab00000,0x00000000eab00000,0x00000000ebe80000)
  from space 1536K, 98% used [0x00000000ec300000,0x00000000ec4793d0,0x00000000ec480000)
  to   space 4608K, 0% used [0x00000000ebe80000,0x00000000ebe80000,0x00000000ec300000)
 ParOldGen       total 68608K, used 22345K [0x00000000c0000000, 0x00000000c4300000, 0x00000000eab00000)
  object space 68608K, 32% used [0x00000000c0000000,0x00000000c15d2430,0x00000000c4300000)
 Metaspace       used 35237K, committed 35840K, reserved 1089536K
  class space    used 3554K, committed 3840K, reserved 1048576K
}
Event: 3.098 GC heap before
{Heap before GC invocations=16 (full 2):
 PSYoungGen      total 21504K, used 1508K [0x00000000eab00000, 0x00000000ec880000, 0x0000000100000000)
  eden space 19968K, 0% used [0x00000000eab00000,0x00000000eab00000,0x00000000ebe80000)
  from space 1536K, 98% used [0x00000000ec300000,0x00000000ec4793d0,0x00000000ec480000)
  to   space 4608K, 0% used [0x00000000ebe80000,0x00000000ebe80000,0x00000000ec300000)
 ParOldGen       total 68608K, used 22345K [0x00000000c0000000, 0x00000000c4300000, 0x00000000eab00000)
  object space 68608K, 32% used [0x00000000c0000000,0x00000000c15d2430,0x00000000c4300000)
 Metaspace       used 35237K, committed 35840K, reserved 1089536K
  class space    used 3554K, committed 3840K, reserved 1048576K
}
Event: 3.114 GC heap after
{Heap after GC invocations=16 (full 2):
 PSYoungGen      total 21504K, used 0K [0x00000000eab00000, 0x00000000ec880000, 0x0000000100000000)
  eden space 19968K, 0% used [0x00000000eab00000,0x00000000eab00000,0x00000000ebe80000)
  from space 1536K, 0% used [0x00000000ec300000,0x00000000ec300000,0x00000000ec480000)
  to   space 4608K, 0% used [0x00000000ebe80000,0x00000000ebe80000,0x00000000ec300000)
 ParOldGen       total 68608K, used 22773K [0x00000000c0000000, 0x00000000c4300000, 0x00000000eab00000)
  object space 68608K, 33% used [0x00000000c0000000,0x00000000c163d630,0x00000000c4300000)
 Metaspace       used 35237K, committed 35840K, reserved 1089536K
  class space    used 3554K, committed 3840K, reserved 1048576K
}
Event: 3.292 GC heap before
{Heap before GC invocations=17 (full 2):
 PSYoungGen      total 21504K, used 19917K [0x00000000eab00000, 0x00000000ec880000, 0x0000000100000000)
  eden space 19968K, 99% used [0x00000000eab00000,0x00000000ebe73720,0x00000000ebe80000)
  from space 1536K, 0% used [0x00000000ec300000,0x00000000ec300000,0x00000000ec480000)
  to   space 4608K, 0% used [0x00000000ebe80000,0x00000000ebe80000,0x00000000ec300000)
 ParOldGen       total 68608K, used 22773K [0x00000000c0000000, 0x00000000c4300000, 0x00000000eab00000)
  object space 68608K, 33% used [0x00000000c0000000,0x00000000c163d630,0x00000000c4300000)
 Metaspace       used 37348K, committed 37952K, reserved 1089536K
  class space    used 3831K, committed 4096K, reserved 1048576K
}
Event: 3.293 GC heap after
{Heap after GC invocations=17 (full 2):
 PSYoungGen      total 20992K, used 810K [0x00000000eab00000, 0x00000000ec380000, 0x0000000100000000)
  eden space 19968K, 0% used [0x00000000eab00000,0x00000000eab00000,0x00000000ebe80000)
  from space 1024K, 79% used [0x00000000ebe80000,0x00000000ebf4aa88,0x00000000ebf80000)
  to   space 2048K, 0% used [0x00000000ec180000,0x00000000ec180000,0x00000000ec380000)
 ParOldGen       total 68608K, used 22781K [0x00000000c0000000, 0x00000000c4300000, 0x00000000eab00000)
  object space 68608K, 33% used [0x00000000c0000000,0x00000000c163f630,0x00000000c4300000)
 Metaspace       used 37348K, committed 37952K, reserved 1089536K
  class space    used 3831K, committed 4096K, reserved 1048576K
}
Event: 3.434 GC heap before
{Heap before GC invocations=18 (full 2):
 PSYoungGen      total 20992K, used 20778K [0x00000000eab00000, 0x00000000ec380000, 0x0000000100000000)
  eden space 19968K, 100% used [0x00000000eab00000,0x00000000ebe80000,0x00000000ebe80000)
  from space 1024K, 79% used [0x00000000ebe80000,0x00000000ebf4aa88,0x00000000ebf80000)
  to   space 2048K, 0% used [0x00000000ec180000,0x00000000ec180000,0x00000000ec380000)
 ParOldGen       total 68608K, used 22781K [0x00000000c0000000, 0x00000000c4300000, 0x00000000eab00000)
  object space 68608K, 33% used [0x00000000c0000000,0x00000000c163f630,0x00000000c4300000)
 Metaspace       used 38773K, committed 39360K, reserved 1089536K
  class space    used 3972K, committed 4224K, reserved 1048576K
}
Event: 3.434 GC heap after
{Heap after GC invocations=18 (full 2):
 PSYoungGen      total 20992K, used 576K [0x00000000eab00000, 0x00000000ec280000, 0x0000000100000000)
  eden space 19968K, 0% used [0x00000000eab00000,0x00000000eab00000,0x00000000ebe80000)
  from space 1024K, 56% used [0x00000000ec180000,0x00000000ec210000,0x00000000ec280000)
  to   space 1024K, 0% used [0x00000000ebe80000,0x00000000ebe80000,0x00000000ebf80000)
 ParOldGen       total 68608K, used 23434K [0x00000000c0000000, 0x00000000c4300000, 0x00000000eab00000)
  object space 68608K, 34% used [0x00000000c0000000,0x00000000c16e2bd8,0x00000000c4300000)
 Metaspace       used 38773K, committed 39360K, reserved 1089536K
  class space    used 3972K, committed 4224K, reserved 1048576K
}
Event: 3.917 GC heap before
{Heap before GC invocations=19 (full 2):
 PSYoungGen      total 20992K, used 20529K [0x00000000eab00000, 0x00000000ec280000, 0x0000000100000000)
  eden space 19968K, 99% used [0x00000000eab00000,0x00000000ebe7c750,0x00000000ebe80000)
  from space 1024K, 56% used [0x00000000ec180000,0x00000000ec210000,0x00000000ec280000)
  to   space 1024K, 0% used [0x00000000ebe80000,0x00000000ebe80000,0x00000000ebf80000)
 ParOldGen       total 68608K, used 23434K [0x00000000c0000000, 0x00000000c4300000, 0x00000000eab00000)
  object space 68608K, 34% used [0x00000000c0000000,0x00000000c16e2bd8,0x00000000c4300000)
 Metaspace       used 40747K, committed 41472K, reserved 1089536K
  class space    used 4148K, committed 4480K, reserved 1048576K
}
Event: 3.918 GC heap after
{Heap after GC invocations=19 (full 2):
 PSYoungGen      total 20992K, used 1009K [0x00000000eab00000, 0x00000000ec380000, 0x0000000100000000)
  eden space 19968K, 0% used [0x00000000eab00000,0x00000000eab00000,0x00000000ebe80000)
  from space 1024K, 98% used [0x00000000ebe80000,0x00000000ebf7c6f8,0x00000000ebf80000)
  to   space 2560K, 0% used [0x00000000ec100000,0x00000000ec100000,0x00000000ec380000)
 ParOldGen       total 68608K, used 24427K [0x00000000c0000000, 0x00000000c4300000, 0x00000000eab00000)
  object space 68608K, 35% used [0x00000000c0000000,0x00000000c17dae20,0x00000000c4300000)
 Metaspace       used 40747K, committed 41472K, reserved 1089536K
  class space    used 4148K, committed 4480K, reserved 1048576K
}
Event: 3.940 GC heap before
{Heap before GC invocations=20 (full 2):
 PSYoungGen      total 20992K, used 20977K [0x00000000eab00000, 0x00000000ec380000, 0x0000000100000000)
  eden space 19968K, 100% used [0x00000000eab00000,0x00000000ebe80000,0x00000000ebe80000)
  from space 1024K, 98% used [0x00000000ebe80000,0x00000000ebf7c6f8,0x00000000ebf80000)
  to   space 2560K, 0% used [0x00000000ec100000,0x00000000ec100000,0x00000000ec380000)
 ParOldGen       total 68608K, used 24427K [0x00000000c0000000, 0x00000000c4300000, 0x00000000eab00000)
  object space 68608K, 35% used [0x00000000c0000000,0x00000000c17dae20,0x00000000c4300000)
 Metaspace       used 40771K, committed 41472K, reserved 1089536K
  class space    used 4148K, committed 4480K, reserved 1048576K
}
Event: 3.941 GC heap after
{Heap after GC invocations=20 (full 2):
 PSYoungGen      total 21504K, used 1416K [0x00000000eab00000, 0x00000000ec280000, 0x0000000100000000)
  eden space 19968K, 0% used [0x00000000eab00000,0x00000000eab00000,0x00000000ebe80000)
  from space 1536K, 92% used [0x00000000ec100000,0x00000000ec2621c8,0x00000000ec280000)
  to   space 2048K, 0% used [0x00000000ebe80000,0x00000000ebe80000,0x00000000ec080000)
 ParOldGen       total 68608K, used 25151K [0x00000000c0000000, 0x00000000c4300000, 0x00000000eab00000)
  object space 68608K, 36% used [0x00000000c0000000,0x00000000c188ff30,0x00000000c4300000)
 Metaspace       used 40771K, committed 41472K, reserved 1089536K
  class space    used 4148K, committed 4480K, reserved 1048576K
}

Dll operation events (10 events):
Event: 0.021 Loaded shared library c:\Users\gajdo\.vscode\extensions\redhat.java-1.13.0-win32-x64\jre\17.0.5-win32-x86_64\bin\java.dll
Event: 0.080 Loaded shared library c:\Users\gajdo\.vscode\extensions\redhat.java-1.13.0-win32-x64\jre\17.0.5-win32-x86_64\bin\zip.dll
Event: 0.082 Loaded shared library C:\Users\gajdo\.vscode\extensions\redhat.java-1.13.0-win32-x64\jre\17.0.5-win32-x86_64\bin\instrument.dll
Event: 0.089 Loaded shared library C:\Users\gajdo\.vscode\extensions\redhat.java-1.13.0-win32-x64\jre\17.0.5-win32-x86_64\bin\net.dll
Event: 0.091 Loaded shared library C:\Users\gajdo\.vscode\extensions\redhat.java-1.13.0-win32-x64\jre\17.0.5-win32-x86_64\bin\nio.dll
Event: 0.094 Loaded shared library C:\Users\gajdo\.vscode\extensions\redhat.java-1.13.0-win32-x64\jre\17.0.5-win32-x86_64\bin\zip.dll
Event: 0.101 Loaded shared library C:\Users\gajdo\.vscode\extensions\redhat.java-1.13.0-win32-x64\jre\17.0.5-win32-x86_64\bin\jimage.dll
Event: 0.120 Loaded shared library c:\Users\gajdo\.vscode\extensions\redhat.java-1.13.0-win32-x64\jre\17.0.5-win32-x86_64\bin\verify.dll
Event: 1.528 Loaded shared library C:\Users\gajdo\AppData\Roaming\Code\User\globalStorage\redhat.java\1.13.0\config_ss_win\org.eclipse.equinox.launcher\org.eclipse.equinox.launcher.win32.win32.x86_64_1.2.600.v20220720-1916\eclipse_11700.dll
Event: 2.602 Loaded shared library C:\Users\gajdo\AppData\Local\Temp\jna-98117467\jna5425033659472312170.dll

Deoptimization events (20 events):
Event: 3.920 Thread 0x00000260fe7bf240 Uncommon trap: trap_request=0xffffffde fr.pc=0x0000026087cf4398 relative=0x0000000000008798
Event: 3.920 Thread 0x00000260fe7bf240 Uncommon trap: reason=class_check action=maybe_recompile pc=0x0000026087cf4398 method=lombok.patcher.PatchScript$MethodPatcher.visitMethod(ILjava/lang/String;Ljava/lang/String;Ljava/lang/String;[Ljava/lang/String;)Lorg/objectweb/asm/MethodVisitor; @ 101 c
Event: 3.920 Thread 0x00000260fe7bf240 DEOPT PACKING pc=0x0000026087cf4398 sp=0x000000d0e10fbdc0
Event: 3.920 Thread 0x00000260fe7bf240 DEOPT UNPACKING pc=0x00000260800558a3 sp=0x000000d0e10fbd68 mode 2
Event: 3.920 Thread 0x00000260fe7bf240 Uncommon trap: trap_request=0xffffffde fr.pc=0x0000026087cf4398 relative=0x0000000000008798
Event: 3.920 Thread 0x00000260fe7bf240 Uncommon trap: reason=class_check action=maybe_recompile pc=0x0000026087cf4398 method=lombok.patcher.PatchScript$MethodPatcher.visitMethod(ILjava/lang/String;Ljava/lang/String;Ljava/lang/String;[Ljava/lang/String;)Lorg/objectweb/asm/MethodVisitor; @ 101 c
Event: 3.920 Thread 0x00000260fe7bf240 DEOPT PACKING pc=0x0000026087cf4398 sp=0x000000d0e10fbdc0
Event: 3.920 Thread 0x00000260fe7bf240 DEOPT UNPACKING pc=0x00000260800558a3 sp=0x000000d0e10fbd68 mode 2
Event: 3.920 Thread 0x00000260fe7bf240 Uncommon trap: trap_request=0xffffffde fr.pc=0x0000026087ce6528 relative=0x0000000000002a88
Event: 3.920 Thread 0x00000260fe7bf240 Uncommon trap: reason=class_check action=maybe_recompile pc=0x0000026087ce6528 method=lombok.patcher.PatchScript$MethodPatcher.visitMethod(ILjava/lang/String;Ljava/lang/String;Ljava/lang/String;[Ljava/lang/String;)Lorg/objectweb/asm/MethodVisitor; @ 101 c
Event: 3.920 Thread 0x00000260fe7bf240 DEOPT PACKING pc=0x0000026087ce6528 sp=0x000000d0e10fbd60
Event: 3.920 Thread 0x00000260fe7bf240 DEOPT UNPACKING pc=0x00000260800558a3 sp=0x000000d0e10fbd68 mode 2
Event: 3.924 Thread 0x00000260fe7bf240 DEOPT PACKING pc=0x0000026080c90c9b sp=0x000000d0e10fbf50
Event: 3.924 Thread 0x00000260fe7bf240 DEOPT UNPACKING pc=0x00000260800563e3 sp=0x000000d0e10fb450 mode 0
Event: 3.926 Thread 0x00000260fe7bf240 DEOPT PACKING pc=0x0000026080c90c9b sp=0x000000d0e10fbf50
Event: 3.926 Thread 0x00000260fe7bf240 DEOPT UNPACKING pc=0x00000260800563e3 sp=0x000000d0e10fb450 mode 0
Event: 3.933 Thread 0x00000260fe7bf240 DEOPT PACKING pc=0x0000026080c90c9b sp=0x000000d0e10fbf50
Event: 3.933 Thread 0x00000260fe7bf240 DEOPT UNPACKING pc=0x00000260800563e3 sp=0x000000d0e10fb450 mode 0
Event: 3.935 Thread 0x00000260fe7bf240 DEOPT PACKING pc=0x0000026080c90c9b sp=0x000000d0e10fbf50
Event: 3.935 Thread 0x00000260fe7bf240 DEOPT UNPACKING pc=0x00000260800563e3 sp=0x000000d0e10fb450 mode 0

Classes unloaded (7 events):
Event: 1.801 Thread 0x00000260f7c3f610 Unloading class 0x0000000100212400 'java/lang/invoke/LambdaForm$MH+0x0000000100212400'
Event: 1.801 Thread 0x00000260f7c3f610 Unloading class 0x0000000100212000 'java/lang/invoke/LambdaForm$MH+0x0000000100212000'
Event: 1.801 Thread 0x00000260f7c3f610 Unloading class 0x0000000100211c00 'java/lang/invoke/LambdaForm$MH+0x0000000100211c00'
Event: 1.801 Thread 0x00000260f7c3f610 Unloading class 0x0000000100211800 'java/lang/invoke/LambdaForm$MH+0x0000000100211800'
Event: 1.801 Thread 0x00000260f7c3f610 Unloading class 0x0000000100211000 'java/lang/invoke/LambdaForm$BMH+0x0000000100211000'
Event: 1.801 Thread 0x00000260f7c3f610 Unloading class 0x0000000100210c00 'java/lang/invoke/LambdaForm$DMH+0x0000000100210c00'
Event: 1.801 Thread 0x00000260f7c3f610 Unloading class 0x000000010020e000 'java/lang/invoke/LambdaForm$DMH+0x000000010020e000'

Classes redefined (0 events):
No events

Internal exceptions (20 events):
Event: 2.618 Thread 0x00000260fd8312f0 Exception <a 'java/io/FileNotFoundException'{0x00000000eb509ca8}> (0x00000000eb509ca8) 
thrown [s\src\hotspot\share\prims\jni.cpp, line 516]
Event: 2.621 Thread 0x00000260fd8312f0 Exception <a 'java/lang/UnsatisfiedLinkError'{0x00000000eb594e30}: The specified procedure could not be found.
> (0x00000000eb594e30) 
thrown [s\src\hotspot\share\prims\jni.cpp, line 535]
Event: 2.629 Thread 0x00000260f2dcd280 Exception <a 'java/lang/NoSuchMethodError'{0x00000000eb6899d8}: 'java.lang.Object java.lang.invoke.DirectMethodHandle$Holder.invokeStatic(java.lang.Object, java.lang.Object, long, java.lang.Object)'> (0x00000000eb6899d8) 
thrown [s\src\hotspot\share\interpreter\linkResolver.cpp, line 759]
Event: 2.629 Thread 0x00000260f2dcd280 Exception <a 'java/lang/NoSuchMethodError'{0x00000000eb68d470}: 'java.lang.Object java.lang.invoke.DirectMethodHandle$Holder.invokeStaticInit(java.lang.Object, java.lang.Object, long, java.lang.Object)'> (0x00000000eb68d470) 
thrown [s\src\hotspot\share\interpreter\linkResolver.cpp, line 759]
Event: 2.629 Thread 0x00000260f2dcd280 Exception <a 'java/lang/NoSuchMethodError'{0x00000000eb693a80}: 'java.lang.Object java.lang.invoke.DirectMethodHandle$Holder.newInvokeSpecial(java.lang.Object, java.lang.Object, long)'> (0x00000000eb693a80) 
thrown [s\src\hotspot\share\interpreter\linkResolver.cpp, line 759]
Event: 2.630 Thread 0x00000260f2dcd280 Exception <a 'java/lang/NoSuchMethodError'{0x00000000eb6975f0}: 'java.lang.Object java.lang.invoke.Invokers$Holder.linkToTargetMethod(java.lang.Object, long, java.lang.Object)'> (0x00000000eb6975f0) 
thrown [s\src\hotspot\share\interpreter\linkResolver.cpp, line 759]
Event: 2.652 Thread 0x00000260f2dcd280 Exception <a 'java/lang/NoSuchMethodError'{0x00000000eb84dbd0}: 'void java.lang.invoke.DirectMethodHandle$Holder.invokeStatic(java.lang.Object, java.lang.Object, java.lang.Object, java.lang.Object)'> (0x00000000eb84dbd0) 
thrown [s\src\hotspot\share\interpreter\linkResolver.cpp, line 759]
Event: 2.686 Thread 0x00000260f2dcd280 Exception <a 'java/lang/NoSuchMethodError'{0x00000000ebfa1900}: 'void java.lang.invoke.DirectMethodHandle$Holder.invokeSpecial(java.lang.Object, java.lang.Object, java.lang.Object, java.lang.Object, java.lang.Object, java.lang.Object)'> (0x00000000ebfa1900) 
thrown [s\src\hotspot\share\interpreter\linkResolver.cpp, line 759]
Event: 2.686 Thread 0x00000260f2dcd280 Exception <a 'java/lang/NoSuchMethodError'{0x00000000ebfa8fb8}: 'java.lang.Object java.lang.invoke.DirectMethodHandle$Holder.newInvokeSpecial(java.lang.Object, java.lang.Object, java.lang.Object, java.lang.Object, java.lang.Object)'> (0x00000000ebfa8fb8) 
thrown [s\src\hotspot\share\interpreter\linkResolver.cpp, line 759]
Event: 2.726 Thread 0x00000260fe7bed70 Exception <a 'java/io/FileNotFoundException'{0x00000000eac3e620}> (0x00000000eac3e620) 
thrown [s\src\hotspot\share\prims\jni.cpp, line 516]
Event: 2.827 Thread 0x00000260fe7bf710 Exception <a 'java/lang/NoSuchMethodError'{0x00000000eb49b9f8}: 'java.lang.Object java.lang.invoke.Invokers$Holder.invoke_MT(java.lang.Object, java.lang.Object, java.lang.Object)'> (0x00000000eb49b9f8) 
thrown [s\src\hotspot\share\interpreter\linkResolver.cpp, line 759]
Event: 2.919 Thread 0x00000260fe7bf710 Exception <a 'java/io/FileNotFoundException'{0x00000000eb60e4e0}> (0x00000000eb60e4e0) 
thrown [s\src\hotspot\share\prims\jni.cpp, line 516]
Event: 2.919 Thread 0x00000260fe7bf710 Exception <a 'java/io/FileNotFoundException'{0x00000000eb60fe18}> (0x00000000eb60fe18) 
thrown [s\src\hotspot\share\prims\jni.cpp, line 516]
Event: 2.921 Thread 0x00000260fe7bf710 Exception <a 'java/lang/NoSuchMethodError'{0x00000000eb61bfa8}: 'void java.lang.invoke.DirectMethodHandle$Holder.invokeStaticInit(java.lang.Object, java.lang.Object, java.lang.Object)'> (0x00000000eb61bfa8) 
thrown [s\src\hotspot\share\interpreter\linkResolver.cpp, line 759]
Event: 3.045 Thread 0x00000260fe7bf710 Exception <a 'java/lang/NoSuchMethodError'{0x00000000eb621420}: 'java.lang.Object java.lang.invoke.DirectMethodHandle$Holder.newInvokeSpecial(java.lang.Object, java.lang.Object, java.lang.Object, int, java.lang.Object)'> (0x00000000eb621420) 
thrown [s\src\hotspot\share\interpreter\linkResolver.cpp, line 759]
Event: 3.045 Thread 0x00000260fe7bf710 Exception <a 'java/lang/NoSuchMethodError'{0x00000000eb6255d0}: 'java.lang.Object java.lang.invoke.DirectMethodHandle$Holder.invokeSpecial(java.lang.Object, java.lang.Object, java.lang.Object, java.lang.Object, int, java.lang.Object)'> (0x00000000eb6255d0) 
thrown [s\src\hotspot\share\interpreter\linkResolver.cpp, line 759]
Event: 3.131 Thread 0x00000260fe7bed70 Exception <a 'java/lang/NoSuchMethodError'{0x00000000eab716f8}: 'java.lang.Object java.lang.invoke.DirectMethodHandle$Holder.invokeInterface(java.lang.Object, java.lang.Object, java.lang.Object)'> (0x00000000eab716f8) 
thrown [s\src\hotspot\share\interpreter\linkResolver.cpp, line 759]
Event: 3.165 Thread 0x00000260fe7bed70 Implicit null exception at 0x0000026087cd7648 to 0x0000026087cd7708
Event: 3.398 Thread 0x00000260fe7bed70 Implicit null exception at 0x0000026087d0f0c3 to 0x0000026087d0fcf8
Event: 3.398 Thread 0x00000260fe7bed70 Implicit null exception at 0x0000026087d098c7 to 0x0000026087d0a584

VM Operations (20 events):
Event: 3.009 Executing VM operation: ParallelGCFailedAllocation
Event: 3.012 Executing VM operation: ParallelGCFailedAllocation done
Event: 3.023 Executing VM operation: ParallelGCFailedAllocation
Event: 3.025 Executing VM operation: ParallelGCFailedAllocation done
Event: 3.045 Executing VM operation: HandshakeAllThreads
Event: 3.045 Executing VM operation: HandshakeAllThreads done
Event: 3.096 Executing VM operation: CollectForMetadataAllocation
Event: 3.114 Executing VM operation: CollectForMetadataAllocation done
Event: 3.226 Executing VM operation: HandshakeAllThreads
Event: 3.226 Executing VM operation: HandshakeAllThreads done
Event: 3.292 Executing VM operation: ParallelGCFailedAllocation
Event: 3.293 Executing VM operation: ParallelGCFailedAllocation done
Event: 3.434 Executing VM operation: ParallelGCFailedAllocation
Event: 3.434 Executing VM operation: ParallelGCFailedAllocation done
Event: 3.440 Executing VM operation: HandshakeAllThreads
Event: 3.440 Executing VM operation: HandshakeAllThreads done
Event: 3.917 Executing VM operation: ParallelGCFailedAllocation
Event: 3.918 Executing VM operation: ParallelGCFailedAllocation done
Event: 3.940 Executing VM operation: ParallelGCFailedAllocation
Event: 3.941 Executing VM operation: ParallelGCFailedAllocation done

Events (20 events):
Event: 3.876 loading class java/lang/UnsupportedClassVersionError
Event: 3.876 loading class java/lang/UnsupportedClassVersionError done
Event: 3.881 loading class jdk/internal/reflect/UnsafeQualifiedStaticIntegerFieldAccessorImpl
Event: 3.881 loading class jdk/internal/reflect/UnsafeQualifiedStaticIntegerFieldAccessorImpl done
Event: 3.882 Thread 0x00000260fe063da0 Thread added: 0x00000260fe063da0
Event: 3.898 loading class java/util/stream/MatchOps$MatchKind
Event: 3.898 loading class java/util/stream/MatchOps$MatchKind done
Event: 3.898 loading class java/util/stream/MatchOps
Event: 3.898 loading class java/util/stream/MatchOps done
Event: 3.898 loading class java/util/stream/MatchOps$MatchOp
Event: 3.898 loading class java/util/stream/MatchOps$MatchOp done
Event: 3.898 loading class java/util/stream/MatchOps$BooleanTerminalSink
Event: 3.898 loading class java/util/stream/MatchOps$BooleanTerminalSink done
Event: 3.898 loading class java/util/stream/MatchOps$1MatchSink
Event: 3.898 loading class java/util/stream/MatchOps$1MatchSink done
Event: 3.924 Thread 0x00000260fe0642b0 Thread added: 0x00000260fe0642b0
Event: 3.925 Thread 0x0000026099f2db50 Thread added: 0x0000026099f2db50
Event: 3.930 Thread 0x0000026099f308e0 Thread added: 0x0000026099f308e0
Event: 3.930 Thread 0x0000026099f32740 Thread added: 0x0000026099f32740
Event: 3.937 Thread 0x0000026099f2e570 Thread added: 0x0000026099f2e570


Dynamic libraries:
0x00007ff65dd70000 - 0x00007ff65dd7e000 	c:\Users\gajdo\.vscode\extensions\redhat.java-1.13.0-win32-x64\jre\17.0.5-win32-x86_64\bin\java.exe
0x00007ff841ad0000 - 0x00007ff841ce4000 	C:\Windows\SYSTEM32\ntdll.dll
0x00007ff840760000 - 0x00007ff840823000 	C:\Windows\System32\KERNEL32.DLL
0x00007ff83f150000 - 0x00007ff83f4ed000 	C:\Windows\System32\KERNELBASE.dll
0x00007ff83f7a0000 - 0x00007ff83f8b1000 	C:\Windows\System32\ucrtbase.dll
0x00007ff81fa80000 - 0x00007ff81fa97000 	c:\Users\gajdo\.vscode\extensions\redhat.java-1.13.0-win32-x64\jre\17.0.5-win32-x86_64\bin\jli.dll
0x00007ff81e2f0000 - 0x00007ff81e309000 	c:\Users\gajdo\.vscode\extensions\redhat.java-1.13.0-win32-x64\jre\17.0.5-win32-x86_64\bin\VCRUNTIME140.dll
0x00007ff83f8c0000 - 0x00007ff83fa6d000 	C:\Windows\System32\USER32.dll
0x00007ff83f080000 - 0x00007ff83f0a6000 	C:\Windows\System32\win32u.dll
0x00007ff841640000 - 0x00007ff841669000 	C:\Windows\System32\GDI32.dll
0x00007ff825900000 - 0x00007ff825b8e000 	C:\Windows\WinSxS\amd64_microsoft.windows.common-controls_6595b64144ccf1df_6.0.22621.608_none_a9444ca7c10bb01d\COMCTL32.dll
0x00007ff83eef0000 - 0x00007ff83f002000 	C:\Windows\System32\gdi32full.dll
0x00007ff840c70000 - 0x00007ff840d17000 	C:\Windows\System32\msvcrt.dll
0x00007ff83f0b0000 - 0x00007ff83f14a000 	C:\Windows\System32\msvcp_win.dll
0x00007ff840610000 - 0x00007ff840642000 	C:\Windows\System32\IMM32.DLL
0x00007ff833650000 - 0x00007ff83365c000 	c:\Users\gajdo\.vscode\extensions\redhat.java-1.13.0-win32-x64\jre\17.0.5-win32-x86_64\bin\vcruntime140_1.dll
0x00007ff8022c0000 - 0x00007ff802351000 	c:\Users\gajdo\.vscode\extensions\redhat.java-1.13.0-win32-x64\jre\17.0.5-win32-x86_64\bin\msvcp140.dll
0x00007fffc6540000 - 0x00007fffc7184000 	c:\Users\gajdo\.vscode\extensions\redhat.java-1.13.0-win32-x64\jre\17.0.5-win32-x86_64\bin\server\jvm.dll
0x00007ff83fb30000 - 0x00007ff83fbde000 	C:\Windows\System32\ADVAPI32.dll
0x00007ff83fa80000 - 0x00007ff83fb24000 	C:\Windows\System32\sechost.dll
0x00007ff83ff70000 - 0x00007ff840085000 	C:\Windows\System32\RPCRT4.dll
0x00007ff835440000 - 0x00007ff835474000 	C:\Windows\SYSTEM32\WINMM.dll
0x00007ff837830000 - 0x00007ff83783a000 	C:\Windows\SYSTEM32\VERSION.dll
0x00007ff826ee0000 - 0x00007ff826ee9000 	C:\Windows\SYSTEM32\WSOCK32.dll
0x00007ff840a50000 - 0x00007ff840ac1000 	C:\Windows\System32\WS2_32.dll
0x00007ff83e000000 - 0x00007ff83e018000 	C:\Windows\SYSTEM32\kernel.appcore.dll
0x00007ff8305b0000 - 0x00007ff8305ba000 	c:\Users\gajdo\.vscode\extensions\redhat.java-1.13.0-win32-x64\jre\17.0.5-win32-x86_64\bin\jimage.dll
0x00007ff83c560000 - 0x00007ff83c78e000 	C:\Windows\SYSTEM32\DBGHELP.DLL
0x00007ff83fbe0000 - 0x00007ff83ff6a000 	C:\Windows\System32\combase.dll
0x00007ff8416c0000 - 0x00007ff841797000 	C:\Windows\System32\OLEAUT32.dll
0x00007ff835740000 - 0x00007ff835772000 	C:\Windows\SYSTEM32\dbgcore.DLL
0x00007ff83f660000 - 0x00007ff83f6db000 	C:\Windows\System32\bcryptPrimitives.dll
0x00007ff825b90000 - 0x00007ff825b9e000 	c:\Users\gajdo\.vscode\extensions\redhat.java-1.13.0-win32-x64\jre\17.0.5-win32-x86_64\bin\instrument.dll
0x00007ff80caf0000 - 0x00007ff80cb15000 	c:\Users\gajdo\.vscode\extensions\redhat.java-1.13.0-win32-x64\jre\17.0.5-win32-x86_64\bin\java.dll
0x00007ff81e010000 - 0x00007ff81e028000 	c:\Users\gajdo\.vscode\extensions\redhat.java-1.13.0-win32-x64\jre\17.0.5-win32-x86_64\bin\zip.dll
0x00007ff840d20000 - 0x00007ff84150f000 	C:\Windows\System32\SHELL32.dll
0x00007ff83cee0000 - 0x00007ff83d7a8000 	C:\Windows\SYSTEM32\windows.storage.dll
0x00007ff83cda0000 - 0x00007ff83cede000 	C:\Windows\SYSTEM32\wintypes.dll
0x00007ff840660000 - 0x00007ff840751000 	C:\Windows\System32\SHCORE.dll
0x00007ff8417b0000 - 0x00007ff84180e000 	C:\Windows\System32\shlwapi.dll
0x00007ff83ee20000 - 0x00007ff83ee41000 	C:\Windows\SYSTEM32\profapi.dll
0x00007ff818bc0000 - 0x00007ff818bd9000 	C:\Users\gajdo\.vscode\extensions\redhat.java-1.13.0-win32-x64\jre\17.0.5-win32-x86_64\bin\net.dll
0x00007ff838b00000 - 0x00007ff838c2f000 	C:\Windows\SYSTEM32\WINHTTP.dll
0x00007ff83e450000 - 0x00007ff83e4b9000 	C:\Windows\system32\mswsock.dll
0x00007ff813f70000 - 0x00007ff813f85000 	C:\Users\gajdo\.vscode\extensions\redhat.java-1.13.0-win32-x64\jre\17.0.5-win32-x86_64\bin\nio.dll
0x00007ff824980000 - 0x00007ff824990000 	c:\Users\gajdo\.vscode\extensions\redhat.java-1.13.0-win32-x64\jre\17.0.5-win32-x86_64\bin\verify.dll
0x00007ff80bac0000 - 0x00007ff80bafe000 	C:\Users\gajdo\AppData\Roaming\Code\User\globalStorage\redhat.java\1.13.0\config_ss_win\org.eclipse.equinox.launcher\org.eclipse.equinox.launcher.win32.win32.x86_64_1.2.600.v20220720-1916\eclipse_11700.dll
0x00007ff840830000 - 0x00007ff8409cc000 	C:\Windows\System32\ole32.dll
0x00007ff83e770000 - 0x00007ff83e78b000 	C:\Windows\SYSTEM32\CRYPTSP.dll
0x00007ff83df70000 - 0x00007ff83dfa5000 	C:\Windows\system32\rsaenh.dll
0x00007ff83e4f0000 - 0x00007ff83e518000 	C:\Windows\SYSTEM32\USERENV.dll
0x00007ff83e8b0000 - 0x00007ff83e8d8000 	C:\Windows\SYSTEM32\bcrypt.dll
0x00007ff83e750000 - 0x00007ff83e75c000 	C:\Windows\SYSTEM32\CRYPTBASE.dll
0x00007ff83dab0000 - 0x00007ff83dadd000 	C:\Windows\SYSTEM32\IPHLPAPI.DLL
0x00007ff83fa70000 - 0x00007ff83fa79000 	C:\Windows\System32\NSI.dll
0x00007ff838850000 - 0x00007ff838869000 	C:\Windows\SYSTEM32\dhcpcsvc6.DLL
0x00007ff838830000 - 0x00007ff83884f000 	C:\Windows\SYSTEM32\dhcpcsvc.DLL
0x00007ff83dae0000 - 0x00007ff83dbd2000 	C:\Windows\SYSTEM32\DNSAPI.dll
0x00007ff807f20000 - 0x00007ff807f60000 	C:\Users\gajdo\AppData\Local\Temp\jna-98117467\jna5425033659472312170.dll
0x00007ff840650000 - 0x00007ff840658000 	C:\Windows\System32\PSAPI.DLL

dbghelp: loaded successfully - version: 4.0.5 - missing functions: none
symbol engine: initialized successfully - sym options: 0x614 - pdb path: .;c:\Users\gajdo\.vscode\extensions\redhat.java-1.13.0-win32-x64\jre\17.0.5-win32-x86_64\bin;C:\Windows\SYSTEM32;C:\Windows\WinSxS\amd64_microsoft.windows.common-controls_6595b64144ccf1df_6.0.22621.608_none_a9444ca7c10bb01d;c:\Users\gajdo\.vscode\extensions\redhat.java-1.13.0-win32-x64\jre\17.0.5-win32-x86_64\bin\server;C:\Users\gajdo\AppData\Roaming\Code\User\globalStorage\redhat.java\1.13.0\config_ss_win\org.eclipse.equinox.launcher\org.eclipse.equinox.launcher.win32.win32.x86_64_1.2.600.v20220720-1916;C:\Users\gajdo\AppData\Local\Temp\jna-98117467

VM Arguments:
jvm_args: --add-modules=ALL-SYSTEM --add-opens=java.base/java.util=ALL-UNNAMED --add-opens=java.base/java.lang=ALL-UNNAMED --add-opens=java.base/sun.nio.fs=ALL-UNNAMED -Declipse.application=org.eclipse.jdt.ls.core.id1 -Dosgi.bundles.defaultStartLevel=4 -Declipse.product=org.eclipse.jdt.ls.core.product -Djava.import.generatesMetadataFilesAtProjectRoot=false -Dfile.encoding=utf8 -XX:+UseParallelGC -XX:GCTimeRatio=4 -XX:AdaptiveSizePolicyWeight=90 -Dsun.zip.disableMemoryMapping=true -Xmx1G -Xms100m -Xlog:disable -javaagent:c:\Users\gajdo\.vscode\extensions\redhat.java-1.13.0-win32-x64\lombok\lombok-1.18.24.jar 
java_command: c:\Users\gajdo\.vscode\extensions\redhat.java-1.13.0-win32-x64\server\plugins\org.eclipse.equinox.launcher_1.6.400.v20210924-0641.jar -configuration c:\Users\gajdo\AppData\Roaming\Code\User\globalStorage\redhat.java\1.13.0\config_ss_win -data c:\Users\gajdo\AppData\Roaming\Code\User\workspaceStorage\a7ad9fa10a0148d14975a44dec37d114\redhat.java\ss_ws
java_class_path (initial): c:\Users\gajdo\.vscode\extensions\redhat.java-1.13.0-win32-x64\server\plugins\org.eclipse.equinox.launcher_1.6.400.v20210924-0641.jar
Launcher Type: SUN_STANDARD

[Global flags]
    uintx AdaptiveSizePolicyWeight                 = 90                                        {product} {command line}
     intx CICompilerCount                          = 15                                        {product} {ergonomic}
    uintx GCTimeRatio                              = 4                                         {product} {command line}
   size_t InitialHeapSize                          = 104857600                                 {product} {command line}
   size_t MaxHeapSize                              = 1073741824                                {product} {command line}
   size_t MaxNewSize                               = 357564416                                 {product} {ergonomic}
   size_t MinHeapDeltaBytes                        = 524288                                    {product} {ergonomic}
   size_t MinHeapSize                              = 104857600                                 {product} {command line}
   size_t NewSize                                  = 34603008                                  {product} {ergonomic}
    uintx NonNMethodCodeHeapSize                   = 8192380                                {pd product} {ergonomic}
    uintx NonProfiledCodeHeapSize                  = 121732930                              {pd product} {ergonomic}
   size_t OldSize                                  = 70254592                                  {product} {ergonomic}
    uintx ProfiledCodeHeapSize                     = 121732930                              {pd product} {ergonomic}
    uintx ReservedCodeCacheSize                    = 251658240                              {pd product} {ergonomic}
     bool SegmentedCodeCache                       = true                                      {product} {ergonomic}
   size_t SoftMaxHeapSize                          = 1073741824                             {manageable} {ergonomic}
     bool UseCompressedClassPointers               = true                           {product lp64_product} {ergonomic}
     bool UseCompressedOops                        = true                           {product lp64_product} {ergonomic}
     bool UseLargePagesIndividualAllocation        = false                                  {pd product} {ergonomic}
     bool UseParallelGC                            = true                                      {product} {command line}

Logging:
Log output configuration:
 #0: stdout all=off uptime,level,tags
 #1: stderr all=off uptime,level,tags

Environment Variables:
JAVA_HOME=C:\Program Files\OpenJDK\jdk-19.0.1
PATH=C:\Program Files (x86)\Common Files\Oracle\Java\javapath;C:\Windows\system32;C:\Windows;C:\Windows\System32\Wbem;C:\Windows\System32\WindowsPowerShell\v1.0\;C:\Windows\System32\OpenSSH\;C:\Users\gajdo\AppData\Roaming\nvm;C:\Program Files\nodejs;C:\Program Files (x86)\Java\apache-maven-3.8.7-bin\apache-maven-3.8.7\bin;C:\ProgramData\chocolatey\bin;C:\ProgramData\chocolatey\lib\maven\apache-maven-3.8.7\bin;C:\Program Files\OpenJDK\jdk-19.0.1\bin;C:\Users\gajdo\AppData\Local\Microsoft\WindowsApps;C:\Users\gajdo\AppData\Local\Programs\Microsoft VS Code\bin;C:\Users\gajdo\AppData\Roaming\nvm;C:\Program Files\nodejs
USERNAME=gajdo
OS=Windows_NT
PROCESSOR_IDENTIFIER=AMD64 Family 25 Model 97 Stepping 2, AuthenticAMD
TMP=C:\Users\gajdo\AppData\Local\Temp
TEMP=C:\Users\gajdo\AppData\Local\Temp



---------------  S Y S T E M  ---------------

OS:
 Windows 11 , 64 bit Build 22621 (10.0.22621.963)
OS uptime: 1 days 0:33 hours
Hyper-V role detected

CPU: total 32 (initial active 32) (32 cores per cpu, 2 threads per core) family 25 model 97 stepping 2 microcode 0x0, cx8, cmov, fxsr, ht, mmx, 3dnowpref, sse, sse2, sse3, ssse3, sse4a, sse4.1, sse4.2, popcnt, lzcnt, tsc, tscinvbit, avx, avx2, aes, erms, clmul, bmi1, bmi2, adx, avx512f, avx512dq, avx512cd, avx512bw, avx512vl, sha, fma, vzeroupper, avx512_vpopcntdq, avx512_vpclmulqdq, avx512_vaes, avx512_vnni, clflush, clflushopt, avx512_vbmi2, avx512_vbmi, hv

Memory: 4k page, system-wide physical 32489M (19644M free)
TotalPageFile size 34537M (AvailPageFile size 17181M)
current process WorkingSet (physical memory assigned to process): 200M, peak: 201M
current process commit charge ("private bytes"): 332M, peak: 334M

vm_info: OpenJDK 64-Bit Server VM (17.0.5+8) for windows-amd64 JRE (17.0.5+8), built on Oct 19 2022 04:48:13 by "temurin" with MS VC++ 16.7 (VS2019)

END.
